<?xml version="1.0" encoding="UTF-8"?>
<!-- Generated by org.testng.reporters.JUnitXMLReporter -->
<testsuite hostname="TanmayJ13401" name="TmpTest" tests="37" failures="0" timestamp="22 Jan 2019 09:05:42 GMT" time="86.096" errors="0">
  <testcase name="Testcase_placeAdvanceOrder_VerifyId" time="5.596" classname="lm.solution.PlaceOrderTests"/>
  <testcase name="Testcase_placeAdvanceOrder_verifyDistancesCount" time="1.251" classname="lm.solution.PlaceOrderTests"/>
  <testcase name="Testcase_placeAdvanceOrder_verifyFareAboveTwoKms" time="1.241" classname="lm.solution.PlaceOrderTests"/>
  <testcase name="Testcase_placeAdvanceOrder_verifyFareAboveTwoKms_NightCharges" time="1.249" classname="lm.solution.PlaceOrderTests"/>
  <testcase name="Testcase_placeAdvanceOrder_verifyFareBelowTwoKms" time="1.284" classname="lm.solution.PlaceOrderTests"/>
  <testcase name="Testcase_placeAdvanceOrder_verifyFareBelowTwoKms_NightCharges" time="1.248" classname="lm.solution.PlaceOrderTests"/>
  <testcase name="Testcase_placeOrder_verifyCurrency" time="1.243" classname="lm.solution.PlaceOrderTests"/>
  <testcase name="Testcase_placeOrder_verifyDistancesCount" time="1.246" classname="lm.solution.PlaceOrderTests"/>
  <testcase name="Testcase_placeOrder_verifyFareAboveTwoKms" time="1.221" classname="lm.solution.PlaceOrderTests"/>
  <testcase name="Testcase_placeOrder_verifyFareBelowTwoKms" time="1.281" classname="lm.solution.PlaceOrderTests"/>
  <testcase name="Testcase_placeOrder_verifyID" time="1.248" classname="lm.solution.PlaceOrderTests"/>
  <testcase name="Testcase_placeOrder_verifySingleStopValue" time="1.01" classname="lm.solution.PlaceOrderTests"/>
  <testcase name="TestCase_Fetch_Order_VerifyDrivingDistances_ValidID" time="2.252" classname="lm.solution.FetchOrderTests"/>
  <testcase name="TestCase_Fetch_Order_VerifyErrorMessage_InvalidID" time="2.254" classname="lm.solution.FetchOrderTests"/>
  <testcase name="TestCase_Fetch_Order_VerifyFareAmount_ValidID" time="2.198" classname="lm.solution.FetchOrderTests"/>
  <testcase name="TestCase_Fetch_Order_VerifyOrderStatusForPlacedOrder" time="2.247" classname="lm.solution.FetchOrderTests"/>
  <testcase name="TestCase_Fetch_Order_VerifyStatusCode_InvalidID" time="2.18" classname="lm.solution.FetchOrderTests"/>
  <testcase name="TestCase_Fetch_Order_VerifyStatusCode_ValidID" time="2.26" classname="lm.solution.FetchOrderTests"/>
  <testcase name="TestCase_Fetch_Order_VerifyStopsCounts_ValidID" time="2.243" classname="lm.solution.FetchOrderTests"/>
  <testcase name="TestCase_Take_Order_VerifyErrorMessage_InvalidID" time="2.304" classname="lm.solution.DriverTakeOrderTests"/>
  <testcase name="TestCase_Take_Order_VerifyOrderStatus_ValidID" time="2.25" classname="lm.solution.DriverTakeOrderTests"/>
  <testcase name="TestCase_Take_Order_VerifyStatusCode_InvalidFlow" time="3.267" classname="lm.solution.DriverTakeOrderTests"/>
  <testcase name="TestCase_Take_Order_VerifyStatusCode_InvalidID" time="2.182" classname="lm.solution.DriverTakeOrderTests"/>
  <testcase name="TestCase_Take_Order_VerifyStatusCode_ValidID" time="2.154" classname="lm.solution.DriverTakeOrderTests"/>
  <testcase name="TestCase_Complete_Order_VerifyErrorMessage_InvalidID" time="3.269" classname="lm.solution.DriverCompleteOrderTests"/>
  <testcase name="TestCase_Complete_Order_VerifyOrderStatus_InvalidFlow_AssignedToComplete" time="2.28" classname="lm.solution.DriverCompleteOrderTests"/>
  <testcase name="TestCase_Complete_Order_VerifyOrderStatus_ValidID" time="3.284" classname="lm.solution.DriverCompleteOrderTests"/>
  <testcase name="TestCase_Complete_Order_VerifyStatusCode_InvalidFlow" time="3.255" classname="lm.solution.DriverCompleteOrderTests"/>
  <testcase name="TestCase_Complete_Order_VerifyStatusCode_InvalidID" time="3.257" classname="lm.solution.DriverCompleteOrderTests"/>
  <testcase name="TestCase_Complete_Order_VerifyStatusCode_ValidID" time="3.236" classname="lm.solution.DriverCompleteOrderTests"/>
  <testcase name="TestCase_Cancel_Order_VerifyErrorMessage_InvalidID" time="2.277" classname="lm.solution.CancelOrderTests"/>
  <testcase name="TestCase_Cancel_Order_VerifyOrderstatus_ValidID_AfterPlaceOrder" time="2.261" classname="lm.solution.CancelOrderTests"/>
  <testcase name="TestCase_Cancel_Order_VerifyOrderstatus_ValidID_AfterTakeOrder" time="3.281" classname="lm.solution.CancelOrderTests"/>
  <testcase name="TestCase_Cancel_Order_VerifyStatusCode_InvalidID" time="2.19" classname="lm.solution.CancelOrderTests"/>
  <testcase name="TestCase_Cancel_Order_VerifyStatusCode_ValidID_AfterPlaceOrder" time="2.868" classname="lm.solution.CancelOrderTests"/>
  <testcase name="TestCase_Cancel_Order_VerifyStatusCode_ValidID_AfterTakeOrder" time="3.329" classname="lm.solution.CancelOrderTests"/>
  <testcase name="TestCase_cancel_Order_VerifyStatusCode_InvalidFlow" time="4.336" classname="lm.solution.CancelOrderTests"/>
</testsuite> <!-- TmpTest -->
