<?xml version="1.0" encoding="UTF-8"?>
<!-- Generated by org.testng.reporters.JUnitXMLReporter -->
<testsuite hostname="TanmayJ13401" name="TmpTest" tests="22" failures="0" timestamp="18 Jan 2019 12:34:26 GMT" time="6.683" errors="0">
  <testcase name="Testcase_placeAdvanceOrder_VerifyId" time="2.259" classname="lm.lmSolution.PlaceOrderTests"/>
  <testcase name="Testcase_placeAdvanceOrder_verifyDistancesCount" time="0.209" classname="lm.lmSolution.PlaceOrderTests"/>
  <testcase name="Testcase_placeAdvanceOrder_verifyFareAboveTwoKms" time="0.178" classname="lm.lmSolution.PlaceOrderTests"/>
  <testcase name="Testcase_placeAdvanceOrder_verifyFareAboveTwoKms_NightCharges" time="0.182" classname="lm.lmSolution.PlaceOrderTests"/>
  <testcase name="Testcase_placeAdvanceOrder_verifyFareBelowTwoKms" time="0.166" classname="lm.lmSolution.PlaceOrderTests"/>
  <testcase name="Testcase_placeAdvanceOrder_verifyFareBelowTwoKms_NightCharges" time="0.165" classname="lm.lmSolution.PlaceOrderTests"/>
  <testcase name="Testcase_placeOrder_verifyDistancesCount" time="0.215" classname="lm.lmSolution.PlaceOrderTests"/>
  <testcase name="Testcase_placeOrder_verifyFareAboveTwoKms" time="0.182" classname="lm.lmSolution.PlaceOrderTests"/>
  <testcase name="Testcase_placeOrder_verifyFareBelowTwoKms" time="0.166" classname="lm.lmSolution.PlaceOrderTests"/>
  <testcase name="Testcase_placeOrder_verifyID" time="0.207" classname="lm.lmSolution.PlaceOrderTests"/>
  <testcase name="TestCase_Fetch_Order_VerifyStatusCode_InvalidID" time="0.22" classname="lm.lmSolution.FetchOrderTests"/>
  <testcase name="TestCase_Fetch_Order_VerifyStatusCode_ValidID" time="0.219" classname="lm.lmSolution.FetchOrderTests"/>
  <testcase name="TestCase_Take_Order_VerifyStatusCode_InvalidFlow" time="0.232" classname="lm.lmSolution.DriverTakeOrderTests"/>
  <testcase name="TestCase_Take_Order_VerifyStatusCode_InvalidID" time="0.213" classname="lm.lmSolution.DriverTakeOrderTests"/>
  <testcase name="TestCase_Take_Order_VerifyStatusCode_ValidID" time="0.221" classname="lm.lmSolution.DriverTakeOrderTests"/>
  <testcase name="TestCase_Complete_Order_VerifyStatusCode_InvalidFlow" time="0.233" classname="lm.lmSolution.DriverCompleteOrderTests"/>
  <testcase name="TestCase_Complete_Order_VerifyStatusCode_InvalidID" time="0.236" classname="lm.lmSolution.DriverCompleteOrderTests"/>
  <testcase name="TestCase_Complete_Order_VerifyStatusCode_ValidID" time="0.235" classname="lm.lmSolution.DriverCompleteOrderTests"/>
  <testcase name="TestCase_Cancel_Order_VerifyStatusCode_InvalidID" time="0.216" classname="lm.lmSolution.CancelOrderTests"/>
  <testcase name="TestCase_Cancel_Order_VerifyStatusCode_ValidID_AfterPlaceOrder" time="0.217" classname="lm.lmSolution.CancelOrderTests"/>
  <testcase name="TestCase_Cancel_Order_VerifyStatusCode_ValidID_AfterTakeOrder" time="0.226" classname="lm.lmSolution.CancelOrderTests"/>
  <testcase name="TestCase_cancel_Order_VerifyStatusCode_InvalidFlow" time="0.238" classname="lm.lmSolution.CancelOrderTests"/>
</testsuite> <!-- TmpTest -->
