<?xml version="1.0" encoding="UTF-8"?>
<!-- Generated by org.testng.reporters.JUnitXMLReporter -->
<testsuite hostname="TanmayJ13401" name="Default test" tests="10" failures="0" timestamp="17 Jan 2019 05:43:58 GMT" time="3.838" errors="0">
  <testcase name="Testcase_placeAdvanceOrder_VerifyId" time="1.671" classname="lalamove.lalamoveSolution.PlaceOrderTests"/>
  <testcase name="Testcase_placeAdvanceOrder_verifyDistancesCount" time="0.226" classname="lalamove.lalamoveSolution.PlaceOrderTests"/>
  <testcase name="Testcase_placeAdvanceOrder_verifyFareAboveTwoKms" time="0.231" classname="lalamove.lalamoveSolution.PlaceOrderTests"/>
  <testcase name="Testcase_placeAdvanceOrder_verifyFareAboveTwoKms_NightCharges" time="0.235" classname="lalamove.lalamoveSolution.PlaceOrderTests"/>
  <testcase name="Testcase_placeAdvanceOrder_verifyFareBelowTwoKms" time="0.276" classname="lalamove.lalamoveSolution.PlaceOrderTests"/>
  <testcase name="Testcase_placeAdvanceOrder_verifyFareBelowTwoKms_NightCharges" time="0.23" classname="lalamove.lalamoveSolution.PlaceOrderTests"/>
  <testcase name="Testcase_placeOrder_verifyDistancesCount" time="0.238" classname="lalamove.lalamoveSolution.PlaceOrderTests"/>
  <testcase name="Testcase_placeOrder_verifyFareAboveTwoKms" time="0.232" classname="lalamove.lalamoveSolution.PlaceOrderTests"/>
  <testcase name="Testcase_placeOrder_verifyFareBelowTwoKms" time="0.239" classname="lalamove.lalamoveSolution.PlaceOrderTests"/>
  <testcase name="Testcase_placeOrder_verifyID" time="0.233" classname="lalamove.lalamoveSolution.PlaceOrderTests"/>
</testsuite> <!-- Default test -->
