<?xml version="1.0" encoding="UTF-8"?>
<testng-results skipped="0" failed="0" total="22" passed="22">
  <reporter-output>
  </reporter-output>
  <suite name="TmpSuite" duration-ms="7793" started-at="2019-01-17T12:48:56Z" finished-at="2019-01-17T12:49:04Z">
    <groups>
    </groups>
    <test name="TmpTest" duration-ms="7793" started-at="2019-01-17T12:48:56Z" finished-at="2019-01-17T12:49:04Z">
      <class name="lm.lmSolution.FetchOrderTests">
        <test-method status="PASS" signature="beforeMethod(java.lang.reflect.Method)[pri:0, instance:lm.lmSolution.FetchOrderTests@2e5c649]" name="beforeMethod" is-config="true" duration-ms="1" started-at="2019-01-17T18:19:01Z" finished-at="2019-01-17T18:19:01Z">
          <params>
            <param index="0">
              <value>
                <![CDATA[public void lm.lmSolution.FetchOrderTests.TestCase_Fetch_Order_VerifyStatusCode_InvalidID()]]>
              </value>
            </param>
          </params>
          <reporter-output>
          </reporter-output>
        </test-method> <!-- beforeMethod -->
        <test-method status="PASS" signature="TestCase_Fetch_Order_VerifyStatusCode_InvalidID()[pri:0, instance:lm.lmSolution.FetchOrderTests@2e5c649]" name="TestCase_Fetch_Order_VerifyStatusCode_InvalidID" duration-ms="222" started-at="2019-01-17T18:19:01Z" finished-at="2019-01-17T18:19:02Z">
          <reporter-output>
          </reporter-output>
        </test-method> <!-- TestCase_Fetch_Order_VerifyStatusCode_InvalidID -->
        <test-method status="PASS" signature="afterMethod(org.testng.ITestResult)[pri:0, instance:lm.lmSolution.FetchOrderTests@2e5c649]" name="afterMethod" is-config="true" duration-ms="0" started-at="2019-01-17T18:19:02Z" finished-at="2019-01-17T18:19:02Z">
          <params>
            <param index="0">
              <value>
                <![CDATA[[TestResult name=TestCase_Fetch_Order_VerifyStatusCode_InvalidID status=SUCCESS method=FetchOrderTests.TestCase_Fetch_Order_VerifyStatusCode_InvalidID()[pri:0, instance:lm.lmSolution.FetchOrderTests@2e5c649] output={null}]]]>
              </value>
            </param>
          </params>
          <reporter-output>
          </reporter-output>
        </test-method> <!-- afterMethod -->
        <test-method status="PASS" signature="beforeMethod(java.lang.reflect.Method)[pri:0, instance:lm.lmSolution.FetchOrderTests@2e5c649]" name="beforeMethod" is-config="true" duration-ms="0" started-at="2019-01-17T18:19:02Z" finished-at="2019-01-17T18:19:02Z">
          <params>
            <param index="0">
              <value>
                <![CDATA[public void lm.lmSolution.FetchOrderTests.TestCase_Fetch_Order_VerifyStatusCode_ValidID()]]>
              </value>
            </param>
          </params>
          <reporter-output>
          </reporter-output>
        </test-method> <!-- beforeMethod -->
        <test-method status="PASS" signature="TestCase_Fetch_Order_VerifyStatusCode_ValidID()[pri:0, instance:lm.lmSolution.FetchOrderTests@2e5c649]" name="TestCase_Fetch_Order_VerifyStatusCode_ValidID" duration-ms="219" started-at="2019-01-17T18:19:02Z" finished-at="2019-01-17T18:19:02Z">
          <reporter-output>
          </reporter-output>
        </test-method> <!-- TestCase_Fetch_Order_VerifyStatusCode_ValidID -->
        <test-method status="PASS" signature="afterMethod(org.testng.ITestResult)[pri:0, instance:lm.lmSolution.FetchOrderTests@2e5c649]" name="afterMethod" is-config="true" duration-ms="1" started-at="2019-01-17T18:19:02Z" finished-at="2019-01-17T18:19:02Z">
          <params>
            <param index="0">
              <value>
                <![CDATA[[TestResult name=TestCase_Fetch_Order_VerifyStatusCode_ValidID status=SUCCESS method=FetchOrderTests.TestCase_Fetch_Order_VerifyStatusCode_ValidID()[pri:0, instance:lm.lmSolution.FetchOrderTests@2e5c649] output={null}]]]>
              </value>
            </param>
          </params>
          <reporter-output>
          </reporter-output>
        </test-method> <!-- afterMethod -->
      </class> <!-- lm.lmSolution.FetchOrderTests -->
      <class name="lm.lmSolution.DriverCompleteOrderTests">
        <test-method status="PASS" signature="TestCase_Complete_Order_VerifyStatusCode_InvalidFlow()[pri:0, instance:lm.lmSolution.DriverCompleteOrderTests@136432db]" name="TestCase_Complete_Order_VerifyStatusCode_InvalidFlow" duration-ms="242" started-at="2019-01-17T18:19:02Z" finished-at="2019-01-17T18:19:03Z">
          <reporter-output>
          </reporter-output>
        </test-method> <!-- TestCase_Complete_Order_VerifyStatusCode_InvalidFlow -->
        <test-method status="PASS" signature="beforeMethod(java.lang.reflect.Method)[pri:0, instance:lm.lmSolution.DriverCompleteOrderTests@136432db]" name="beforeMethod" is-config="true" duration-ms="0" started-at="2019-01-17T18:19:02Z" finished-at="2019-01-17T18:19:02Z">
          <params>
            <param index="0">
              <value>
                <![CDATA[public void lm.lmSolution.DriverCompleteOrderTests.TestCase_Complete_Order_VerifyStatusCode_InvalidFlow()]]>
              </value>
            </param>
          </params>
          <reporter-output>
          </reporter-output>
        </test-method> <!-- beforeMethod -->
        <test-method status="PASS" signature="TestCase_Complete_Order_VerifyStatusCode_InvalidID()[pri:0, instance:lm.lmSolution.DriverCompleteOrderTests@136432db]" name="TestCase_Complete_Order_VerifyStatusCode_InvalidID" duration-ms="261" started-at="2019-01-17T18:19:03Z" finished-at="2019-01-17T18:19:03Z">
          <reporter-output>
          </reporter-output>
        </test-method> <!-- TestCase_Complete_Order_VerifyStatusCode_InvalidID -->
        <test-method status="PASS" signature="afterMethod(org.testng.ITestResult)[pri:0, instance:lm.lmSolution.DriverCompleteOrderTests@136432db]" name="afterMethod" is-config="true" duration-ms="0" started-at="2019-01-17T18:19:03Z" finished-at="2019-01-17T18:19:03Z">
          <params>
            <param index="0">
              <value>
                <![CDATA[[TestResult name=TestCase_Complete_Order_VerifyStatusCode_InvalidFlow status=SUCCESS method=DriverCompleteOrderTests.TestCase_Complete_Order_VerifyStatusCode_InvalidFlow()[pri:0, instance:lm.lmSolution.DriverCompleteOrderTests@136432db] output={null}]]]>
              </value>
            </param>
          </params>
          <reporter-output>
          </reporter-output>
        </test-method> <!-- afterMethod -->
        <test-method status="PASS" signature="beforeMethod(java.lang.reflect.Method)[pri:0, instance:lm.lmSolution.DriverCompleteOrderTests@136432db]" name="beforeMethod" is-config="true" duration-ms="0" started-at="2019-01-17T18:19:03Z" finished-at="2019-01-17T18:19:03Z">
          <params>
            <param index="0">
              <value>
                <![CDATA[public void lm.lmSolution.DriverCompleteOrderTests.TestCase_Complete_Order_VerifyStatusCode_InvalidID()]]>
              </value>
            </param>
          </params>
          <reporter-output>
          </reporter-output>
        </test-method> <!-- beforeMethod -->
        <test-method status="PASS" signature="beforeMethod(java.lang.reflect.Method)[pri:0, instance:lm.lmSolution.DriverCompleteOrderTests@136432db]" name="beforeMethod" is-config="true" duration-ms="1" started-at="2019-01-17T18:19:03Z" finished-at="2019-01-17T18:19:03Z">
          <params>
            <param index="0">
              <value>
                <![CDATA[public void lm.lmSolution.DriverCompleteOrderTests.TestCase_Complete_Order_VerifyStatusCode_ValidID()]]>
              </value>
            </param>
          </params>
          <reporter-output>
          </reporter-output>
        </test-method> <!-- beforeMethod -->
        <test-method status="PASS" signature="afterMethod(org.testng.ITestResult)[pri:0, instance:lm.lmSolution.DriverCompleteOrderTests@136432db]" name="afterMethod" is-config="true" duration-ms="0" started-at="2019-01-17T18:19:03Z" finished-at="2019-01-17T18:19:03Z">
          <params>
            <param index="0">
              <value>
                <![CDATA[[TestResult name=TestCase_Complete_Order_VerifyStatusCode_InvalidID status=SUCCESS method=DriverCompleteOrderTests.TestCase_Complete_Order_VerifyStatusCode_InvalidID()[pri:0, instance:lm.lmSolution.DriverCompleteOrderTests@136432db] output={null}]]]>
              </value>
            </param>
          </params>
          <reporter-output>
          </reporter-output>
        </test-method> <!-- afterMethod -->
        <test-method status="PASS" signature="TestCase_Complete_Order_VerifyStatusCode_ValidID()[pri:0, instance:lm.lmSolution.DriverCompleteOrderTests@136432db]" name="TestCase_Complete_Order_VerifyStatusCode_ValidID" duration-ms="239" started-at="2019-01-17T18:19:03Z" finished-at="2019-01-17T18:19:03Z">
          <reporter-output>
          </reporter-output>
        </test-method> <!-- TestCase_Complete_Order_VerifyStatusCode_ValidID -->
        <test-method status="PASS" signature="afterMethod(org.testng.ITestResult)[pri:0, instance:lm.lmSolution.DriverCompleteOrderTests@136432db]" name="afterMethod" is-config="true" duration-ms="0" started-at="2019-01-17T18:19:03Z" finished-at="2019-01-17T18:19:03Z">
          <params>
            <param index="0">
              <value>
                <![CDATA[[TestResult name=TestCase_Complete_Order_VerifyStatusCode_ValidID status=SUCCESS method=DriverCompleteOrderTests.TestCase_Complete_Order_VerifyStatusCode_ValidID()[pri:0, instance:lm.lmSolution.DriverCompleteOrderTests@136432db] output={null}]]]>
              </value>
            </param>
          </params>
          <reporter-output>
          </reporter-output>
        </test-method> <!-- afterMethod -->
      </class> <!-- lm.lmSolution.DriverCompleteOrderTests -->
      <class name="lm.lmSolution.PlaceOrderTests">
        <test-method status="PASS" signature="beforeMethod(java.lang.reflect.Method)[pri:0, instance:lm.lmSolution.PlaceOrderTests@12bb4df8]" name="beforeMethod" is-config="true" duration-ms="5" started-at="2019-01-17T18:18:56Z" finished-at="2019-01-17T18:18:56Z">
          <params>
            <param index="0">
              <value>
                <![CDATA[public void lm.lmSolution.PlaceOrderTests.Testcase_placeAdvanceOrder_VerifyId()]]>
              </value>
            </param>
          </params>
          <reporter-output>
          </reporter-output>
        </test-method> <!-- beforeMethod -->
        <test-method status="PASS" signature="Testcase_placeAdvanceOrder_VerifyId()[pri:0, instance:lm.lmSolution.PlaceOrderTests@12bb4df8]" name="Testcase_placeAdvanceOrder_VerifyId" duration-ms="3315" started-at="2019-01-17T18:18:56Z" finished-at="2019-01-17T18:19:00Z">
          <reporter-output>
          </reporter-output>
        </test-method> <!-- Testcase_placeAdvanceOrder_VerifyId -->
        <test-method status="PASS" signature="afterMethod(org.testng.ITestResult)[pri:0, instance:lm.lmSolution.PlaceOrderTests@12bb4df8]" name="afterMethod" is-config="true" duration-ms="1" started-at="2019-01-17T18:19:00Z" finished-at="2019-01-17T18:19:00Z">
          <params>
            <param index="0">
              <value>
                <![CDATA[[TestResult name=Testcase_placeAdvanceOrder_VerifyId status=SUCCESS method=PlaceOrderTests.Testcase_placeAdvanceOrder_VerifyId()[pri:0, instance:lm.lmSolution.PlaceOrderTests@12bb4df8] output={null}]]]>
              </value>
            </param>
          </params>
          <reporter-output>
          </reporter-output>
        </test-method> <!-- afterMethod -->
        <test-method status="PASS" signature="Testcase_placeAdvanceOrder_verifyDistancesCount()[pri:0, instance:lm.lmSolution.PlaceOrderTests@12bb4df8]" name="Testcase_placeAdvanceOrder_verifyDistancesCount" duration-ms="204" started-at="2019-01-17T18:19:00Z" finished-at="2019-01-17T18:19:00Z">
          <reporter-output>
          </reporter-output>
        </test-method> <!-- Testcase_placeAdvanceOrder_verifyDistancesCount -->
        <test-method status="PASS" signature="beforeMethod(java.lang.reflect.Method)[pri:0, instance:lm.lmSolution.PlaceOrderTests@12bb4df8]" name="beforeMethod" is-config="true" duration-ms="0" started-at="2019-01-17T18:19:00Z" finished-at="2019-01-17T18:19:00Z">
          <params>
            <param index="0">
              <value>
                <![CDATA[public void lm.lmSolution.PlaceOrderTests.Testcase_placeAdvanceOrder_verifyDistancesCount()]]>
              </value>
            </param>
          </params>
          <reporter-output>
          </reporter-output>
        </test-method> <!-- beforeMethod -->
        <test-method status="PASS" signature="afterMethod(org.testng.ITestResult)[pri:0, instance:lm.lmSolution.PlaceOrderTests@12bb4df8]" name="afterMethod" is-config="true" duration-ms="1" started-at="2019-01-17T18:19:00Z" finished-at="2019-01-17T18:19:00Z">
          <params>
            <param index="0">
              <value>
                <![CDATA[[TestResult name=Testcase_placeAdvanceOrder_verifyDistancesCount status=SUCCESS method=PlaceOrderTests.Testcase_placeAdvanceOrder_verifyDistancesCount()[pri:0, instance:lm.lmSolution.PlaceOrderTests@12bb4df8] output={null}]]]>
              </value>
            </param>
          </params>
          <reporter-output>
          </reporter-output>
        </test-method> <!-- afterMethod -->
        <test-method status="PASS" signature="beforeMethod(java.lang.reflect.Method)[pri:0, instance:lm.lmSolution.PlaceOrderTests@12bb4df8]" name="beforeMethod" is-config="true" duration-ms="0" started-at="2019-01-17T18:19:00Z" finished-at="2019-01-17T18:19:00Z">
          <params>
            <param index="0">
              <value>
                <![CDATA[public void lm.lmSolution.PlaceOrderTests.Testcase_placeAdvanceOrder_verifyFareAboveTwoKms()]]>
              </value>
            </param>
          </params>
          <reporter-output>
          </reporter-output>
        </test-method> <!-- beforeMethod -->
        <test-method status="PASS" signature="Testcase_placeAdvanceOrder_verifyFareAboveTwoKms()[pri:0, instance:lm.lmSolution.PlaceOrderTests@12bb4df8]" name="Testcase_placeAdvanceOrder_verifyFareAboveTwoKms" duration-ms="176" started-at="2019-01-17T18:19:00Z" finished-at="2019-01-17T18:19:00Z">
          <reporter-output>
          </reporter-output>
        </test-method> <!-- Testcase_placeAdvanceOrder_verifyFareAboveTwoKms -->
        <test-method status="PASS" signature="afterMethod(org.testng.ITestResult)[pri:0, instance:lm.lmSolution.PlaceOrderTests@12bb4df8]" name="afterMethod" is-config="true" duration-ms="1" started-at="2019-01-17T18:19:00Z" finished-at="2019-01-17T18:19:00Z">
          <params>
            <param index="0">
              <value>
                <![CDATA[[TestResult name=Testcase_placeAdvanceOrder_verifyFareAboveTwoKms status=SUCCESS method=PlaceOrderTests.Testcase_placeAdvanceOrder_verifyFareAboveTwoKms()[pri:0, instance:lm.lmSolution.PlaceOrderTests@12bb4df8] output={null}]]]>
              </value>
            </param>
          </params>
          <reporter-output>
          </reporter-output>
        </test-method> <!-- afterMethod -->
        <test-method status="PASS" signature="Testcase_placeAdvanceOrder_verifyFareAboveTwoKms_NightCharges()[pri:0, instance:lm.lmSolution.PlaceOrderTests@12bb4df8]" name="Testcase_placeAdvanceOrder_verifyFareAboveTwoKms_NightCharges" duration-ms="177" started-at="2019-01-17T18:19:00Z" finished-at="2019-01-17T18:19:00Z">
          <reporter-output>
          </reporter-output>
        </test-method> <!-- Testcase_placeAdvanceOrder_verifyFareAboveTwoKms_NightCharges -->
        <test-method status="PASS" signature="beforeMethod(java.lang.reflect.Method)[pri:0, instance:lm.lmSolution.PlaceOrderTests@12bb4df8]" name="beforeMethod" is-config="true" duration-ms="0" started-at="2019-01-17T18:19:00Z" finished-at="2019-01-17T18:19:00Z">
          <params>
            <param index="0">
              <value>
                <![CDATA[public void lm.lmSolution.PlaceOrderTests.Testcase_placeAdvanceOrder_verifyFareAboveTwoKms_NightCharges()]]>
              </value>
            </param>
          </params>
          <reporter-output>
          </reporter-output>
        </test-method> <!-- beforeMethod -->
        <test-method status="PASS" signature="afterMethod(org.testng.ITestResult)[pri:0, instance:lm.lmSolution.PlaceOrderTests@12bb4df8]" name="afterMethod" is-config="true" duration-ms="0" started-at="2019-01-17T18:19:00Z" finished-at="2019-01-17T18:19:00Z">
          <params>
            <param index="0">
              <value>
                <![CDATA[[TestResult name=Testcase_placeAdvanceOrder_verifyFareAboveTwoKms_NightCharges status=SUCCESS method=PlaceOrderTests.Testcase_placeAdvanceOrder_verifyFareAboveTwoKms_NightCharges()[pri:0, instance:lm.lmSolution.PlaceOrderTests@12bb4df8] output={null}]]]>
              </value>
            </param>
          </params>
          <reporter-output>
          </reporter-output>
        </test-method> <!-- afterMethod -->
        <test-method status="PASS" signature="beforeMethod(java.lang.reflect.Method)[pri:0, instance:lm.lmSolution.PlaceOrderTests@12bb4df8]" name="beforeMethod" is-config="true" duration-ms="1" started-at="2019-01-17T18:19:00Z" finished-at="2019-01-17T18:19:00Z">
          <params>
            <param index="0">
              <value>
                <![CDATA[public void lm.lmSolution.PlaceOrderTests.Testcase_placeAdvanceOrder_verifyFareBelowTwoKms()]]>
              </value>
            </param>
          </params>
          <reporter-output>
          </reporter-output>
        </test-method> <!-- beforeMethod -->
        <test-method status="PASS" signature="Testcase_placeAdvanceOrder_verifyFareBelowTwoKms()[pri:0, instance:lm.lmSolution.PlaceOrderTests@12bb4df8]" name="Testcase_placeAdvanceOrder_verifyFareBelowTwoKms" duration-ms="178" started-at="2019-01-17T18:19:00Z" finished-at="2019-01-17T18:19:00Z">
          <reporter-output>
          </reporter-output>
        </test-method> <!-- Testcase_placeAdvanceOrder_verifyFareBelowTwoKms -->
        <test-method status="PASS" signature="afterMethod(org.testng.ITestResult)[pri:0, instance:lm.lmSolution.PlaceOrderTests@12bb4df8]" name="afterMethod" is-config="true" duration-ms="1" started-at="2019-01-17T18:19:00Z" finished-at="2019-01-17T18:19:00Z">
          <params>
            <param index="0">
              <value>
                <![CDATA[[TestResult name=Testcase_placeAdvanceOrder_verifyFareBelowTwoKms status=SUCCESS method=PlaceOrderTests.Testcase_placeAdvanceOrder_verifyFareBelowTwoKms()[pri:0, instance:lm.lmSolution.PlaceOrderTests@12bb4df8] output={null}]]]>
              </value>
            </param>
          </params>
          <reporter-output>
          </reporter-output>
        </test-method> <!-- afterMethod -->
        <test-method status="PASS" signature="beforeMethod(java.lang.reflect.Method)[pri:0, instance:lm.lmSolution.PlaceOrderTests@12bb4df8]" name="beforeMethod" is-config="true" duration-ms="0" started-at="2019-01-17T18:19:00Z" finished-at="2019-01-17T18:19:00Z">
          <params>
            <param index="0">
              <value>
                <![CDATA[public void lm.lmSolution.PlaceOrderTests.Testcase_placeAdvanceOrder_verifyFareBelowTwoKms_NightCharges()]]>
              </value>
            </param>
          </params>
          <reporter-output>
          </reporter-output>
        </test-method> <!-- beforeMethod -->
        <test-method status="PASS" signature="Testcase_placeAdvanceOrder_verifyFareBelowTwoKms_NightCharges()[pri:0, instance:lm.lmSolution.PlaceOrderTests@12bb4df8]" name="Testcase_placeAdvanceOrder_verifyFareBelowTwoKms_NightCharges" duration-ms="167" started-at="2019-01-17T18:19:00Z" finished-at="2019-01-17T18:19:01Z">
          <reporter-output>
          </reporter-output>
        </test-method> <!-- Testcase_placeAdvanceOrder_verifyFareBelowTwoKms_NightCharges -->
        <test-method status="PASS" signature="afterMethod(org.testng.ITestResult)[pri:0, instance:lm.lmSolution.PlaceOrderTests@12bb4df8]" name="afterMethod" is-config="true" duration-ms="0" started-at="2019-01-17T18:19:01Z" finished-at="2019-01-17T18:19:01Z">
          <params>
            <param index="0">
              <value>
                <![CDATA[[TestResult name=Testcase_placeAdvanceOrder_verifyFareBelowTwoKms_NightCharges status=SUCCESS method=PlaceOrderTests.Testcase_placeAdvanceOrder_verifyFareBelowTwoKms_NightCharges()[pri:0, instance:lm.lmSolution.PlaceOrderTests@12bb4df8] output={null}]]]>
              </value>
            </param>
          </params>
          <reporter-output>
          </reporter-output>
        </test-method> <!-- afterMethod -->
        <test-method status="PASS" signature="Testcase_placeOrder_verifyDistancesCount()[pri:0, instance:lm.lmSolution.PlaceOrderTests@12bb4df8]" name="Testcase_placeOrder_verifyDistancesCount" duration-ms="205" started-at="2019-01-17T18:19:01Z" finished-at="2019-01-17T18:19:01Z">
          <reporter-output>
          </reporter-output>
        </test-method> <!-- Testcase_placeOrder_verifyDistancesCount -->
        <test-method status="PASS" signature="beforeMethod(java.lang.reflect.Method)[pri:0, instance:lm.lmSolution.PlaceOrderTests@12bb4df8]" name="beforeMethod" is-config="true" duration-ms="0" started-at="2019-01-17T18:19:01Z" finished-at="2019-01-17T18:19:01Z">
          <params>
            <param index="0">
              <value>
                <![CDATA[public void lm.lmSolution.PlaceOrderTests.Testcase_placeOrder_verifyDistancesCount()]]>
              </value>
            </param>
          </params>
          <reporter-output>
          </reporter-output>
        </test-method> <!-- beforeMethod -->
        <test-method status="PASS" signature="afterMethod(org.testng.ITestResult)[pri:0, instance:lm.lmSolution.PlaceOrderTests@12bb4df8]" name="afterMethod" is-config="true" duration-ms="1" started-at="2019-01-17T18:19:01Z" finished-at="2019-01-17T18:19:01Z">
          <params>
            <param index="0">
              <value>
                <![CDATA[[TestResult name=Testcase_placeOrder_verifyDistancesCount status=SUCCESS method=PlaceOrderTests.Testcase_placeOrder_verifyDistancesCount()[pri:0, instance:lm.lmSolution.PlaceOrderTests@12bb4df8] output={null}]]]>
              </value>
            </param>
          </params>
          <reporter-output>
          </reporter-output>
        </test-method> <!-- afterMethod -->
        <test-method status="PASS" signature="beforeMethod(java.lang.reflect.Method)[pri:0, instance:lm.lmSolution.PlaceOrderTests@12bb4df8]" name="beforeMethod" is-config="true" duration-ms="0" started-at="2019-01-17T18:19:01Z" finished-at="2019-01-17T18:19:01Z">
          <params>
            <param index="0">
              <value>
                <![CDATA[public void lm.lmSolution.PlaceOrderTests.Testcase_placeOrder_verifyFareAboveTwoKms()]]>
              </value>
            </param>
          </params>
          <reporter-output>
          </reporter-output>
        </test-method> <!-- beforeMethod -->
        <test-method status="PASS" signature="Testcase_placeOrder_verifyFareAboveTwoKms()[pri:0, instance:lm.lmSolution.PlaceOrderTests@12bb4df8]" name="Testcase_placeOrder_verifyFareAboveTwoKms" duration-ms="178" started-at="2019-01-17T18:19:01Z" finished-at="2019-01-17T18:19:01Z">
          <reporter-output>
          </reporter-output>
        </test-method> <!-- Testcase_placeOrder_verifyFareAboveTwoKms -->
        <test-method status="PASS" signature="afterMethod(org.testng.ITestResult)[pri:0, instance:lm.lmSolution.PlaceOrderTests@12bb4df8]" name="afterMethod" is-config="true" duration-ms="1" started-at="2019-01-17T18:19:01Z" finished-at="2019-01-17T18:19:01Z">
          <params>
            <param index="0">
              <value>
                <![CDATA[[TestResult name=Testcase_placeOrder_verifyFareAboveTwoKms status=SUCCESS method=PlaceOrderTests.Testcase_placeOrder_verifyFareAboveTwoKms()[pri:0, instance:lm.lmSolution.PlaceOrderTests@12bb4df8] output={null}]]]>
              </value>
            </param>
          </params>
          <reporter-output>
          </reporter-output>
        </test-method> <!-- afterMethod -->
        <test-method status="PASS" signature="beforeMethod(java.lang.reflect.Method)[pri:0, instance:lm.lmSolution.PlaceOrderTests@12bb4df8]" name="beforeMethod" is-config="true" duration-ms="0" started-at="2019-01-17T18:19:01Z" finished-at="2019-01-17T18:19:01Z">
          <params>
            <param index="0">
              <value>
                <![CDATA[public void lm.lmSolution.PlaceOrderTests.Testcase_placeOrder_verifyFareBelowTwoKms()]]>
              </value>
            </param>
          </params>
          <reporter-output>
          </reporter-output>
        </test-method> <!-- beforeMethod -->
        <test-method status="PASS" signature="Testcase_placeOrder_verifyFareBelowTwoKms()[pri:0, instance:lm.lmSolution.PlaceOrderTests@12bb4df8]" name="Testcase_placeOrder_verifyFareBelowTwoKms" duration-ms="163" started-at="2019-01-17T18:19:01Z" finished-at="2019-01-17T18:19:01Z">
          <reporter-output>
          </reporter-output>
        </test-method> <!-- Testcase_placeOrder_verifyFareBelowTwoKms -->
        <test-method status="PASS" signature="beforeMethod(java.lang.reflect.Method)[pri:0, instance:lm.lmSolution.PlaceOrderTests@12bb4df8]" name="beforeMethod" is-config="true" duration-ms="0" started-at="2019-01-17T18:19:01Z" finished-at="2019-01-17T18:19:01Z">
          <params>
            <param index="0">
              <value>
                <![CDATA[public void lm.lmSolution.PlaceOrderTests.Testcase_placeOrder_verifyID()]]>
              </value>
            </param>
          </params>
          <reporter-output>
          </reporter-output>
        </test-method> <!-- beforeMethod -->
        <test-method status="PASS" signature="Testcase_placeOrder_verifyID()[pri:0, instance:lm.lmSolution.PlaceOrderTests@12bb4df8]" name="Testcase_placeOrder_verifyID" duration-ms="204" started-at="2019-01-17T18:19:01Z" finished-at="2019-01-17T18:19:01Z">
          <reporter-output>
          </reporter-output>
        </test-method> <!-- Testcase_placeOrder_verifyID -->
        <test-method status="PASS" signature="afterMethod(org.testng.ITestResult)[pri:0, instance:lm.lmSolution.PlaceOrderTests@12bb4df8]" name="afterMethod" is-config="true" duration-ms="0" started-at="2019-01-17T18:19:01Z" finished-at="2019-01-17T18:19:01Z">
          <params>
            <param index="0">
              <value>
                <![CDATA[[TestResult name=Testcase_placeOrder_verifyFareBelowTwoKms status=SUCCESS method=PlaceOrderTests.Testcase_placeOrder_verifyFareBelowTwoKms()[pri:0, instance:lm.lmSolution.PlaceOrderTests@12bb4df8] output={null}]]]>
              </value>
            </param>
          </params>
          <reporter-output>
          </reporter-output>
        </test-method> <!-- afterMethod -->
        <test-method status="PASS" signature="afterMethod(org.testng.ITestResult)[pri:0, instance:lm.lmSolution.PlaceOrderTests@12bb4df8]" name="afterMethod" is-config="true" duration-ms="0" started-at="2019-01-17T18:19:01Z" finished-at="2019-01-17T18:19:01Z">
          <params>
            <param index="0">
              <value>
                <![CDATA[[TestResult name=Testcase_placeOrder_verifyID status=SUCCESS method=PlaceOrderTests.Testcase_placeOrder_verifyID()[pri:0, instance:lm.lmSolution.PlaceOrderTests@12bb4df8] output={null}]]]>
              </value>
            </param>
          </params>
          <reporter-output>
          </reporter-output>
        </test-method> <!-- afterMethod -->
      </class> <!-- lm.lmSolution.PlaceOrderTests -->
      <class name="lm.lmSolution.DriverTakeOrderTests">
        <test-method status="PASS" signature="beforeMethod(java.lang.reflect.Method)[pri:0, instance:lm.lmSolution.DriverTakeOrderTests@1055e4af]" name="beforeMethod" is-config="true" duration-ms="0" started-at="2019-01-17T18:19:02Z" finished-at="2019-01-17T18:19:02Z">
          <params>
            <param index="0">
              <value>
                <![CDATA[public void lm.lmSolution.DriverTakeOrderTests.TestCase_Take_Order_VerifyStatusCode_InvalidFlow()]]>
              </value>
            </param>
          </params>
          <reporter-output>
          </reporter-output>
        </test-method> <!-- beforeMethod -->
        <test-method status="PASS" signature="TestCase_Take_Order_VerifyStatusCode_InvalidFlow()[pri:0, instance:lm.lmSolution.DriverTakeOrderTests@1055e4af]" name="TestCase_Take_Order_VerifyStatusCode_InvalidFlow" duration-ms="240" started-at="2019-01-17T18:19:02Z" finished-at="2019-01-17T18:19:02Z">
          <reporter-output>
          </reporter-output>
        </test-method> <!-- TestCase_Take_Order_VerifyStatusCode_InvalidFlow -->
        <test-method status="PASS" signature="afterMethod(org.testng.ITestResult)[pri:0, instance:lm.lmSolution.DriverTakeOrderTests@1055e4af]" name="afterMethod" is-config="true" duration-ms="0" started-at="2019-01-17T18:19:02Z" finished-at="2019-01-17T18:19:02Z">
          <params>
            <param index="0">
              <value>
                <![CDATA[[TestResult name=TestCase_Take_Order_VerifyStatusCode_InvalidFlow status=SUCCESS method=DriverTakeOrderTests.TestCase_Take_Order_VerifyStatusCode_InvalidFlow()[pri:0, instance:lm.lmSolution.DriverTakeOrderTests@1055e4af] output={null}]]]>
              </value>
            </param>
          </params>
          <reporter-output>
          </reporter-output>
        </test-method> <!-- afterMethod -->
        <test-method status="PASS" signature="beforeMethod(java.lang.reflect.Method)[pri:0, instance:lm.lmSolution.DriverTakeOrderTests@1055e4af]" name="beforeMethod" is-config="true" duration-ms="1" started-at="2019-01-17T18:19:02Z" finished-at="2019-01-17T18:19:02Z">
          <params>
            <param index="0">
              <value>
                <![CDATA[public void lm.lmSolution.DriverTakeOrderTests.TestCase_Take_Order_VerifyStatusCode_InvalidID()]]>
              </value>
            </param>
          </params>
          <reporter-output>
          </reporter-output>
        </test-method> <!-- beforeMethod -->
        <test-method status="PASS" signature="TestCase_Take_Order_VerifyStatusCode_InvalidID()[pri:0, instance:lm.lmSolution.DriverTakeOrderTests@1055e4af]" name="TestCase_Take_Order_VerifyStatusCode_InvalidID" duration-ms="213" started-at="2019-01-17T18:19:02Z" finished-at="2019-01-17T18:19:02Z">
          <reporter-output>
          </reporter-output>
        </test-method> <!-- TestCase_Take_Order_VerifyStatusCode_InvalidID -->
        <test-method status="PASS" signature="afterMethod(org.testng.ITestResult)[pri:0, instance:lm.lmSolution.DriverTakeOrderTests@1055e4af]" name="afterMethod" is-config="true" duration-ms="0" started-at="2019-01-17T18:19:02Z" finished-at="2019-01-17T18:19:02Z">
          <params>
            <param index="0">
              <value>
                <![CDATA[[TestResult name=TestCase_Take_Order_VerifyStatusCode_InvalidID status=SUCCESS method=DriverTakeOrderTests.TestCase_Take_Order_VerifyStatusCode_InvalidID()[pri:0, instance:lm.lmSolution.DriverTakeOrderTests@1055e4af] output={null}]]]>
              </value>
            </param>
          </params>
          <reporter-output>
          </reporter-output>
        </test-method> <!-- afterMethod -->
        <test-method status="PASS" signature="TestCase_Take_Order_VerifyStatusCode_ValidID()[pri:0, instance:lm.lmSolution.DriverTakeOrderTests@1055e4af]" name="TestCase_Take_Order_VerifyStatusCode_ValidID" duration-ms="226" started-at="2019-01-17T18:19:02Z" finished-at="2019-01-17T18:19:02Z">
          <reporter-output>
          </reporter-output>
        </test-method> <!-- TestCase_Take_Order_VerifyStatusCode_ValidID -->
        <test-method status="PASS" signature="beforeMethod(java.lang.reflect.Method)[pri:0, instance:lm.lmSolution.DriverTakeOrderTests@1055e4af]" name="beforeMethod" is-config="true" duration-ms="0" started-at="2019-01-17T18:19:02Z" finished-at="2019-01-17T18:19:02Z">
          <params>
            <param index="0">
              <value>
                <![CDATA[public void lm.lmSolution.DriverTakeOrderTests.TestCase_Take_Order_VerifyStatusCode_ValidID()]]>
              </value>
            </param>
          </params>
          <reporter-output>
          </reporter-output>
        </test-method> <!-- beforeMethod -->
        <test-method status="PASS" signature="afterMethod(org.testng.ITestResult)[pri:0, instance:lm.lmSolution.DriverTakeOrderTests@1055e4af]" name="afterMethod" is-config="true" duration-ms="0" started-at="2019-01-17T18:19:02Z" finished-at="2019-01-17T18:19:02Z">
          <params>
            <param index="0">
              <value>
                <![CDATA[[TestResult name=TestCase_Take_Order_VerifyStatusCode_ValidID status=SUCCESS method=DriverTakeOrderTests.TestCase_Take_Order_VerifyStatusCode_ValidID()[pri:0, instance:lm.lmSolution.DriverTakeOrderTests@1055e4af] output={null}]]]>
              </value>
            </param>
          </params>
          <reporter-output>
          </reporter-output>
        </test-method> <!-- afterMethod -->
      </class> <!-- lm.lmSolution.DriverTakeOrderTests -->
      <class name="lm.lmSolution.CancelOrderTests">
        <test-method status="PASS" signature="beforeMethod(java.lang.reflect.Method)[pri:0, instance:lm.lmSolution.CancelOrderTests@7382f612]" name="beforeMethod" is-config="true" duration-ms="1" started-at="2019-01-17T18:19:03Z" finished-at="2019-01-17T18:19:03Z">
          <params>
            <param index="0">
              <value>
                <![CDATA[public void lm.lmSolution.CancelOrderTests.TestCase_Cancel_Order_VerifyStatusCode_InvalidID()]]>
              </value>
            </param>
          </params>
          <reporter-output>
          </reporter-output>
        </test-method> <!-- beforeMethod -->
        <test-method status="PASS" signature="TestCase_Cancel_Order_VerifyStatusCode_InvalidID()[pri:0, instance:lm.lmSolution.CancelOrderTests@7382f612]" name="TestCase_Cancel_Order_VerifyStatusCode_InvalidID" duration-ms="216" started-at="2019-01-17T18:19:03Z" finished-at="2019-01-17T18:19:03Z">
          <reporter-output>
          </reporter-output>
        </test-method> <!-- TestCase_Cancel_Order_VerifyStatusCode_InvalidID -->
        <test-method status="PASS" signature="afterMethod(org.testng.ITestResult)[pri:0, instance:lm.lmSolution.CancelOrderTests@7382f612]" name="afterMethod" is-config="true" duration-ms="0" started-at="2019-01-17T18:19:03Z" finished-at="2019-01-17T18:19:03Z">
          <params>
            <param index="0">
              <value>
                <![CDATA[[TestResult name=TestCase_Cancel_Order_VerifyStatusCode_InvalidID status=SUCCESS method=CancelOrderTests.TestCase_Cancel_Order_VerifyStatusCode_InvalidID()[pri:0, instance:lm.lmSolution.CancelOrderTests@7382f612] output={null}]]]>
              </value>
            </param>
          </params>
          <reporter-output>
          </reporter-output>
        </test-method> <!-- afterMethod -->
        <test-method status="PASS" signature="beforeMethod(java.lang.reflect.Method)[pri:0, instance:lm.lmSolution.CancelOrderTests@7382f612]" name="beforeMethod" is-config="true" duration-ms="1" started-at="2019-01-17T18:19:03Z" finished-at="2019-01-17T18:19:03Z">
          <params>
            <param index="0">
              <value>
                <![CDATA[public void lm.lmSolution.CancelOrderTests.TestCase_Cancel_Order_VerifyStatusCode_ValidID_AfterPlaceOrder()]]>
              </value>
            </param>
          </params>
          <reporter-output>
          </reporter-output>
        </test-method> <!-- beforeMethod -->
        <test-method status="PASS" signature="TestCase_Cancel_Order_VerifyStatusCode_ValidID_AfterPlaceOrder()[pri:0, instance:lm.lmSolution.CancelOrderTests@7382f612]" name="TestCase_Cancel_Order_VerifyStatusCode_ValidID_AfterPlaceOrder" duration-ms="215" started-at="2019-01-17T18:19:03Z" finished-at="2019-01-17T18:19:04Z">
          <reporter-output>
          </reporter-output>
        </test-method> <!-- TestCase_Cancel_Order_VerifyStatusCode_ValidID_AfterPlaceOrder -->
        <test-method status="PASS" signature="TestCase_Cancel_Order_VerifyStatusCode_ValidID_AfterTakeOrder()[pri:0, instance:lm.lmSolution.CancelOrderTests@7382f612]" name="TestCase_Cancel_Order_VerifyStatusCode_ValidID_AfterTakeOrder" duration-ms="246" started-at="2019-01-17T18:19:04Z" finished-at="2019-01-17T18:19:04Z">
          <reporter-output>
          </reporter-output>
        </test-method> <!-- TestCase_Cancel_Order_VerifyStatusCode_ValidID_AfterTakeOrder -->
        <test-method status="PASS" signature="beforeMethod(java.lang.reflect.Method)[pri:0, instance:lm.lmSolution.CancelOrderTests@7382f612]" name="beforeMethod" is-config="true" duration-ms="0" started-at="2019-01-17T18:19:04Z" finished-at="2019-01-17T18:19:04Z">
          <params>
            <param index="0">
              <value>
                <![CDATA[public void lm.lmSolution.CancelOrderTests.TestCase_Cancel_Order_VerifyStatusCode_ValidID_AfterTakeOrder()]]>
              </value>
            </param>
          </params>
          <reporter-output>
          </reporter-output>
        </test-method> <!-- beforeMethod -->
        <test-method status="PASS" signature="afterMethod(org.testng.ITestResult)[pri:0, instance:lm.lmSolution.CancelOrderTests@7382f612]" name="afterMethod" is-config="true" duration-ms="0" started-at="2019-01-17T18:19:04Z" finished-at="2019-01-17T18:19:04Z">
          <params>
            <param index="0">
              <value>
                <![CDATA[[TestResult name=TestCase_Cancel_Order_VerifyStatusCode_ValidID_AfterPlaceOrder status=SUCCESS method=CancelOrderTests.TestCase_Cancel_Order_VerifyStatusCode_ValidID_AfterPlaceOrder()[pri:0, instance:lm.lmSolution.CancelOrderTests@7382f612] output={null}]]]>
              </value>
            </param>
          </params>
          <reporter-output>
          </reporter-output>
        </test-method> <!-- afterMethod -->
        <test-method status="PASS" signature="TestCase_cancel_Order_VerifyStatusCode_InvalidFlow()[pri:0, instance:lm.lmSolution.CancelOrderTests@7382f612]" name="TestCase_cancel_Order_VerifyStatusCode_InvalidFlow" duration-ms="256" started-at="2019-01-17T18:19:04Z" finished-at="2019-01-17T18:19:04Z">
          <reporter-output>
          </reporter-output>
        </test-method> <!-- TestCase_cancel_Order_VerifyStatusCode_InvalidFlow -->
        <test-method status="PASS" signature="afterMethod(org.testng.ITestResult)[pri:0, instance:lm.lmSolution.CancelOrderTests@7382f612]" name="afterMethod" is-config="true" duration-ms="0" started-at="2019-01-17T18:19:04Z" finished-at="2019-01-17T18:19:04Z">
          <params>
            <param index="0">
              <value>
                <![CDATA[[TestResult name=TestCase_Cancel_Order_VerifyStatusCode_ValidID_AfterTakeOrder status=SUCCESS method=CancelOrderTests.TestCase_Cancel_Order_VerifyStatusCode_ValidID_AfterTakeOrder()[pri:0, instance:lm.lmSolution.CancelOrderTests@7382f612] output={null}]]]>
              </value>
            </param>
          </params>
          <reporter-output>
          </reporter-output>
        </test-method> <!-- afterMethod -->
        <test-method status="PASS" signature="beforeMethod(java.lang.reflect.Method)[pri:0, instance:lm.lmSolution.CancelOrderTests@7382f612]" name="beforeMethod" is-config="true" duration-ms="0" started-at="2019-01-17T18:19:04Z" finished-at="2019-01-17T18:19:04Z">
          <params>
            <param index="0">
              <value>
                <![CDATA[public void lm.lmSolution.CancelOrderTests.TestCase_cancel_Order_VerifyStatusCode_InvalidFlow()]]>
              </value>
            </param>
          </params>
          <reporter-output>
          </reporter-output>
        </test-method> <!-- beforeMethod -->
        <test-method status="PASS" signature="afterMethod(org.testng.ITestResult)[pri:0, instance:lm.lmSolution.CancelOrderTests@7382f612]" name="afterMethod" is-config="true" duration-ms="0" started-at="2019-01-17T18:19:04Z" finished-at="2019-01-17T18:19:04Z">
          <params>
            <param index="0">
              <value>
                <![CDATA[[TestResult name=TestCase_cancel_Order_VerifyStatusCode_InvalidFlow status=SUCCESS method=CancelOrderTests.TestCase_cancel_Order_VerifyStatusCode_InvalidFlow()[pri:0, instance:lm.lmSolution.CancelOrderTests@7382f612] output={null}]]]>
              </value>
            </param>
          </params>
          <reporter-output>
          </reporter-output>
        </test-method> <!-- afterMethod -->
      </class> <!-- lm.lmSolution.CancelOrderTests -->
    </test> <!-- TmpTest -->
  </suite> <!-- TmpSuite -->
</testng-results>
