<?xml version="1.0" encoding="UTF-8"?>
<!-- Generated by org.testng.reporters.JUnitXMLReporter -->
<testsuite hostname="TanmayJ13401" name="Test" tests="37" failures="0" timestamp="22 Jan 2019 09:49:19 GMT" time="82.158" errors="0">
  <testcase name="Testcase_placeAdvanceOrder_VerifyId" time="2.431" classname="lm.solution.PlaceOrderTests"/>
  <testcase name="Testcase_placeAdvanceOrder_verifyDistancesCount" time="1.302" classname="lm.solution.PlaceOrderTests"/>
  <testcase name="Testcase_placeAdvanceOrder_verifyFareAboveTwoKms" time="1.244" classname="lm.solution.PlaceOrderTests"/>
  <testcase name="Testcase_placeAdvanceOrder_verifyFareAboveTwoKms_NightCharges" time="1.239" classname="lm.solution.PlaceOrderTests"/>
  <testcase name="Testcase_placeAdvanceOrder_verifyFareBelowTwoKms" time="1.174" classname="lm.solution.PlaceOrderTests"/>
  <testcase name="Testcase_placeAdvanceOrder_verifyFareBelowTwoKms_NightCharges" time="1.14" classname="lm.solution.PlaceOrderTests"/>
  <testcase name="Testcase_placeOrder_verifyCurrency" time="1.234" classname="lm.solution.PlaceOrderTests"/>
  <testcase name="Testcase_placeOrder_verifyDistancesCount" time="1.132" classname="lm.solution.PlaceOrderTests"/>
  <testcase name="Testcase_placeOrder_verifyFareAboveTwoKms" time="1.17" classname="lm.solution.PlaceOrderTests"/>
  <testcase name="Testcase_placeOrder_verifyFareBelowTwoKms" time="1.254" classname="lm.solution.PlaceOrderTests"/>
  <testcase name="Testcase_placeOrder_verifyID" time="1.238" classname="lm.solution.PlaceOrderTests"/>
  <testcase name="Testcase_placeOrder_verifySingleStopValue" time="1.01" classname="lm.solution.PlaceOrderTests"/>
  <testcase name="TestCase_Fetch_Order_VerifyDrivingDistances_ValidID" time="2.29" classname="lm.solution.FetchOrderTests"/>
  <testcase name="TestCase_Fetch_Order_VerifyErrorMessage_InvalidID" time="2.213" classname="lm.solution.FetchOrderTests"/>
  <testcase name="TestCase_Fetch_Order_VerifyFareAmount_ValidID" time="2.311" classname="lm.solution.FetchOrderTests"/>
  <testcase name="TestCase_Fetch_Order_VerifyOrderStatusForPlacedOrder" time="2.25" classname="lm.solution.FetchOrderTests"/>
  <testcase name="TestCase_Fetch_Order_VerifyStatusCode_InvalidID" time="2.184" classname="lm.solution.FetchOrderTests"/>
  <testcase name="TestCase_Fetch_Order_VerifyStatusCode_ValidID" time="2.152" classname="lm.solution.FetchOrderTests"/>
  <testcase name="TestCase_Fetch_Order_VerifyStopsCounts_ValidID" time="2.252" classname="lm.solution.FetchOrderTests"/>
  <testcase name="TestCase_Take_Order_VerifyErrorMessage_InvalidID" time="2.295" classname="lm.solution.DriverTakeOrderTests"/>
  <testcase name="TestCase_Take_Order_VerifyOrderStatus_ValidID" time="2.267" classname="lm.solution.DriverTakeOrderTests"/>
  <testcase name="TestCase_Take_Order_VerifyStatusCode_InvalidFlow" time="3.272" classname="lm.solution.DriverTakeOrderTests"/>
  <testcase name="TestCase_Take_Order_VerifyStatusCode_InvalidID" time="2.269" classname="lm.solution.DriverTakeOrderTests"/>
  <testcase name="TestCase_Take_Order_VerifyStatusCode_ValidID" time="2.296" classname="lm.solution.DriverTakeOrderTests"/>
  <testcase name="TestCase_Complete_Order_VerifyErrorMessage_InvalidID" time="3.341" classname="lm.solution.DriverCompleteOrderTests"/>
  <testcase name="TestCase_Complete_Order_VerifyOrderStatus_InvalidFlow_AssignedToComplete" time="2.203" classname="lm.solution.DriverCompleteOrderTests"/>
  <testcase name="TestCase_Complete_Order_VerifyOrderStatus_ValidID" time="3.264" classname="lm.solution.DriverCompleteOrderTests"/>
  <testcase name="TestCase_Complete_Order_VerifyStatusCode_InvalidFlow" time="3.235" classname="lm.solution.DriverCompleteOrderTests"/>
  <testcase name="TestCase_Complete_Order_VerifyStatusCode_InvalidID" time="3.303" classname="lm.solution.DriverCompleteOrderTests"/>
  <testcase name="TestCase_Complete_Order_VerifyStatusCode_ValidID" time="3.282" classname="lm.solution.DriverCompleteOrderTests"/>
  <testcase name="TestCase_Cancel_Order_VerifyErrorMessage_InvalidID" time="2.256" classname="lm.solution.CancelOrderTests"/>
  <testcase name="TestCase_Cancel_Order_VerifyOrderstatus_ValidID_AfterPlaceOrder" time="2.262" classname="lm.solution.CancelOrderTests"/>
  <testcase name="TestCase_Cancel_Order_VerifyOrderstatus_ValidID_AfterTakeOrder" time="3.255" classname="lm.solution.CancelOrderTests"/>
  <testcase name="TestCase_Cancel_Order_VerifyStatusCode_InvalidID" time="2.201" classname="lm.solution.CancelOrderTests"/>
  <testcase name="TestCase_Cancel_Order_VerifyStatusCode_ValidID_AfterPlaceOrder" time="2.271" classname="lm.solution.CancelOrderTests"/>
  <testcase name="TestCase_Cancel_Order_VerifyStatusCode_ValidID_AfterTakeOrder" time="3.272" classname="lm.solution.CancelOrderTests"/>
  <testcase name="TestCase_cancel_Order_VerifyStatusCode_InvalidFlow" time="4.288" classname="lm.solution.CancelOrderTests"/>
</testsuite> <!-- Test -->
