2019-01-18 17:44:57 INFO  GLOBAL:372 - Starting test case :Testcase_placeAdvanceOrder_VerifyId
2019-01-18 17:44:59 INFO  GLOBAL:176 - Advance ID is : 789
2019-01-18 17:44:59 INFO  GLOBAL:379 - Testcase_placeAdvanceOrder_VerifyId PASSED.
2019-01-18 17:44:59 INFO  GLOBAL:372 - Starting test case :Testcase_placeAdvanceOrder_verifyDistancesCount
2019-01-18 17:44:59 INFO  GLOBAL:205 - Length for Advance order is : 2
2019-01-18 17:44:59 INFO  GLOBAL:379 - Testcase_placeAdvanceOrder_verifyDistancesCount PASSED.
2019-01-18 17:44:59 INFO  GLOBAL:372 - Starting test case :Testcase_placeAdvanceOrder_verifyFareAboveTwoKms
2019-01-18 17:45:00 INFO  GLOBAL:281 - Additional Fare for Advance booking is : 50.6
2019-01-18 17:45:00 INFO  GLOBAL:379 - Testcase_placeAdvanceOrder_verifyFareAboveTwoKms PASSED.
2019-01-18 17:45:00 INFO  GLOBAL:372 - Starting test case :Testcase_placeAdvanceOrder_verifyFareAboveTwoKms_NightCharges
2019-01-18 17:45:00 INFO  GLOBAL:358 - Additional  Night Fare for Advance booking is : 78.96
2019-01-18 17:45:00 INFO  GLOBAL:379 - Testcase_placeAdvanceOrder_verifyFareAboveTwoKms_NightCharges PASSED.
2019-01-18 17:45:00 INFO  GLOBAL:372 - Starting test case :Testcase_placeAdvanceOrder_verifyFareBelowTwoKms
2019-01-18 17:45:00 INFO  GLOBAL:241 - Fare for Advance booking is : 20.0
2019-01-18 17:45:00 INFO  GLOBAL:379 - Testcase_placeAdvanceOrder_verifyFareBelowTwoKms PASSED.
2019-01-18 17:45:00 INFO  GLOBAL:372 - Starting test case :Testcase_placeAdvanceOrder_verifyFareBelowTwoKms_NightCharges
2019-01-18 17:45:00 INFO  GLOBAL:320 - Night Fare for Advance booking is : 30.0
2019-01-18 17:45:00 INFO  GLOBAL:379 - Testcase_placeAdvanceOrder_verifyFareBelowTwoKms_NightCharges PASSED.
2019-01-18 17:45:00 INFO  GLOBAL:372 - Starting test case :Testcase_placeOrder_verifyDistancesCount
2019-01-18 17:45:00 INFO  GLOBAL:69 - Length is : 2
2019-01-18 17:45:00 INFO  GLOBAL:379 - Testcase_placeOrder_verifyDistancesCount PASSED.
2019-01-18 17:45:00 INFO  GLOBAL:372 - Starting test case :Testcase_placeOrder_verifyFareAboveTwoKms
2019-01-18 17:45:00 INFO  GLOBAL:149 - Additional Fare is : 50.6
2019-01-18 17:45:00 INFO  GLOBAL:379 - Testcase_placeOrder_verifyFareAboveTwoKms PASSED.
2019-01-18 17:45:00 INFO  GLOBAL:372 - Starting test case :Testcase_placeOrder_verifyFareBelowTwoKms
2019-01-18 17:45:01 INFO  GLOBAL:109 - Fare is : 20.0
2019-01-18 17:45:01 INFO  GLOBAL:379 - Testcase_placeOrder_verifyFareBelowTwoKms PASSED.
2019-01-18 17:45:01 INFO  GLOBAL:372 - Starting test case :Testcase_placeOrder_verifyID
2019-01-18 17:45:01 INFO  GLOBAL:38 - Loggier  ID is : 798
2019-01-18 17:45:01 INFO  GLOBAL:379 - Testcase_placeOrder_verifyID PASSED.
2019-01-18 17:45:01 INFO  GLOBAL:88 - Starting test case :TestCase_Fetch_Order_VerifyStatusCode_InvalidID
2019-01-18 17:45:01 INFO  GLOBAL:73 - InValid Status Code404
2019-01-18 17:45:01 INFO  GLOBAL:95 - TestCase_Fetch_Order_VerifyStatusCode_InvalidID PASSED.
2019-01-18 17:45:01 INFO  GLOBAL:88 - Starting test case :TestCase_Fetch_Order_VerifyStatusCode_ValidID
2019-01-18 17:45:01 INFO  GLOBAL:39 - Valid Status Code200
2019-01-18 17:45:01 INFO  GLOBAL:95 - TestCase_Fetch_Order_VerifyStatusCode_ValidID PASSED.
2019-01-18 17:45:01 INFO  GLOBAL:118 - Starting test case :TestCase_Take_Order_VerifyStatusCode_InvalidFlow
2019-01-18 17:45:01 INFO  GLOBAL:103 - InValid Status Code for Incorrect flow of Take Order422
2019-01-18 17:45:01 INFO  GLOBAL:125 - TestCase_Take_Order_VerifyStatusCode_InvalidFlow PASSED.
2019-01-18 17:45:01 INFO  GLOBAL:118 - Starting test case :TestCase_Take_Order_VerifyStatusCode_InvalidID
2019-01-18 17:45:02 INFO  GLOBAL:70 - InValid Status Code for Take Order404
2019-01-18 17:45:02 INFO  GLOBAL:125 - TestCase_Take_Order_VerifyStatusCode_InvalidID PASSED.
2019-01-18 17:45:02 INFO  GLOBAL:118 - Starting test case :TestCase_Take_Order_VerifyStatusCode_ValidID
2019-01-18 17:45:02 INFO  GLOBAL:38 - Valid Status Code for Take Order 200
2019-01-18 17:45:02 INFO  GLOBAL:125 - TestCase_Take_Order_VerifyStatusCode_ValidID PASSED.
2019-01-18 17:45:02 INFO  GLOBAL:129 - Starting test case :TestCase_Complete_Order_VerifyStatusCode_InvalidFlow
2019-01-18 17:45:02 INFO  GLOBAL:114 - InValid Status Code for Incorrect flow of Complete Order422
2019-01-18 17:45:02 INFO  GLOBAL:136 - TestCase_Complete_Order_VerifyStatusCode_InvalidFlow PASSED.
2019-01-18 17:45:02 INFO  GLOBAL:129 - Starting test case :TestCase_Complete_Order_VerifyStatusCode_InvalidID
2019-01-18 17:45:02 INFO  GLOBAL:78 - InValid Status Code for Complete Order404
2019-01-18 17:45:02 INFO  GLOBAL:136 - TestCase_Complete_Order_VerifyStatusCode_InvalidID PASSED.
2019-01-18 17:45:02 INFO  GLOBAL:129 - Starting test case :TestCase_Complete_Order_VerifyStatusCode_ValidID
2019-01-18 17:45:03 INFO  GLOBAL:42 - Valid Status Code for Complete Order200
2019-01-18 17:45:03 INFO  GLOBAL:136 - TestCase_Complete_Order_VerifyStatusCode_ValidID PASSED.
2019-01-18 17:45:03 INFO  GLOBAL:163 - Starting test case :TestCase_Cancel_Order_VerifyStatusCode_InvalidID
2019-01-18 17:45:03 INFO  GLOBAL:110 - InValid Status Code for Cancel Order404
2019-01-18 17:45:03 INFO  GLOBAL:170 - TestCase_Cancel_Order_VerifyStatusCode_InvalidID PASSED.
2019-01-18 17:45:03 INFO  GLOBAL:163 - Starting test case :TestCase_Cancel_Order_VerifyStatusCode_ValidID_AfterPlaceOrder
2019-01-18 17:45:03 INFO  GLOBAL:40 - Valid Status Code for Cancel Order200
2019-01-18 17:45:03 INFO  GLOBAL:170 - TestCase_Cancel_Order_VerifyStatusCode_ValidID_AfterPlaceOrder PASSED.
2019-01-18 17:45:03 INFO  GLOBAL:163 - Starting test case :TestCase_Cancel_Order_VerifyStatusCode_ValidID_AfterTakeOrder
2019-01-18 17:45:03 INFO  GLOBAL:77 - Valid Status Code for Cancel Order200
2019-01-18 17:45:03 INFO  GLOBAL:170 - TestCase_Cancel_Order_VerifyStatusCode_ValidID_AfterTakeOrder PASSED.
2019-01-18 17:45:03 INFO  GLOBAL:163 - Starting test case :TestCase_cancel_Order_VerifyStatusCode_InvalidFlow
2019-01-18 17:45:04 INFO  GLOBAL:148 - InValid Status Code for Incorrect flow of Cancel Order422
2019-01-18 17:45:04 INFO  GLOBAL:170 - TestCase_cancel_Order_VerifyStatusCode_InvalidFlow PASSED.
2019-01-18 18:00:11 INFO  LOG:372 - Starting test case :Testcase_placeAdvanceOrder_VerifyId
2019-01-18 18:00:13 INFO  LOG:176 - Advance ID is : 811
2019-01-18 18:00:13 INFO  LOG:379 - Testcase_placeAdvanceOrder_VerifyId PASSED.
2019-01-18 18:00:13 INFO  LOG:372 - Starting test case :Testcase_placeAdvanceOrder_verifyDistancesCount
2019-01-18 18:00:14 INFO  LOG:205 - Length for Advance order is : 2
2019-01-18 18:00:14 INFO  LOG:379 - Testcase_placeAdvanceOrder_verifyDistancesCount PASSED.
2019-01-18 18:00:14 INFO  LOG:372 - Starting test case :Testcase_placeAdvanceOrder_verifyFareAboveTwoKms
2019-01-18 18:00:14 INFO  LOG:281 - Additional Fare for Advance booking is : 50.6
2019-01-18 18:00:14 INFO  LOG:379 - Testcase_placeAdvanceOrder_verifyFareAboveTwoKms PASSED.
2019-01-18 18:00:14 INFO  LOG:372 - Starting test case :Testcase_placeAdvanceOrder_verifyFareAboveTwoKms_NightCharges
2019-01-18 18:00:14 INFO  LOG:358 - Additional  Night Fare for Advance booking is : 78.96
2019-01-18 18:00:14 INFO  LOG:379 - Testcase_placeAdvanceOrder_verifyFareAboveTwoKms_NightCharges PASSED.
2019-01-18 18:00:14 INFO  LOG:372 - Starting test case :Testcase_placeAdvanceOrder_verifyFareBelowTwoKms
2019-01-18 18:00:14 INFO  LOG:241 - Fare for Advance booking is : 20.0
2019-01-18 18:00:14 INFO  LOG:379 - Testcase_placeAdvanceOrder_verifyFareBelowTwoKms PASSED.
2019-01-18 18:00:14 INFO  LOG:372 - Starting test case :Testcase_placeAdvanceOrder_verifyFareBelowTwoKms_NightCharges
2019-01-18 18:00:14 INFO  LOG:320 - Night Fare for Advance booking is : 30.0
2019-01-18 18:00:14 INFO  LOG:379 - Testcase_placeAdvanceOrder_verifyFareBelowTwoKms_NightCharges PASSED.
2019-01-18 18:00:14 INFO  LOG:372 - Starting test case :Testcase_placeOrder_verifyDistancesCount
2019-01-18 18:00:15 INFO  LOG:69 - Length is : 2
2019-01-18 18:00:15 INFO  LOG:379 - Testcase_placeOrder_verifyDistancesCount PASSED.
2019-01-18 18:00:15 INFO  LOG:372 - Starting test case :Testcase_placeOrder_verifyFareAboveTwoKms
2019-01-18 18:00:15 INFO  LOG:149 - Additional Fare is : 50.6
2019-01-18 18:00:15 INFO  LOG:379 - Testcase_placeOrder_verifyFareAboveTwoKms PASSED.
2019-01-18 18:00:15 INFO  LOG:372 - Starting test case :Testcase_placeOrder_verifyFareBelowTwoKms
2019-01-18 18:00:15 INFO  LOG:109 - Fare is : 20.0
2019-01-18 18:00:15 INFO  LOG:379 - Testcase_placeOrder_verifyFareBelowTwoKms PASSED.
2019-01-18 18:00:15 INFO  LOG:372 - Starting test case :Testcase_placeOrder_verifyID
2019-01-18 18:00:15 INFO  LOG:37 - ID is : 820
2019-01-18 18:00:15 INFO  LOG:379 - Testcase_placeOrder_verifyID PASSED.
2019-01-18 18:00:15 INFO  LOG:88 - Starting test case :TestCase_Fetch_Order_VerifyStatusCode_InvalidID
2019-01-18 18:00:15 INFO  LOG:73 - InValid Status Code404
2019-01-18 18:00:15 INFO  LOG:95 - TestCase_Fetch_Order_VerifyStatusCode_InvalidID PASSED.
2019-01-18 18:00:15 INFO  LOG:88 - Starting test case :TestCase_Fetch_Order_VerifyStatusCode_ValidID
2019-01-18 18:00:16 INFO  LOG:39 - Valid Status Code200
2019-01-18 18:00:16 INFO  LOG:95 - TestCase_Fetch_Order_VerifyStatusCode_ValidID PASSED.
2019-01-18 18:00:16 INFO  LOG:118 - Starting test case :TestCase_Take_Order_VerifyStatusCode_InvalidFlow
2019-01-18 18:00:16 INFO  LOG:103 - InValid Status Code for Incorrect flow of Take Order422
2019-01-18 18:00:16 INFO  LOG:125 - TestCase_Take_Order_VerifyStatusCode_InvalidFlow PASSED.
2019-01-18 18:00:16 INFO  LOG:118 - Starting test case :TestCase_Take_Order_VerifyStatusCode_InvalidID
2019-01-18 18:00:16 INFO  LOG:70 - InValid Status Code for Take Order404
2019-01-18 18:00:16 INFO  LOG:125 - TestCase_Take_Order_VerifyStatusCode_InvalidID PASSED.
2019-01-18 18:00:16 INFO  LOG:118 - Starting test case :TestCase_Take_Order_VerifyStatusCode_ValidID
2019-01-18 18:00:16 INFO  LOG:38 - Valid Status Code for Take Order 200
2019-01-18 18:00:16 INFO  LOG:125 - TestCase_Take_Order_VerifyStatusCode_ValidID PASSED.
2019-01-18 18:00:16 INFO  LOG:129 - Starting test case :TestCase_Complete_Order_VerifyStatusCode_InvalidFlow
2019-01-18 18:00:16 INFO  LOG:114 - InValid Status Code for Incorrect flow of Complete Order422
2019-01-18 18:00:16 INFO  LOG:136 - TestCase_Complete_Order_VerifyStatusCode_InvalidFlow PASSED.
2019-01-18 18:00:16 INFO  LOG:129 - Starting test case :TestCase_Complete_Order_VerifyStatusCode_InvalidID
2019-01-18 18:00:17 INFO  LOG:78 - InValid Status Code for Complete Order404
2019-01-18 18:00:17 INFO  LOG:136 - TestCase_Complete_Order_VerifyStatusCode_InvalidID PASSED.
2019-01-18 18:00:17 INFO  LOG:129 - Starting test case :TestCase_Complete_Order_VerifyStatusCode_ValidID
2019-01-18 18:00:17 INFO  LOG:42 - Valid Status Code for Complete Order200
2019-01-18 18:00:17 INFO  LOG:136 - TestCase_Complete_Order_VerifyStatusCode_ValidID PASSED.
2019-01-18 18:00:17 INFO  LOG:163 - Starting test case :TestCase_Cancel_Order_VerifyStatusCode_InvalidID
2019-01-18 18:00:17 INFO  LOG:110 - InValid Status Code for Cancel Order404
2019-01-18 18:00:17 INFO  LOG:170 - TestCase_Cancel_Order_VerifyStatusCode_InvalidID PASSED.
2019-01-18 18:00:17 INFO  LOG:163 - Starting test case :TestCase_Cancel_Order_VerifyStatusCode_ValidID_AfterPlaceOrder
2019-01-18 18:00:17 INFO  LOG:40 - Valid Status Code for Cancel Order200
2019-01-18 18:00:17 INFO  LOG:170 - TestCase_Cancel_Order_VerifyStatusCode_ValidID_AfterPlaceOrder PASSED.
2019-01-18 18:00:17 INFO  LOG:163 - Starting test case :TestCase_Cancel_Order_VerifyStatusCode_ValidID_AfterTakeOrder
2019-01-18 18:00:18 INFO  LOG:77 - Valid Status Code for Cancel Order200
2019-01-18 18:00:18 INFO  LOG:170 - TestCase_Cancel_Order_VerifyStatusCode_ValidID_AfterTakeOrder PASSED.
2019-01-18 18:00:18 INFO  LOG:163 - Starting test case :TestCase_cancel_Order_VerifyStatusCode_InvalidFlow
2019-01-18 18:00:18 INFO  LOG:148 - InValid Status Code for Incorrect flow of Cancel Order422
2019-01-18 18:00:18 INFO  LOG:170 - TestCase_cancel_Order_VerifyStatusCode_InvalidFlow PASSED.
2019-01-18 18:04:19 INFO  LOG:372 - Starting test case :Testcase_placeAdvanceOrder_VerifyId
2019-01-18 18:04:22 INFO  LOG:176 - Advance ID is : 833
2019-01-18 18:04:22 INFO  LOG:379 - Testcase_placeAdvanceOrder_VerifyId PASSED.
2019-01-18 18:04:22 INFO  LOG:372 - Starting test case :Testcase_placeAdvanceOrder_verifyDistancesCount
2019-01-18 18:04:22 INFO  LOG:205 - Length for Advance order is : 2
2019-01-18 18:04:22 INFO  LOG:379 - Testcase_placeAdvanceOrder_verifyDistancesCount PASSED.
2019-01-18 18:04:22 INFO  LOG:372 - Starting test case :Testcase_placeAdvanceOrder_verifyFareAboveTwoKms
2019-01-18 18:04:22 INFO  LOG:281 - Additional Fare for Advance booking is : 50.6
2019-01-18 18:04:22 INFO  LOG:379 - Testcase_placeAdvanceOrder_verifyFareAboveTwoKms PASSED.
2019-01-18 18:04:22 INFO  LOG:372 - Starting test case :Testcase_placeAdvanceOrder_verifyFareAboveTwoKms_NightCharges
2019-01-18 18:04:22 INFO  LOG:358 - Additional  Night Fare for Advance booking is : 78.96
2019-01-18 18:04:22 INFO  LOG:379 - Testcase_placeAdvanceOrder_verifyFareAboveTwoKms_NightCharges PASSED.
2019-01-18 18:04:22 INFO  LOG:372 - Starting test case :Testcase_placeAdvanceOrder_verifyFareBelowTwoKms
2019-01-18 18:04:22 INFO  LOG:241 - Fare for Advance booking is : 20.0
2019-01-18 18:04:22 INFO  LOG:379 - Testcase_placeAdvanceOrder_verifyFareBelowTwoKms PASSED.
2019-01-18 18:04:22 INFO  LOG:372 - Starting test case :Testcase_placeAdvanceOrder_verifyFareBelowTwoKms_NightCharges
2019-01-18 18:04:23 INFO  LOG:320 - Night Fare for Advance booking is : 30.0
2019-01-18 18:04:23 INFO  LOG:379 - Testcase_placeAdvanceOrder_verifyFareBelowTwoKms_NightCharges PASSED.
2019-01-18 18:04:23 INFO  LOG:372 - Starting test case :Testcase_placeOrder_verifyDistancesCount
2019-01-18 18:04:23 INFO  LOG:69 - Length is : 2
2019-01-18 18:04:23 INFO  LOG:379 - Testcase_placeOrder_verifyDistancesCount PASSED.
2019-01-18 18:04:23 INFO  LOG:372 - Starting test case :Testcase_placeOrder_verifyFareAboveTwoKms
2019-01-18 18:04:23 INFO  LOG:149 - Additional Fare is : 50.6
2019-01-18 18:04:23 INFO  LOG:379 - Testcase_placeOrder_verifyFareAboveTwoKms PASSED.
2019-01-18 18:04:23 INFO  LOG:372 - Starting test case :Testcase_placeOrder_verifyFareBelowTwoKms
2019-01-18 18:04:23 INFO  LOG:109 - Fare is : 20.0
2019-01-18 18:04:23 INFO  LOG:379 - Testcase_placeOrder_verifyFareBelowTwoKms PASSED.
2019-01-18 18:04:23 INFO  LOG:372 - Starting test case :Testcase_placeOrder_verifyID
2019-01-18 18:04:23 INFO  LOG:37 - ID is : 842
2019-01-18 18:04:23 INFO  LOG:379 - Testcase_placeOrder_verifyID PASSED.
2019-01-18 18:04:23 INFO  LOG:88 - Starting test case :TestCase_Fetch_Order_VerifyStatusCode_InvalidID
2019-01-18 18:04:24 INFO  LOG:73 - InValid Status Code404
2019-01-18 18:04:24 INFO  LOG:95 - TestCase_Fetch_Order_VerifyStatusCode_InvalidID PASSED.
2019-01-18 18:04:24 INFO  LOG:88 - Starting test case :TestCase_Fetch_Order_VerifyStatusCode_ValidID
2019-01-18 18:04:24 INFO  LOG:39 - Valid Status Code200
2019-01-18 18:04:24 INFO  LOG:95 - TestCase_Fetch_Order_VerifyStatusCode_ValidID PASSED.
2019-01-18 18:04:24 INFO  LOG:118 - Starting test case :TestCase_Take_Order_VerifyStatusCode_InvalidFlow
2019-01-18 18:04:24 INFO  LOG:103 - InValid Status Code for Incorrect flow of Take Order422
2019-01-18 18:04:24 INFO  LOG:125 - TestCase_Take_Order_VerifyStatusCode_InvalidFlow PASSED.
2019-01-18 18:04:24 INFO  LOG:118 - Starting test case :TestCase_Take_Order_VerifyStatusCode_InvalidID
2019-01-18 18:04:24 INFO  LOG:70 - InValid Status Code for Take Order404
2019-01-18 18:04:24 INFO  LOG:125 - TestCase_Take_Order_VerifyStatusCode_InvalidID PASSED.
2019-01-18 18:04:24 INFO  LOG:118 - Starting test case :TestCase_Take_Order_VerifyStatusCode_ValidID
2019-01-18 18:04:24 INFO  LOG:38 - Valid Status Code for Take Order 200
2019-01-18 18:04:24 INFO  LOG:125 - TestCase_Take_Order_VerifyStatusCode_ValidID PASSED.
2019-01-18 18:04:24 INFO  LOG:129 - Starting test case :TestCase_Complete_Order_VerifyStatusCode_InvalidFlow
2019-01-18 18:04:25 INFO  LOG:114 - InValid Status Code for Incorrect flow of Complete Order422
2019-01-18 18:04:25 INFO  LOG:136 - TestCase_Complete_Order_VerifyStatusCode_InvalidFlow PASSED.
2019-01-18 18:04:25 INFO  LOG:129 - Starting test case :TestCase_Complete_Order_VerifyStatusCode_InvalidID
2019-01-18 18:04:25 INFO  LOG:78 - InValid Status Code for Complete Order404
2019-01-18 18:04:25 INFO  LOG:136 - TestCase_Complete_Order_VerifyStatusCode_InvalidID PASSED.
2019-01-18 18:04:25 INFO  LOG:129 - Starting test case :TestCase_Complete_Order_VerifyStatusCode_ValidID
2019-01-18 18:04:25 INFO  LOG:42 - Valid Status Code for Complete Order200
2019-01-18 18:04:25 INFO  LOG:136 - TestCase_Complete_Order_VerifyStatusCode_ValidID PASSED.
2019-01-18 18:04:25 INFO  LOG:163 - Starting test case :TestCase_Cancel_Order_VerifyStatusCode_InvalidID
2019-01-18 18:04:25 INFO  LOG:110 - InValid Status Code for Cancel Order404
2019-01-18 18:04:25 INFO  LOG:170 - TestCase_Cancel_Order_VerifyStatusCode_InvalidID PASSED.
2019-01-18 18:04:25 INFO  LOG:163 - Starting test case :TestCase_Cancel_Order_VerifyStatusCode_ValidID_AfterPlaceOrder
2019-01-18 18:04:26 INFO  LOG:40 - Valid Status Code for Cancel Order200
2019-01-18 18:04:26 INFO  LOG:170 - TestCase_Cancel_Order_VerifyStatusCode_ValidID_AfterPlaceOrder PASSED.
2019-01-18 18:04:26 INFO  LOG:163 - Starting test case :TestCase_Cancel_Order_VerifyStatusCode_ValidID_AfterTakeOrder
2019-01-18 18:04:26 INFO  LOG:77 - Valid Status Code for Cancel Order200
2019-01-18 18:04:26 INFO  LOG:170 - TestCase_Cancel_Order_VerifyStatusCode_ValidID_AfterTakeOrder PASSED.
2019-01-18 18:04:26 INFO  LOG:163 - Starting test case :TestCase_cancel_Order_VerifyStatusCode_InvalidFlow
2019-01-18 18:04:26 INFO  LOG:148 - InValid Status Code for Incorrect flow of Cancel Order422
2019-01-18 18:04:26 INFO  LOG:170 - TestCase_cancel_Order_VerifyStatusCode_InvalidFlow PASSED.
2019-01-18 18:53:58 INFO  LOG:89 - Starting test case :TestCase_Fetch_Order_VerifyStatusCode_InvalidID
2019-01-18 18:53:58 ERROR LOG:39 - Exception occured : null
2019-01-18 18:53:58 ERROR LOG:114 - Exception occured : null
2019-01-18 18:53:58 INFO  LOG:74 - InValid Status Code0
2019-01-18 18:53:58 INFO  LOG:98 - TestCase_Fetch_Order_VerifyStatusCode_InvalidID FAILED
2019-01-18 18:53:58 INFO  LOG:89 - Starting test case :TestCase_Fetch_Order_VerifyStatusCode_ValidID
2019-01-18 18:53:58 ERROR LOG:39 - Exception occured : null
2019-01-18 18:53:58 ERROR LOG:114 - Exception occured : null
2019-01-18 18:53:58 INFO  LOG:40 - Valid Status Code0
2019-01-18 18:53:58 INFO  LOG:98 - TestCase_Fetch_Order_VerifyStatusCode_ValidID FAILED
2019-01-18 18:54:28 INFO  LOG:372 - Starting test case :Testcase_placeAdvanceOrder_VerifyId
2019-01-18 18:54:28 ERROR LOG:39 - Exception occured : null
2019-01-18 18:54:28 INFO  LOG:176 - Advance ID is : 0
2019-01-18 18:54:28 INFO  LOG:381 - Testcase_placeAdvanceOrder_VerifyId FAILED
2019-01-18 18:54:28 INFO  LOG:372 - Starting test case :Testcase_placeAdvanceOrder_verifyDistancesCount
2019-01-18 18:54:28 ERROR LOG:39 - Exception occured : null
2019-01-18 18:54:28 INFO  LOG:381 - Testcase_placeAdvanceOrder_verifyDistancesCount FAILED
2019-01-18 18:54:28 INFO  LOG:372 - Starting test case :Testcase_placeAdvanceOrder_verifyFareAboveTwoKms
2019-01-18 18:54:28 ERROR LOG:39 - Exception occured : null
2019-01-18 18:54:28 INFO  LOG:381 - Testcase_placeAdvanceOrder_verifyFareAboveTwoKms FAILED
2019-01-18 18:54:28 INFO  LOG:372 - Starting test case :Testcase_placeAdvanceOrder_verifyFareAboveTwoKms_NightCharges
2019-01-18 18:54:28 ERROR LOG:39 - Exception occured : null
2019-01-18 18:54:28 INFO  LOG:381 - Testcase_placeAdvanceOrder_verifyFareAboveTwoKms_NightCharges FAILED
2019-01-18 18:54:28 INFO  LOG:372 - Starting test case :Testcase_placeAdvanceOrder_verifyFareBelowTwoKms
2019-01-18 18:54:28 ERROR LOG:39 - Exception occured : null
2019-01-18 18:54:28 INFO  LOG:381 - Testcase_placeAdvanceOrder_verifyFareBelowTwoKms FAILED
2019-01-18 18:54:28 INFO  LOG:372 - Starting test case :Testcase_placeAdvanceOrder_verifyFareBelowTwoKms_NightCharges
2019-01-18 18:54:28 ERROR LOG:39 - Exception occured : null
2019-01-18 18:54:28 INFO  LOG:381 - Testcase_placeAdvanceOrder_verifyFareBelowTwoKms_NightCharges FAILED
2019-01-18 18:54:28 INFO  LOG:372 - Starting test case :Testcase_placeOrder_verifyDistancesCount
2019-01-18 18:54:28 ERROR LOG:39 - Exception occured : null
2019-01-18 18:54:28 INFO  LOG:381 - Testcase_placeOrder_verifyDistancesCount FAILED
2019-01-18 18:54:28 INFO  LOG:372 - Starting test case :Testcase_placeOrder_verifyFareAboveTwoKms
2019-01-18 18:54:28 ERROR LOG:39 - Exception occured : null
2019-01-18 18:54:28 INFO  LOG:381 - Testcase_placeOrder_verifyFareAboveTwoKms FAILED
2019-01-18 18:54:28 INFO  LOG:372 - Starting test case :Testcase_placeOrder_verifyFareBelowTwoKms
2019-01-18 18:54:28 ERROR LOG:39 - Exception occured : null
2019-01-18 18:54:28 INFO  LOG:381 - Testcase_placeOrder_verifyFareBelowTwoKms FAILED
2019-01-18 18:54:28 INFO  LOG:372 - Starting test case :Testcase_placeOrder_verifyID
2019-01-18 18:54:28 ERROR LOG:39 - Exception occured : null
2019-01-18 18:54:28 INFO  LOG:37 - ID is : 0
2019-01-18 18:54:28 INFO  LOG:381 - Testcase_placeOrder_verifyID FAILED
2019-01-18 18:54:28 INFO  LOG:89 - Starting test case :TestCase_Fetch_Order_VerifyStatusCode_InvalidID
2019-01-18 18:54:28 ERROR LOG:39 - Exception occured : null
2019-01-18 18:54:28 ERROR LOG:114 - Exception occured : null
2019-01-18 18:54:28 INFO  LOG:74 - InValid Status Code0
2019-01-18 18:54:28 INFO  LOG:98 - TestCase_Fetch_Order_VerifyStatusCode_InvalidID FAILED
2019-01-18 18:54:28 INFO  LOG:89 - Starting test case :TestCase_Fetch_Order_VerifyStatusCode_ValidID
2019-01-18 18:54:28 ERROR LOG:39 - Exception occured : null
2019-01-18 18:54:28 ERROR LOG:114 - Exception occured : null
2019-01-18 18:54:28 INFO  LOG:40 - Valid Status Code0
2019-01-18 18:54:28 INFO  LOG:98 - TestCase_Fetch_Order_VerifyStatusCode_ValidID FAILED
2019-01-18 18:54:28 INFO  LOG:118 - Starting test case :TestCase_Take_Order_VerifyStatusCode_InvalidFlow
2019-01-18 18:54:28 ERROR LOG:39 - Exception occured : null
2019-01-18 18:54:28 ERROR LOG:126 - Exception occured : null
2019-01-18 18:54:28 ERROR LOG:90 - Exception occured : null
2019-01-18 18:54:28 INFO  LOG:103 - InValid Status Code for Incorrect flow of Take Order0
2019-01-18 18:54:28 INFO  LOG:127 - TestCase_Take_Order_VerifyStatusCode_InvalidFlow FAILED
2019-01-18 18:54:28 INFO  LOG:118 - Starting test case :TestCase_Take_Order_VerifyStatusCode_InvalidID
2019-01-18 18:54:28 ERROR LOG:39 - Exception occured : null
2019-01-18 18:54:28 ERROR LOG:90 - Exception occured : null
2019-01-18 18:54:28 INFO  LOG:70 - InValid Status Code for Take Order0
2019-01-18 18:54:28 INFO  LOG:127 - TestCase_Take_Order_VerifyStatusCode_InvalidID FAILED
2019-01-18 18:54:28 INFO  LOG:118 - Starting test case :TestCase_Take_Order_VerifyStatusCode_ValidID
2019-01-18 18:54:28 ERROR LOG:39 - Exception occured : null
2019-01-18 18:54:28 ERROR LOG:90 - Exception occured : null
2019-01-18 18:54:28 INFO  LOG:38 - Valid Status Code for Take Order 0
2019-01-18 18:54:28 INFO  LOG:127 - TestCase_Take_Order_VerifyStatusCode_ValidID FAILED
2019-01-18 18:54:28 INFO  LOG:129 - Starting test case :TestCase_Complete_Order_VerifyStatusCode_InvalidFlow
2019-01-18 18:54:28 ERROR LOG:39 - Exception occured : null
2019-01-18 18:54:28 ERROR LOG:126 - Exception occured : null
2019-01-18 18:54:28 ERROR LOG:102 - Exception occured : null
2019-01-18 18:54:28 INFO  LOG:114 - InValid Status Code for Incorrect flow of Complete Order0
2019-01-18 18:54:28 INFO  LOG:138 - TestCase_Complete_Order_VerifyStatusCode_InvalidFlow FAILED
2019-01-18 18:54:28 INFO  LOG:129 - Starting test case :TestCase_Complete_Order_VerifyStatusCode_InvalidID
2019-01-18 18:54:28 ERROR LOG:39 - Exception occured : null
2019-01-18 18:54:28 ERROR LOG:90 - Exception occured : null
2019-01-18 18:54:28 ERROR LOG:102 - Exception occured : null
2019-01-18 18:54:28 INFO  LOG:78 - InValid Status Code for Complete Order0
2019-01-18 18:54:28 INFO  LOG:138 - TestCase_Complete_Order_VerifyStatusCode_InvalidID FAILED
2019-01-18 18:54:28 INFO  LOG:129 - Starting test case :TestCase_Complete_Order_VerifyStatusCode_ValidID
2019-01-18 18:54:28 ERROR LOG:39 - Exception occured : null
2019-01-18 18:54:28 ERROR LOG:90 - Exception occured : null
2019-01-18 18:54:28 ERROR LOG:102 - Exception occured : null
2019-01-18 18:54:28 INFO  LOG:42 - Valid Status Code for Complete Order0
2019-01-18 18:54:28 INFO  LOG:138 - TestCase_Complete_Order_VerifyStatusCode_ValidID FAILED
2019-01-18 18:54:28 INFO  LOG:163 - Starting test case :TestCase_Cancel_Order_VerifyStatusCode_InvalidID
2019-01-18 18:54:28 ERROR LOG:39 - Exception occured : null
2019-01-18 18:54:28 ERROR LOG:126 - Exception occured : null
2019-01-18 18:54:28 INFO  LOG:110 - InValid Status Code for Cancel Order0
2019-01-18 18:54:28 INFO  LOG:172 - TestCase_Cancel_Order_VerifyStatusCode_InvalidID FAILED
2019-01-18 18:54:28 INFO  LOG:163 - Starting test case :TestCase_Cancel_Order_VerifyStatusCode_ValidID_AfterPlaceOrder
2019-01-18 18:54:28 ERROR LOG:39 - Exception occured : null
2019-01-18 18:54:28 ERROR LOG:126 - Exception occured : null
2019-01-18 18:54:28 INFO  LOG:40 - Valid Status Code for Cancel Order0
2019-01-18 18:54:28 INFO  LOG:172 - TestCase_Cancel_Order_VerifyStatusCode_ValidID_AfterPlaceOrder FAILED
2019-01-18 18:54:28 INFO  LOG:163 - Starting test case :TestCase_Cancel_Order_VerifyStatusCode_ValidID_AfterTakeOrder
2019-01-18 18:54:28 ERROR LOG:39 - Exception occured : null
2019-01-18 18:54:28 ERROR LOG:90 - Exception occured : null
2019-01-18 18:54:28 ERROR LOG:126 - Exception occured : null
2019-01-18 18:54:28 INFO  LOG:77 - Valid Status Code for Cancel Order0
2019-01-18 18:54:28 INFO  LOG:172 - TestCase_Cancel_Order_VerifyStatusCode_ValidID_AfterTakeOrder FAILED
2019-01-18 18:54:28 INFO  LOG:163 - Starting test case :TestCase_cancel_Order_VerifyStatusCode_InvalidFlow
2019-01-18 18:54:28 ERROR LOG:39 - Exception occured : null
2019-01-18 18:54:28 ERROR LOG:90 - Exception occured : null
2019-01-18 18:54:28 ERROR LOG:102 - Exception occured : null
2019-01-18 18:54:28 ERROR LOG:126 - Exception occured : null
2019-01-18 18:54:28 INFO  LOG:148 - InValid Status Code for Incorrect flow of Cancel Order0
2019-01-18 18:54:28 INFO  LOG:172 - TestCase_cancel_Order_VerifyStatusCode_InvalidFlow FAILED
2019-01-18 18:55:10 INFO  LOG:372 - Starting test case :Testcase_placeAdvanceOrder_VerifyId
2019-01-18 18:55:10 ERROR LOG:39 - Exception occured : null
2019-01-18 18:55:10 INFO  LOG:176 - Advance ID is : 0
2019-01-18 18:55:10 INFO  LOG:381 - Testcase_placeAdvanceOrder_VerifyId FAILED
2019-01-18 18:55:10 INFO  LOG:372 - Starting test case :Testcase_placeAdvanceOrder_verifyDistancesCount
2019-01-18 18:55:10 ERROR LOG:39 - Exception occured : null
2019-01-18 18:55:10 INFO  LOG:381 - Testcase_placeAdvanceOrder_verifyDistancesCount FAILED
2019-01-18 18:55:10 INFO  LOG:372 - Starting test case :Testcase_placeAdvanceOrder_verifyFareAboveTwoKms
2019-01-18 18:55:10 ERROR LOG:39 - Exception occured : null
2019-01-18 18:55:10 INFO  LOG:381 - Testcase_placeAdvanceOrder_verifyFareAboveTwoKms FAILED
2019-01-18 18:55:10 INFO  LOG:372 - Starting test case :Testcase_placeAdvanceOrder_verifyFareAboveTwoKms_NightCharges
2019-01-18 18:55:10 ERROR LOG:39 - Exception occured : null
2019-01-18 18:55:10 INFO  LOG:381 - Testcase_placeAdvanceOrder_verifyFareAboveTwoKms_NightCharges FAILED
2019-01-18 18:55:10 INFO  LOG:372 - Starting test case :Testcase_placeAdvanceOrder_verifyFareBelowTwoKms
2019-01-18 18:55:10 ERROR LOG:39 - Exception occured : null
2019-01-18 18:55:10 INFO  LOG:381 - Testcase_placeAdvanceOrder_verifyFareBelowTwoKms FAILED
2019-01-18 18:55:10 INFO  LOG:372 - Starting test case :Testcase_placeAdvanceOrder_verifyFareBelowTwoKms_NightCharges
2019-01-18 18:55:10 ERROR LOG:39 - Exception occured : null
2019-01-18 18:55:10 INFO  LOG:381 - Testcase_placeAdvanceOrder_verifyFareBelowTwoKms_NightCharges FAILED
2019-01-18 18:55:10 INFO  LOG:372 - Starting test case :Testcase_placeOrder_verifyDistancesCount
2019-01-18 18:55:10 ERROR LOG:39 - Exception occured : null
2019-01-18 18:55:10 INFO  LOG:381 - Testcase_placeOrder_verifyDistancesCount FAILED
2019-01-18 18:55:10 INFO  LOG:372 - Starting test case :Testcase_placeOrder_verifyFareAboveTwoKms
2019-01-18 18:55:10 ERROR LOG:39 - Exception occured : null
2019-01-18 18:55:10 INFO  LOG:381 - Testcase_placeOrder_verifyFareAboveTwoKms FAILED
2019-01-18 18:55:10 INFO  LOG:372 - Starting test case :Testcase_placeOrder_verifyFareBelowTwoKms
2019-01-18 18:55:10 ERROR LOG:39 - Exception occured : null
2019-01-18 18:55:10 INFO  LOG:381 - Testcase_placeOrder_verifyFareBelowTwoKms FAILED
2019-01-18 18:55:10 INFO  LOG:372 - Starting test case :Testcase_placeOrder_verifyID
2019-01-18 18:55:10 ERROR LOG:39 - Exception occured : null
2019-01-18 18:55:10 INFO  LOG:37 - ID is : 0
2019-01-18 18:55:10 INFO  LOG:381 - Testcase_placeOrder_verifyID FAILED
2019-01-18 18:55:10 INFO  LOG:89 - Starting test case :TestCase_Fetch_Order_VerifyStatusCode_InvalidID
2019-01-18 18:55:10 ERROR LOG:39 - Exception occured : null
2019-01-18 18:55:10 ERROR LOG:114 - Exception occured : null
2019-01-18 18:55:10 INFO  LOG:74 - InValid Status Code0
2019-01-18 18:55:10 INFO  LOG:98 - TestCase_Fetch_Order_VerifyStatusCode_InvalidID FAILED
2019-01-18 18:55:11 INFO  LOG:89 - Starting test case :TestCase_Fetch_Order_VerifyStatusCode_ValidID
2019-01-18 18:55:11 ERROR LOG:39 - Exception occured : null
2019-01-18 18:55:11 ERROR LOG:114 - Exception occured : null
2019-01-18 18:55:11 INFO  LOG:40 - Valid Status Code0
2019-01-18 18:55:11 INFO  LOG:98 - TestCase_Fetch_Order_VerifyStatusCode_ValidID FAILED
2019-01-18 18:55:11 INFO  LOG:118 - Starting test case :TestCase_Take_Order_VerifyStatusCode_InvalidFlow
2019-01-18 18:55:11 ERROR LOG:39 - Exception occured : null
2019-01-18 18:55:11 ERROR LOG:126 - Exception occured : null
2019-01-18 18:55:11 ERROR LOG:90 - Exception occured : null
2019-01-18 18:55:11 INFO  LOG:103 - InValid Status Code for Incorrect flow of Take Order0
2019-01-18 18:55:11 INFO  LOG:127 - TestCase_Take_Order_VerifyStatusCode_InvalidFlow FAILED
2019-01-18 18:55:11 INFO  LOG:118 - Starting test case :TestCase_Take_Order_VerifyStatusCode_InvalidID
2019-01-18 18:55:11 ERROR LOG:39 - Exception occured : null
2019-01-18 18:55:11 ERROR LOG:90 - Exception occured : null
2019-01-18 18:55:11 INFO  LOG:70 - InValid Status Code for Take Order0
2019-01-18 18:55:11 INFO  LOG:127 - TestCase_Take_Order_VerifyStatusCode_InvalidID FAILED
2019-01-18 18:55:11 INFO  LOG:118 - Starting test case :TestCase_Take_Order_VerifyStatusCode_ValidID
2019-01-18 18:55:11 ERROR LOG:39 - Exception occured : null
2019-01-18 18:55:11 ERROR LOG:90 - Exception occured : null
2019-01-18 18:55:11 INFO  LOG:38 - Valid Status Code for Take Order 0
2019-01-18 18:55:11 INFO  LOG:127 - TestCase_Take_Order_VerifyStatusCode_ValidID FAILED
2019-01-18 18:55:11 INFO  LOG:129 - Starting test case :TestCase_Complete_Order_VerifyStatusCode_InvalidFlow
2019-01-18 18:55:11 ERROR LOG:39 - Exception occured : null
2019-01-18 18:55:11 ERROR LOG:126 - Exception occured : null
2019-01-18 18:55:11 ERROR LOG:102 - Exception occured : null
2019-01-18 18:55:11 INFO  LOG:114 - InValid Status Code for Incorrect flow of Complete Order0
2019-01-18 18:55:11 INFO  LOG:138 - TestCase_Complete_Order_VerifyStatusCode_InvalidFlow FAILED
2019-01-18 18:55:11 INFO  LOG:129 - Starting test case :TestCase_Complete_Order_VerifyStatusCode_InvalidID
2019-01-18 18:55:11 ERROR LOG:39 - Exception occured : null
2019-01-18 18:55:11 ERROR LOG:90 - Exception occured : null
2019-01-18 18:55:11 ERROR LOG:102 - Exception occured : null
2019-01-18 18:55:11 INFO  LOG:78 - InValid Status Code for Complete Order0
2019-01-18 18:55:11 INFO  LOG:138 - TestCase_Complete_Order_VerifyStatusCode_InvalidID FAILED
2019-01-18 18:55:11 INFO  LOG:129 - Starting test case :TestCase_Complete_Order_VerifyStatusCode_ValidID
2019-01-18 18:55:11 ERROR LOG:39 - Exception occured : null
2019-01-18 18:55:11 ERROR LOG:90 - Exception occured : null
2019-01-18 18:55:11 ERROR LOG:102 - Exception occured : null
2019-01-18 18:55:11 INFO  LOG:42 - Valid Status Code for Complete Order0
2019-01-18 18:55:11 INFO  LOG:138 - TestCase_Complete_Order_VerifyStatusCode_ValidID FAILED
2019-01-18 18:55:11 INFO  LOG:163 - Starting test case :TestCase_Cancel_Order_VerifyStatusCode_InvalidID
2019-01-18 18:55:11 ERROR LOG:39 - Exception occured : null
2019-01-18 18:55:11 ERROR LOG:126 - Exception occured : null
2019-01-18 18:55:11 INFO  LOG:110 - InValid Status Code for Cancel Order0
2019-01-18 18:55:11 INFO  LOG:172 - TestCase_Cancel_Order_VerifyStatusCode_InvalidID FAILED
2019-01-18 18:55:11 INFO  LOG:163 - Starting test case :TestCase_Cancel_Order_VerifyStatusCode_ValidID_AfterPlaceOrder
2019-01-18 18:55:11 ERROR LOG:39 - Exception occured : null
2019-01-18 18:55:11 ERROR LOG:126 - Exception occured : null
2019-01-18 18:55:11 INFO  LOG:40 - Valid Status Code for Cancel Order0
2019-01-18 18:55:11 INFO  LOG:172 - TestCase_Cancel_Order_VerifyStatusCode_ValidID_AfterPlaceOrder FAILED
2019-01-18 18:55:11 INFO  LOG:163 - Starting test case :TestCase_Cancel_Order_VerifyStatusCode_ValidID_AfterTakeOrder
2019-01-18 18:55:11 ERROR LOG:39 - Exception occured : null
2019-01-18 18:55:11 ERROR LOG:90 - Exception occured : null
2019-01-18 18:55:11 ERROR LOG:126 - Exception occured : null
2019-01-18 18:55:11 INFO  LOG:77 - Valid Status Code for Cancel Order0
2019-01-18 18:55:11 INFO  LOG:172 - TestCase_Cancel_Order_VerifyStatusCode_ValidID_AfterTakeOrder FAILED
2019-01-18 18:55:11 INFO  LOG:163 - Starting test case :TestCase_cancel_Order_VerifyStatusCode_InvalidFlow
2019-01-18 18:55:11 ERROR LOG:39 - Exception occured : null
2019-01-18 18:55:11 ERROR LOG:90 - Exception occured : null
2019-01-18 18:55:11 ERROR LOG:102 - Exception occured : null
2019-01-18 18:55:11 ERROR LOG:126 - Exception occured : null
2019-01-18 18:55:11 INFO  LOG:148 - InValid Status Code for Incorrect flow of Cancel Order0
2019-01-18 18:55:11 INFO  LOG:172 - TestCase_cancel_Order_VerifyStatusCode_InvalidFlow FAILED
2019-01-18 19:23:44 INFO  LOG:372 - Starting test case :Testcase_placeAdvanceOrder_VerifyId
2019-01-18 19:23:44 ERROR LOG:42 - Exception occured : null
2019-01-18 19:23:44 INFO  LOG:176 - Advance ID is : 0
2019-01-18 19:23:44 INFO  LOG:381 - Testcase_placeAdvanceOrder_VerifyId FAILED
2019-01-18 19:23:44 INFO  LOG:372 - Starting test case :Testcase_placeAdvanceOrder_verifyDistancesCount
2019-01-18 19:23:44 ERROR LOG:42 - Exception occured : null
2019-01-18 19:23:44 INFO  LOG:381 - Testcase_placeAdvanceOrder_verifyDistancesCount FAILED
2019-01-18 19:23:44 INFO  LOG:372 - Starting test case :Testcase_placeAdvanceOrder_verifyFareAboveTwoKms
2019-01-18 19:23:44 ERROR LOG:42 - Exception occured : null
2019-01-18 19:23:44 INFO  LOG:381 - Testcase_placeAdvanceOrder_verifyFareAboveTwoKms FAILED
2019-01-18 19:23:44 INFO  LOG:372 - Starting test case :Testcase_placeAdvanceOrder_verifyFareAboveTwoKms_NightCharges
2019-01-18 19:23:44 ERROR LOG:42 - Exception occured : null
2019-01-18 19:23:44 INFO  LOG:381 - Testcase_placeAdvanceOrder_verifyFareAboveTwoKms_NightCharges FAILED
2019-01-18 19:23:44 INFO  LOG:372 - Starting test case :Testcase_placeAdvanceOrder_verifyFareBelowTwoKms
2019-01-18 19:23:44 ERROR LOG:42 - Exception occured : null
2019-01-18 19:23:44 INFO  LOG:381 - Testcase_placeAdvanceOrder_verifyFareBelowTwoKms FAILED
2019-01-18 19:23:44 INFO  LOG:372 - Starting test case :Testcase_placeAdvanceOrder_verifyFareBelowTwoKms_NightCharges
2019-01-18 19:23:44 ERROR LOG:42 - Exception occured : null
2019-01-18 19:23:44 INFO  LOG:381 - Testcase_placeAdvanceOrder_verifyFareBelowTwoKms_NightCharges FAILED
2019-01-18 19:23:44 INFO  LOG:372 - Starting test case :Testcase_placeOrder_verifyDistancesCount
2019-01-18 19:23:44 ERROR LOG:42 - Exception occured : null
2019-01-18 19:23:44 INFO  LOG:381 - Testcase_placeOrder_verifyDistancesCount FAILED
2019-01-18 19:23:44 INFO  LOG:372 - Starting test case :Testcase_placeOrder_verifyFareAboveTwoKms
2019-01-18 19:23:44 ERROR LOG:42 - Exception occured : null
2019-01-18 19:23:44 INFO  LOG:381 - Testcase_placeOrder_verifyFareAboveTwoKms FAILED
2019-01-18 19:23:44 INFO  LOG:372 - Starting test case :Testcase_placeOrder_verifyFareBelowTwoKms
2019-01-18 19:23:44 ERROR LOG:42 - Exception occured : null
2019-01-18 19:23:44 INFO  LOG:381 - Testcase_placeOrder_verifyFareBelowTwoKms FAILED
2019-01-18 19:23:44 INFO  LOG:372 - Starting test case :Testcase_placeOrder_verifyID
2019-01-18 19:23:44 ERROR LOG:42 - Exception occured : null
2019-01-18 19:23:44 INFO  LOG:37 - ID is : 0
2019-01-18 19:23:44 INFO  LOG:381 - Testcase_placeOrder_verifyID FAILED
2019-01-18 19:23:44 INFO  LOG:89 - Starting test case :TestCase_Fetch_Order_VerifyStatusCode_InvalidID
2019-01-18 19:23:44 ERROR LOG:42 - Exception occured : null
2019-01-18 19:23:44 ERROR LOG:120 - Exception occured : null
2019-01-18 19:23:44 INFO  LOG:74 - InValid Status Code0
2019-01-18 19:23:44 INFO  LOG:98 - TestCase_Fetch_Order_VerifyStatusCode_InvalidID FAILED
2019-01-18 19:23:44 INFO  LOG:89 - Starting test case :TestCase_Fetch_Order_VerifyStatusCode_ValidID
2019-01-18 19:23:44 ERROR LOG:42 - Exception occured : null
2019-01-18 19:23:44 ERROR LOG:120 - Exception occured : null
2019-01-18 19:23:44 INFO  LOG:40 - Valid Status Code0
2019-01-18 19:23:44 INFO  LOG:98 - TestCase_Fetch_Order_VerifyStatusCode_ValidID FAILED
2019-01-18 19:23:44 INFO  LOG:118 - Starting test case :TestCase_Take_Order_VerifyStatusCode_InvalidFlow
2019-01-18 19:23:44 ERROR LOG:42 - Exception occured : null
2019-01-18 19:23:44 ERROR LOG:133 - Exception occured : null
2019-01-18 19:23:44 ERROR LOG:94 - Exception occured : null
2019-01-18 19:23:44 INFO  LOG:103 - InValid Status Code for Incorrect flow of Take Order0
2019-01-18 19:23:44 INFO  LOG:127 - TestCase_Take_Order_VerifyStatusCode_InvalidFlow FAILED
2019-01-18 19:23:44 INFO  LOG:118 - Starting test case :TestCase_Take_Order_VerifyStatusCode_InvalidID
2019-01-18 19:23:44 ERROR LOG:42 - Exception occured : null
2019-01-18 19:23:44 ERROR LOG:94 - Exception occured : null
2019-01-18 19:23:44 INFO  LOG:70 - InValid Status Code for Take Order0
2019-01-18 19:23:44 INFO  LOG:127 - TestCase_Take_Order_VerifyStatusCode_InvalidID FAILED
2019-01-18 19:23:44 INFO  LOG:118 - Starting test case :TestCase_Take_Order_VerifyStatusCode_ValidID
2019-01-18 19:23:44 ERROR LOG:42 - Exception occured : null
2019-01-18 19:23:44 ERROR LOG:94 - Exception occured : null
2019-01-18 19:23:44 INFO  LOG:38 - Valid Status Code for Take Order 0
2019-01-18 19:23:44 INFO  LOG:127 - TestCase_Take_Order_VerifyStatusCode_ValidID FAILED
2019-01-18 19:23:44 INFO  LOG:129 - Starting test case :TestCase_Complete_Order_VerifyStatusCode_InvalidFlow
2019-01-18 19:23:44 ERROR LOG:42 - Exception occured : null
2019-01-18 19:23:44 ERROR LOG:133 - Exception occured : null
2019-01-18 19:23:44 ERROR LOG:107 - Exception occured : null
2019-01-18 19:23:44 INFO  LOG:114 - InValid Status Code for Incorrect flow of Complete Order0
2019-01-18 19:23:44 INFO  LOG:138 - TestCase_Complete_Order_VerifyStatusCode_InvalidFlow FAILED
2019-01-18 19:23:44 INFO  LOG:129 - Starting test case :TestCase_Complete_Order_VerifyStatusCode_InvalidID
2019-01-18 19:23:44 ERROR LOG:42 - Exception occured : null
2019-01-18 19:23:44 ERROR LOG:94 - Exception occured : null
2019-01-18 19:23:44 ERROR LOG:107 - Exception occured : null
2019-01-18 19:23:44 INFO  LOG:78 - InValid Status Code for Complete Order0
2019-01-18 19:23:44 INFO  LOG:138 - TestCase_Complete_Order_VerifyStatusCode_InvalidID FAILED
2019-01-18 19:23:44 INFO  LOG:129 - Starting test case :TestCase_Complete_Order_VerifyStatusCode_ValidID
2019-01-18 19:23:44 ERROR LOG:42 - Exception occured : null
2019-01-18 19:23:44 ERROR LOG:94 - Exception occured : null
2019-01-18 19:23:44 ERROR LOG:107 - Exception occured : null
2019-01-18 19:23:44 INFO  LOG:42 - Valid Status Code for Complete Order0
2019-01-18 19:23:44 INFO  LOG:138 - TestCase_Complete_Order_VerifyStatusCode_ValidID FAILED
2019-01-18 19:23:44 INFO  LOG:163 - Starting test case :TestCase_Cancel_Order_VerifyStatusCode_InvalidID
2019-01-18 19:23:44 ERROR LOG:42 - Exception occured : null
2019-01-18 19:23:44 ERROR LOG:133 - Exception occured : null
2019-01-18 19:23:44 INFO  LOG:110 - InValid Status Code for Cancel Order0
2019-01-18 19:23:44 INFO  LOG:172 - TestCase_Cancel_Order_VerifyStatusCode_InvalidID FAILED
2019-01-18 19:23:44 INFO  LOG:163 - Starting test case :TestCase_Cancel_Order_VerifyStatusCode_ValidID_AfterPlaceOrder
2019-01-18 19:23:44 ERROR LOG:42 - Exception occured : null
2019-01-18 19:23:44 ERROR LOG:133 - Exception occured : null
2019-01-18 19:23:44 INFO  LOG:40 - Valid Status Code for Cancel Order0
2019-01-18 19:23:44 INFO  LOG:172 - TestCase_Cancel_Order_VerifyStatusCode_ValidID_AfterPlaceOrder FAILED
2019-01-18 19:23:44 INFO  LOG:163 - Starting test case :TestCase_Cancel_Order_VerifyStatusCode_ValidID_AfterTakeOrder
2019-01-18 19:23:44 ERROR LOG:42 - Exception occured : null
2019-01-18 19:23:44 ERROR LOG:94 - Exception occured : null
2019-01-18 19:23:44 ERROR LOG:133 - Exception occured : null
2019-01-18 19:23:44 INFO  LOG:77 - Valid Status Code for Cancel Order0
2019-01-18 19:23:44 INFO  LOG:172 - TestCase_Cancel_Order_VerifyStatusCode_ValidID_AfterTakeOrder FAILED
2019-01-18 19:23:44 INFO  LOG:163 - Starting test case :TestCase_cancel_Order_VerifyStatusCode_InvalidFlow
2019-01-18 19:23:44 ERROR LOG:42 - Exception occured : null
2019-01-18 19:23:44 ERROR LOG:94 - Exception occured : null
2019-01-18 19:23:44 ERROR LOG:107 - Exception occured : null
2019-01-18 19:23:44 ERROR LOG:133 - Exception occured : null
2019-01-18 19:23:44 INFO  LOG:148 - InValid Status Code for Incorrect flow of Cancel Order0
2019-01-18 19:23:44 INFO  LOG:172 - TestCase_cancel_Order_VerifyStatusCode_InvalidFlow FAILED
2019-01-18 19:24:30 INFO  LOG:372 - Starting test case :Testcase_placeAdvanceOrder_VerifyId
2019-01-18 19:24:31 ERROR LOG:42 - Exception occured : null
2019-01-18 19:24:31 INFO  LOG:176 - Advance ID is : 0
2019-01-18 19:24:31 INFO  LOG:381 - Testcase_placeAdvanceOrder_VerifyId FAILED
2019-01-18 19:24:31 INFO  LOG:372 - Starting test case :Testcase_placeAdvanceOrder_verifyDistancesCount
2019-01-18 19:24:31 ERROR LOG:42 - Exception occured : null
2019-01-18 19:24:31 INFO  LOG:381 - Testcase_placeAdvanceOrder_verifyDistancesCount FAILED
2019-01-18 19:24:31 INFO  LOG:372 - Starting test case :Testcase_placeAdvanceOrder_verifyFareAboveTwoKms
2019-01-18 19:24:31 ERROR LOG:42 - Exception occured : null
2019-01-18 19:24:31 INFO  LOG:381 - Testcase_placeAdvanceOrder_verifyFareAboveTwoKms FAILED
2019-01-18 19:24:31 INFO  LOG:372 - Starting test case :Testcase_placeAdvanceOrder_verifyFareAboveTwoKms_NightCharges
2019-01-18 19:24:31 ERROR LOG:42 - Exception occured : null
2019-01-18 19:24:31 INFO  LOG:381 - Testcase_placeAdvanceOrder_verifyFareAboveTwoKms_NightCharges FAILED
2019-01-18 19:24:31 INFO  LOG:372 - Starting test case :Testcase_placeAdvanceOrder_verifyFareBelowTwoKms
2019-01-18 19:24:31 ERROR LOG:42 - Exception occured : null
2019-01-18 19:24:31 INFO  LOG:381 - Testcase_placeAdvanceOrder_verifyFareBelowTwoKms FAILED
2019-01-18 19:24:31 INFO  LOG:372 - Starting test case :Testcase_placeAdvanceOrder_verifyFareBelowTwoKms_NightCharges
2019-01-18 19:24:31 ERROR LOG:42 - Exception occured : null
2019-01-18 19:24:31 INFO  LOG:381 - Testcase_placeAdvanceOrder_verifyFareBelowTwoKms_NightCharges FAILED
2019-01-18 19:24:31 INFO  LOG:372 - Starting test case :Testcase_placeOrder_verifyDistancesCount
2019-01-18 19:24:31 ERROR LOG:42 - Exception occured : null
2019-01-18 19:24:31 INFO  LOG:381 - Testcase_placeOrder_verifyDistancesCount FAILED
2019-01-18 19:24:31 INFO  LOG:372 - Starting test case :Testcase_placeOrder_verifyFareAboveTwoKms
2019-01-18 19:24:31 ERROR LOG:42 - Exception occured : null
2019-01-18 19:24:31 INFO  LOG:381 - Testcase_placeOrder_verifyFareAboveTwoKms FAILED
2019-01-18 19:24:31 INFO  LOG:372 - Starting test case :Testcase_placeOrder_verifyFareBelowTwoKms
2019-01-18 19:24:31 ERROR LOG:42 - Exception occured : null
2019-01-18 19:24:31 INFO  LOG:381 - Testcase_placeOrder_verifyFareBelowTwoKms FAILED
2019-01-18 19:24:31 INFO  LOG:372 - Starting test case :Testcase_placeOrder_verifyID
2019-01-18 19:24:31 ERROR LOG:42 - Exception occured : null
2019-01-18 19:24:31 INFO  LOG:37 - ID is : 0
2019-01-18 19:24:31 INFO  LOG:381 - Testcase_placeOrder_verifyID FAILED
2019-01-18 19:24:31 INFO  LOG:89 - Starting test case :TestCase_Fetch_Order_VerifyStatusCode_InvalidID
2019-01-18 19:24:31 ERROR LOG:42 - Exception occured : null
2019-01-18 19:24:31 ERROR LOG:120 - Exception occured : null
2019-01-18 19:24:31 INFO  LOG:74 - InValid Status Code0
2019-01-18 19:24:31 INFO  LOG:98 - TestCase_Fetch_Order_VerifyStatusCode_InvalidID FAILED
2019-01-18 19:24:31 INFO  LOG:89 - Starting test case :TestCase_Fetch_Order_VerifyStatusCode_ValidID
2019-01-18 19:24:31 ERROR LOG:42 - Exception occured : null
2019-01-18 19:24:31 ERROR LOG:120 - Exception occured : null
2019-01-18 19:24:31 INFO  LOG:40 - Valid Status Code0
2019-01-18 19:24:31 INFO  LOG:98 - TestCase_Fetch_Order_VerifyStatusCode_ValidID FAILED
2019-01-18 19:24:31 INFO  LOG:118 - Starting test case :TestCase_Take_Order_VerifyStatusCode_InvalidFlow
2019-01-18 19:24:31 ERROR LOG:42 - Exception occured : null
2019-01-18 19:24:31 ERROR LOG:133 - Exception occured : null
2019-01-18 19:24:31 ERROR LOG:94 - Exception occured : null
2019-01-18 19:24:31 INFO  LOG:103 - InValid Status Code for Incorrect flow of Take Order0
2019-01-18 19:24:31 INFO  LOG:127 - TestCase_Take_Order_VerifyStatusCode_InvalidFlow FAILED
2019-01-18 19:24:31 INFO  LOG:118 - Starting test case :TestCase_Take_Order_VerifyStatusCode_InvalidID
2019-01-18 19:24:31 ERROR LOG:42 - Exception occured : null
2019-01-18 19:24:31 ERROR LOG:94 - Exception occured : null
2019-01-18 19:24:31 INFO  LOG:70 - InValid Status Code for Take Order0
2019-01-18 19:24:31 INFO  LOG:127 - TestCase_Take_Order_VerifyStatusCode_InvalidID FAILED
2019-01-18 19:24:31 INFO  LOG:118 - Starting test case :TestCase_Take_Order_VerifyStatusCode_ValidID
2019-01-18 19:24:31 ERROR LOG:42 - Exception occured : null
2019-01-18 19:24:31 ERROR LOG:94 - Exception occured : null
2019-01-18 19:24:31 INFO  LOG:38 - Valid Status Code for Take Order 0
2019-01-18 19:24:31 INFO  LOG:127 - TestCase_Take_Order_VerifyStatusCode_ValidID FAILED
2019-01-18 19:24:31 INFO  LOG:129 - Starting test case :TestCase_Complete_Order_VerifyStatusCode_InvalidFlow
2019-01-18 19:24:31 ERROR LOG:42 - Exception occured : null
2019-01-18 19:24:31 ERROR LOG:133 - Exception occured : null
2019-01-18 19:24:31 ERROR LOG:107 - Exception occured : null
2019-01-18 19:24:31 INFO  LOG:114 - InValid Status Code for Incorrect flow of Complete Order0
2019-01-18 19:24:31 INFO  LOG:138 - TestCase_Complete_Order_VerifyStatusCode_InvalidFlow FAILED
2019-01-18 19:24:31 INFO  LOG:129 - Starting test case :TestCase_Complete_Order_VerifyStatusCode_InvalidID
2019-01-18 19:24:31 ERROR LOG:42 - Exception occured : null
2019-01-18 19:24:31 ERROR LOG:94 - Exception occured : null
2019-01-18 19:24:31 ERROR LOG:107 - Exception occured : null
2019-01-18 19:24:31 INFO  LOG:78 - InValid Status Code for Complete Order0
2019-01-18 19:24:31 INFO  LOG:138 - TestCase_Complete_Order_VerifyStatusCode_InvalidID FAILED
2019-01-18 19:24:31 INFO  LOG:129 - Starting test case :TestCase_Complete_Order_VerifyStatusCode_ValidID
2019-01-18 19:24:31 ERROR LOG:42 - Exception occured : null
2019-01-18 19:24:31 ERROR LOG:94 - Exception occured : null
2019-01-18 19:24:31 ERROR LOG:107 - Exception occured : null
2019-01-18 19:24:31 INFO  LOG:42 - Valid Status Code for Complete Order0
2019-01-18 19:24:31 INFO  LOG:138 - TestCase_Complete_Order_VerifyStatusCode_ValidID FAILED
2019-01-18 19:24:31 INFO  LOG:163 - Starting test case :TestCase_Cancel_Order_VerifyStatusCode_InvalidID
2019-01-18 19:24:31 ERROR LOG:42 - Exception occured : null
2019-01-18 19:24:31 ERROR LOG:133 - Exception occured : null
2019-01-18 19:24:31 INFO  LOG:110 - InValid Status Code for Cancel Order0
2019-01-18 19:24:31 INFO  LOG:172 - TestCase_Cancel_Order_VerifyStatusCode_InvalidID FAILED
2019-01-18 19:24:31 INFO  LOG:163 - Starting test case :TestCase_Cancel_Order_VerifyStatusCode_ValidID_AfterPlaceOrder
2019-01-18 19:24:31 ERROR LOG:42 - Exception occured : null
2019-01-18 19:24:31 ERROR LOG:133 - Exception occured : null
2019-01-18 19:24:31 INFO  LOG:40 - Valid Status Code for Cancel Order0
2019-01-18 19:24:31 INFO  LOG:172 - TestCase_Cancel_Order_VerifyStatusCode_ValidID_AfterPlaceOrder FAILED
2019-01-18 19:24:31 INFO  LOG:163 - Starting test case :TestCase_Cancel_Order_VerifyStatusCode_ValidID_AfterTakeOrder
2019-01-18 19:24:31 ERROR LOG:42 - Exception occured : null
2019-01-18 19:24:31 ERROR LOG:94 - Exception occured : null
2019-01-18 19:24:31 ERROR LOG:133 - Exception occured : null
2019-01-18 19:24:31 INFO  LOG:77 - Valid Status Code for Cancel Order0
2019-01-18 19:24:31 INFO  LOG:172 - TestCase_Cancel_Order_VerifyStatusCode_ValidID_AfterTakeOrder FAILED
2019-01-18 19:24:31 INFO  LOG:163 - Starting test case :TestCase_cancel_Order_VerifyStatusCode_InvalidFlow
2019-01-18 19:24:31 ERROR LOG:42 - Exception occured : null
2019-01-18 19:24:31 ERROR LOG:94 - Exception occured : null
2019-01-18 19:24:31 ERROR LOG:107 - Exception occured : null
2019-01-18 19:24:31 ERROR LOG:133 - Exception occured : null
2019-01-18 19:24:31 INFO  LOG:148 - InValid Status Code for Incorrect flow of Cancel Order0
2019-01-18 19:24:31 INFO  LOG:172 - TestCase_cancel_Order_VerifyStatusCode_InvalidFlow FAILED
2019-01-18 19:25:47 INFO  LOG:372 - Starting test case :Testcase_placeAdvanceOrder_VerifyId
2019-01-18 19:25:49 INFO  LOG:176 - Advance ID is : 877
2019-01-18 19:25:49 INFO  LOG:379 - Testcase_placeAdvanceOrder_VerifyId PASSED.
2019-01-18 19:25:49 INFO  LOG:372 - Starting test case :Testcase_placeAdvanceOrder_verifyDistancesCount
2019-01-18 19:25:50 INFO  LOG:205 - Length for Advance order is : 2
2019-01-18 19:25:50 INFO  LOG:379 - Testcase_placeAdvanceOrder_verifyDistancesCount PASSED.
2019-01-18 19:25:50 INFO  LOG:372 - Starting test case :Testcase_placeAdvanceOrder_verifyFareAboveTwoKms
2019-01-18 19:25:50 INFO  LOG:281 - Additional Fare for Advance booking is : 50.6
2019-01-18 19:25:50 INFO  LOG:379 - Testcase_placeAdvanceOrder_verifyFareAboveTwoKms PASSED.
2019-01-18 19:25:50 INFO  LOG:372 - Starting test case :Testcase_placeAdvanceOrder_verifyFareAboveTwoKms_NightCharges
2019-01-18 19:25:50 INFO  LOG:358 - Additional  Night Fare for Advance booking is : 78.96
2019-01-18 19:25:50 INFO  LOG:379 - Testcase_placeAdvanceOrder_verifyFareAboveTwoKms_NightCharges PASSED.
2019-01-18 19:25:50 INFO  LOG:372 - Starting test case :Testcase_placeAdvanceOrder_verifyFareBelowTwoKms
2019-01-18 19:25:50 INFO  LOG:241 - Fare for Advance booking is : 20.0
2019-01-18 19:25:50 INFO  LOG:379 - Testcase_placeAdvanceOrder_verifyFareBelowTwoKms PASSED.
2019-01-18 19:25:50 INFO  LOG:372 - Starting test case :Testcase_placeAdvanceOrder_verifyFareBelowTwoKms_NightCharges
2019-01-18 19:25:50 INFO  LOG:320 - Night Fare for Advance booking is : 30.0
2019-01-18 19:25:50 INFO  LOG:379 - Testcase_placeAdvanceOrder_verifyFareBelowTwoKms_NightCharges PASSED.
2019-01-18 19:25:50 INFO  LOG:372 - Starting test case :Testcase_placeOrder_verifyDistancesCount
2019-01-18 19:25:50 INFO  LOG:69 - Length is : 2
2019-01-18 19:25:50 INFO  LOG:379 - Testcase_placeOrder_verifyDistancesCount PASSED.
2019-01-18 19:25:50 INFO  LOG:372 - Starting test case :Testcase_placeOrder_verifyFareAboveTwoKms
2019-01-18 19:25:51 INFO  LOG:149 - Additional Fare is : 50.6
2019-01-18 19:25:51 INFO  LOG:379 - Testcase_placeOrder_verifyFareAboveTwoKms PASSED.
2019-01-18 19:25:51 INFO  LOG:372 - Starting test case :Testcase_placeOrder_verifyFareBelowTwoKms
2019-01-18 19:25:51 INFO  LOG:109 - Fare is : 20.0
2019-01-18 19:25:51 INFO  LOG:379 - Testcase_placeOrder_verifyFareBelowTwoKms PASSED.
2019-01-18 19:25:51 INFO  LOG:372 - Starting test case :Testcase_placeOrder_verifyID
2019-01-18 19:25:51 INFO  LOG:37 - ID is : 886
2019-01-18 19:25:51 INFO  LOG:379 - Testcase_placeOrder_verifyID PASSED.
2019-01-18 19:25:51 INFO  LOG:89 - Starting test case :TestCase_Fetch_Order_VerifyStatusCode_InvalidID
2019-01-18 19:25:51 ERROR LOG:124 - Exception occured : null
2019-01-18 19:25:51 INFO  LOG:74 - InValid Status Code201
2019-01-18 19:25:51 INFO  LOG:98 - TestCase_Fetch_Order_VerifyStatusCode_InvalidID FAILED
2019-01-18 19:25:51 INFO  LOG:89 - Starting test case :TestCase_Fetch_Order_VerifyStatusCode_ValidID
2019-01-18 19:25:52 ERROR LOG:124 - Exception occured : null
2019-01-18 19:25:52 INFO  LOG:40 - Valid Status Code201
2019-01-18 19:25:52 INFO  LOG:98 - TestCase_Fetch_Order_VerifyStatusCode_ValidID FAILED
2019-01-18 19:25:52 INFO  LOG:118 - Starting test case :TestCase_Take_Order_VerifyStatusCode_InvalidFlow
2019-01-18 19:25:52 ERROR LOG:137 - Exception occured : null
2019-01-18 19:25:52 ERROR LOG:98 - Exception occured : null
2019-01-18 19:25:52 INFO  LOG:103 - InValid Status Code for Incorrect flow of Take Order201
2019-01-18 19:25:52 INFO  LOG:127 - TestCase_Take_Order_VerifyStatusCode_InvalidFlow FAILED
2019-01-18 19:25:52 INFO  LOG:118 - Starting test case :TestCase_Take_Order_VerifyStatusCode_InvalidID
2019-01-18 19:25:52 ERROR LOG:98 - Exception occured : null
2019-01-18 19:25:52 INFO  LOG:70 - InValid Status Code for Take Order201
2019-01-18 19:25:52 INFO  LOG:127 - TestCase_Take_Order_VerifyStatusCode_InvalidID FAILED
2019-01-18 19:25:52 INFO  LOG:118 - Starting test case :TestCase_Take_Order_VerifyStatusCode_ValidID
2019-01-18 19:25:52 ERROR LOG:98 - Exception occured : null
2019-01-18 19:25:52 INFO  LOG:38 - Valid Status Code for Take Order 201
2019-01-18 19:25:52 INFO  LOG:127 - TestCase_Take_Order_VerifyStatusCode_ValidID FAILED
2019-01-18 19:25:52 INFO  LOG:129 - Starting test case :TestCase_Complete_Order_VerifyStatusCode_InvalidFlow
2019-01-18 19:25:53 ERROR LOG:137 - Exception occured : null
2019-01-18 19:25:53 ERROR LOG:111 - Exception occured : null
2019-01-18 19:25:53 INFO  LOG:114 - InValid Status Code for Incorrect flow of Complete Order201
2019-01-18 19:25:53 INFO  LOG:138 - TestCase_Complete_Order_VerifyStatusCode_InvalidFlow FAILED
2019-01-18 19:25:53 INFO  LOG:129 - Starting test case :TestCase_Complete_Order_VerifyStatusCode_InvalidID
2019-01-18 19:25:53 ERROR LOG:98 - Exception occured : null
2019-01-18 19:25:53 ERROR LOG:111 - Exception occured : null
2019-01-18 19:25:53 INFO  LOG:78 - InValid Status Code for Complete Order201
2019-01-18 19:25:53 INFO  LOG:138 - TestCase_Complete_Order_VerifyStatusCode_InvalidID FAILED
2019-01-18 19:25:53 INFO  LOG:129 - Starting test case :TestCase_Complete_Order_VerifyStatusCode_ValidID
2019-01-18 19:25:53 ERROR LOG:98 - Exception occured : null
2019-01-18 19:25:53 ERROR LOG:111 - Exception occured : null
2019-01-18 19:25:53 INFO  LOG:42 - Valid Status Code for Complete Order201
2019-01-18 19:25:53 INFO  LOG:138 - TestCase_Complete_Order_VerifyStatusCode_ValidID FAILED
2019-01-18 19:25:53 INFO  LOG:163 - Starting test case :TestCase_Cancel_Order_VerifyStatusCode_InvalidID
2019-01-18 19:25:53 ERROR LOG:137 - Exception occured : null
2019-01-18 19:25:53 INFO  LOG:110 - InValid Status Code for Cancel Order201
2019-01-18 19:25:53 INFO  LOG:172 - TestCase_Cancel_Order_VerifyStatusCode_InvalidID FAILED
2019-01-18 19:25:53 INFO  LOG:163 - Starting test case :TestCase_Cancel_Order_VerifyStatusCode_ValidID_AfterPlaceOrder
2019-01-18 19:25:53 ERROR LOG:137 - Exception occured : null
2019-01-18 19:25:53 INFO  LOG:40 - Valid Status Code for Cancel Order201
2019-01-18 19:25:53 INFO  LOG:172 - TestCase_Cancel_Order_VerifyStatusCode_ValidID_AfterPlaceOrder FAILED
2019-01-18 19:25:53 INFO  LOG:163 - Starting test case :TestCase_Cancel_Order_VerifyStatusCode_ValidID_AfterTakeOrder
2019-01-18 19:25:54 ERROR LOG:98 - Exception occured : null
2019-01-18 19:25:54 ERROR LOG:137 - Exception occured : null
2019-01-18 19:25:54 INFO  LOG:77 - Valid Status Code for Cancel Order201
2019-01-18 19:25:54 INFO  LOG:172 - TestCase_Cancel_Order_VerifyStatusCode_ValidID_AfterTakeOrder FAILED
2019-01-18 19:25:54 INFO  LOG:163 - Starting test case :TestCase_cancel_Order_VerifyStatusCode_InvalidFlow
2019-01-18 19:25:54 ERROR LOG:98 - Exception occured : null
2019-01-18 19:25:54 ERROR LOG:111 - Exception occured : null
2019-01-18 19:25:54 ERROR LOG:137 - Exception occured : null
2019-01-18 19:25:54 INFO  LOG:148 - InValid Status Code for Incorrect flow of Cancel Order201
2019-01-18 19:25:54 INFO  LOG:172 - TestCase_cancel_Order_VerifyStatusCode_InvalidFlow FAILED
2019-01-18 19:28:15 INFO  LOG:89 - Starting test case :TestCase_Fetch_Order_VerifyStatusCode_InvalidID
2019-01-18 19:28:17 ERROR LOG:124 - Exception occured : null
2019-01-18 19:28:17 INFO  LOG:74 - InValid Status Code201
2019-01-18 19:28:17 INFO  LOG:98 - TestCase_Fetch_Order_VerifyStatusCode_InvalidID FAILED
2019-01-18 19:28:17 INFO  LOG:89 - Starting test case :TestCase_Fetch_Order_VerifyStatusCode_ValidID
2019-01-18 19:33:24 INFO  LOG:89 - Starting test case :TestCase_Fetch_Order_VerifyStatusCode_InvalidID
2019-01-18 19:33:26 ERROR LOG:124 - Exception occured : null
2019-01-18 19:33:26 INFO  LOG:74 - InValid Status Code201
2019-01-18 19:33:26 INFO  LOG:98 - TestCase_Fetch_Order_VerifyStatusCode_InvalidID FAILED
2019-01-18 19:33:26 INFO  LOG:89 - Starting test case :TestCase_Fetch_Order_VerifyStatusCode_ValidID
2019-01-18 19:33:27 ERROR LOG:124 - Exception occured : null
2019-01-18 19:33:27 INFO  LOG:40 - Valid Status Code201
2019-01-18 19:33:27 INFO  LOG:98 - TestCase_Fetch_Order_VerifyStatusCode_ValidID FAILED
2019-01-18 19:33:46 INFO  LOG:89 - Starting test case :TestCase_Fetch_Order_VerifyStatusCode_InvalidID
2019-01-18 19:33:47 ERROR LOG:124 - Exception occured : null
2019-01-18 19:33:47 INFO  LOG:74 - InValid Status Code201
2019-01-18 19:33:47 INFO  LOG:98 - TestCase_Fetch_Order_VerifyStatusCode_InvalidID FAILED
2019-01-18 19:33:47 INFO  LOG:89 - Starting test case :TestCase_Fetch_Order_VerifyStatusCode_ValidID
2019-01-18 19:35:41 INFO  LOG:89 - Starting test case :TestCase_Fetch_Order_VerifyStatusCode_InvalidID
2019-01-18 19:35:43 INFO  LOG:74 - InValid Status Code404
2019-01-18 19:35:43 INFO  LOG:96 - TestCase_Fetch_Order_VerifyStatusCode_InvalidID PASSED.
2019-01-18 19:35:43 INFO  LOG:89 - Starting test case :TestCase_Fetch_Order_VerifyStatusCode_ValidID
2019-01-18 19:35:43 INFO  LOG:40 - Valid Status Code200
2019-01-18 19:35:43 INFO  LOG:96 - TestCase_Fetch_Order_VerifyStatusCode_ValidID PASSED.
2019-01-18 19:38:05 INFO  LOG:87 - Starting test case :TestCase_Fetch_Order_VerifyStatusCode_InvalidID
2019-01-18 19:38:08 INFO  LOG:74 - InValid Status Code404
2019-01-18 19:38:08 INFO  LOG:94 - TestCase_Fetch_Order_VerifyStatusCode_InvalidID PASSED.
2019-01-18 19:38:08 INFO  LOG:87 - Starting test case :TestCase_Fetch_Order_VerifyStatusCode_ValidID
2019-01-18 19:38:08 INFO  LOG:40 - Valid Status Code200
2019-01-18 19:38:08 INFO  LOG:94 - TestCase_Fetch_Order_VerifyStatusCode_ValidID PASSED.
2019-01-18 19:51:05 INFO  LOG:87 - Starting test case :TestCase_Fetch_Order_VerifyStatusCode_InvalidID
2019-01-18 19:51:07 INFO  LOG:74 - InValid Status Code404
2019-01-18 19:51:07 INFO  LOG:94 - TestCase_Fetch_Order_VerifyStatusCode_InvalidID PASSED.
2019-01-18 19:51:07 INFO  LOG:87 - Starting test case :TestCase_Fetch_Order_VerifyStatusCode_ValidID
2019-01-18 19:51:56 INFO  LOG:40 - Valid Status Code200
2019-01-18 19:51:56 INFO  LOG:94 - TestCase_Fetch_Order_VerifyStatusCode_ValidID PASSED.
2019-01-18 19:59:14 INFO  LOG:87 - Starting test case :TestCase_Fetch_Order_VerifyStatusCode_InvalidID
2019-01-18 19:59:16 INFO  LOG:74 - InValid Status Code404
2019-01-18 19:59:16 INFO  LOG:94 - TestCase_Fetch_Order_VerifyStatusCode_InvalidID PASSED.
2019-01-18 19:59:16 INFO  LOG:87 - Starting test case :TestCase_Fetch_Order_VerifyStatusCode_ValidID
2019-01-18 19:59:16 INFO  LOG:40 - Valid Status Code200
2019-01-18 19:59:16 INFO  LOG:94 - TestCase_Fetch_Order_VerifyStatusCode_ValidID PASSED.
2019-01-18 21:47:57 INFO  LOG:87 - Starting test case :TestCase_Fetch_Order_VerifyStatusCode_InvalidID
2019-01-18 21:48:33 INFO  LOG:87 - Starting test case :TestCase_Fetch_Order_VerifyStatusCode_InvalidID
2019-01-18 21:48:36 ERROR LOG:81 - Exception occured : null
2019-01-18 21:48:51 INFO  LOG:87 - Starting test case :TestCase_Fetch_Order_VerifyStatusCode_InvalidID
2019-01-18 21:50:45 INFO  LOG:87 - Starting test case :TestCase_Fetch_Order_VerifyStatusCode_InvalidID
2019-01-18 21:51:37 INFO  LOG:87 - Starting test case :TestCase_Fetch_Order_VerifyStatusCode_InvalidID
2019-01-18 21:52:07 INFO  LOG:87 - Starting test case :TestCase_Fetch_Order_VerifyStatusCode_InvalidID
2019-01-18 21:54:28 INFO  LOG:87 - Starting test case :TestCase_Fetch_Order_VerifyStatusCode_InvalidID
2019-01-18 21:56:04 INFO  LOG:87 - Starting test case :TestCase_Fetch_Order_VerifyStatusCode_InvalidID
2019-01-18 21:58:16 INFO  LOG:87 - Starting test case :TestCase_Fetch_Order_VerifyStatusCode_InvalidID
2019-01-18 22:18:17 INFO  LOG:87 - Starting test case :TestCase_Fetch_Order_VerifyStatusCode_InvalidID
2019-01-18 22:23:38 INFO  LOG:87 - Starting test case :TestCase_Fetch_Order_VerifyStatusCode_InvalidID
2019-01-18 22:28:04 INFO  LOG:87 - Starting test case :TestCase_Fetch_Order_VerifyStatusCode_InvalidID
2019-01-19 13:06:39 INFO  LOG:87 - Starting test case :TestCase_Fetch_Order_VerifyStatusCode_InvalidID
2019-01-19 13:19:18 INFO  LOG:87 - Starting test case :TestCase_Fetch_Order_VerifyStatusCode_InvalidID
2019-01-19 13:20:25 INFO  LOG:87 - Starting test case :TestCase_Fetch_Order_VerifyStatusCode_InvalidID
2019-01-19 14:23:42 INFO  LOG:372 - Starting test case :Testcase_placeAdvanceOrder_VerifyId
2019-01-19 14:23:43 ERROR LOG:53 - Exception occured : JSONObject["id"] not found.
2019-01-19 14:23:43 INFO  LOG:176 - Advance ID is : 0
2019-01-19 14:23:43 INFO  LOG:381 - Testcase_placeAdvanceOrder_VerifyId FAILED
2019-01-19 14:23:59 INFO  LOG:372 - Starting test case :Testcase_placeAdvanceOrder_VerifyId
2019-01-19 14:26:41 ERROR LOG:53 - Exception occured : JSONObject["id"] not found.
2019-01-19 14:27:22 INFO  LOG:176 - Advance ID is : 0
2019-01-19 14:27:22 INFO  LOG:381 - Testcase_placeAdvanceOrder_VerifyId FAILED
2019-01-19 16:22:29 INFO  LOG:372 - Starting test case :Testcase_placeAdvanceOrder_VerifyId
2019-01-19 16:23:29 INFO  LOG:176 - Advance ID is : 913
2019-01-19 16:23:50 INFO  LOG:372 - Starting test case :Testcase_placeAdvanceOrder_VerifyId
2019-01-19 16:23:51 INFO  LOG:176 - Advance ID is : 914
2019-01-19 16:23:51 INFO  LOG:379 - Testcase_placeAdvanceOrder_VerifyId PASSED.
2019-01-19 16:23:51 INFO  LOG:372 - Starting test case :Testcase_placeAdvanceOrder_verifyDistancesCount
2019-01-19 16:23:51 INFO  LOG:205 - Length for Advance order is : 2
2019-01-19 16:23:51 INFO  LOG:379 - Testcase_placeAdvanceOrder_verifyDistancesCount PASSED.
2019-01-19 16:23:51 INFO  LOG:372 - Starting test case :Testcase_placeAdvanceOrder_verifyFareAboveTwoKms
2019-01-19 16:23:51 INFO  LOG:281 - Additional Fare for Advance booking is : 50.6
2019-01-19 16:23:51 INFO  LOG:379 - Testcase_placeAdvanceOrder_verifyFareAboveTwoKms PASSED.
2019-01-19 16:23:51 INFO  LOG:372 - Starting test case :Testcase_placeAdvanceOrder_verifyFareAboveTwoKms_NightCharges
2019-01-19 16:23:51 INFO  LOG:358 - Additional  Night Fare for Advance booking is : 78.96
2019-01-19 16:23:51 INFO  LOG:379 - Testcase_placeAdvanceOrder_verifyFareAboveTwoKms_NightCharges PASSED.
2019-01-19 16:23:51 INFO  LOG:372 - Starting test case :Testcase_placeAdvanceOrder_verifyFareBelowTwoKms
2019-01-19 16:23:51 INFO  LOG:241 - Fare for Advance booking is : 20.0
2019-01-19 16:23:51 INFO  LOG:379 - Testcase_placeAdvanceOrder_verifyFareBelowTwoKms PASSED.
2019-01-19 16:23:51 INFO  LOG:372 - Starting test case :Testcase_placeAdvanceOrder_verifyFareBelowTwoKms_NightCharges
2019-01-19 16:23:52 INFO  LOG:320 - Night Fare for Advance booking is : 30.0
2019-01-19 16:23:52 INFO  LOG:379 - Testcase_placeAdvanceOrder_verifyFareBelowTwoKms_NightCharges PASSED.
2019-01-19 16:23:52 INFO  LOG:372 - Starting test case :Testcase_placeOrder_verifyDistancesCount
2019-01-19 16:23:52 INFO  LOG:69 - Length is : 2
2019-01-19 16:23:52 INFO  LOG:379 - Testcase_placeOrder_verifyDistancesCount PASSED.
2019-01-19 16:23:52 INFO  LOG:372 - Starting test case :Testcase_placeOrder_verifyFareAboveTwoKms
2019-01-19 16:23:52 INFO  LOG:149 - Additional Fare is : 50.6
2019-01-19 16:23:52 INFO  LOG:379 - Testcase_placeOrder_verifyFareAboveTwoKms PASSED.
2019-01-19 16:23:52 INFO  LOG:372 - Starting test case :Testcase_placeOrder_verifyFareBelowTwoKms
2019-01-19 16:23:52 INFO  LOG:109 - Fare is : 20.0
2019-01-19 16:23:52 INFO  LOG:379 - Testcase_placeOrder_verifyFareBelowTwoKms PASSED.
2019-01-19 16:23:52 INFO  LOG:372 - Starting test case :Testcase_placeOrder_verifyID
2019-01-19 16:23:52 INFO  LOG:37 - ID is : 923
2019-01-19 16:23:52 INFO  LOG:379 - Testcase_placeOrder_verifyID PASSED.
2019-01-19 17:05:57 INFO  LOG:397 - Starting test case :Testcase_placeOrder_verifyFareBelowTwoKms
2019-01-19 17:06:53 INFO  LOG:397 - Starting test case :Testcase_placeOrder_verifyFareBelowTwoKms
2019-01-19 17:08:11 INFO  LOG:110 - Fare is : 20.0
2019-01-19 17:34:46 INFO  LOG:383 - Starting test case :Testcase_placeAdvanceOrder_verifyFareBelowTwoKms_NightCharges
2019-01-19 17:36:16 INFO  LOG:383 - Starting test case :Testcase_placeAdvanceOrder_verifyFareBelowTwoKms_NightCharges
2019-01-19 17:42:37 INFO  LOG:383 - Starting test case :Testcase_placeAdvanceOrder_verifyFareBelowTwoKms_NightCharges
2019-01-19 17:43:59 INFO  LOG:311 - Night Fare for Advance booking is : 30.0
2019-01-19 18:37:08 INFO  LOG:353 - Starting test case :Testcase_placeAdvanceOrder_VerifyId
2019-01-19 18:37:10 INFO  LOG:172 - Advance ID is : 926
2019-01-19 18:37:10 INFO  LOG:360 - Testcase_placeAdvanceOrder_VerifyId PASSED.
2019-01-19 18:37:10 INFO  LOG:353 - Starting test case :Testcase_placeAdvanceOrder_verifyDistancesCount
2019-01-19 18:37:10 INFO  LOG:203 - Length for Advance order is : 2
2019-01-19 18:37:10 INFO  LOG:360 - Testcase_placeAdvanceOrder_verifyDistancesCount PASSED.
2019-01-19 18:37:10 INFO  LOG:353 - Starting test case :Testcase_placeAdvanceOrder_verifyFareAboveTwoKms
2019-01-19 18:37:10 INFO  LOG:360 - Testcase_placeAdvanceOrder_verifyFareAboveTwoKms PASSED.
2019-01-19 18:37:10 INFO  LOG:353 - Starting test case :Testcase_placeAdvanceOrder_verifyFareAboveTwoKms_NightCharges
2019-01-19 18:37:10 INFO  LOG:360 - Testcase_placeAdvanceOrder_verifyFareAboveTwoKms_NightCharges PASSED.
2019-01-19 18:37:10 INFO  LOG:353 - Starting test case :Testcase_placeAdvanceOrder_verifyFareBelowTwoKms
2019-01-19 18:37:10 INFO  LOG:234 - Fare for Advance booking is : 20.0
2019-01-19 18:37:10 INFO  LOG:360 - Testcase_placeAdvanceOrder_verifyFareBelowTwoKms PASSED.
2019-01-19 18:37:10 INFO  LOG:353 - Starting test case :Testcase_placeAdvanceOrder_verifyFareBelowTwoKms_NightCharges
2019-01-19 18:37:11 INFO  LOG:305 - Night Fare for Advance booking is : 30.0
2019-01-19 18:37:11 INFO  LOG:360 - Testcase_placeAdvanceOrder_verifyFareBelowTwoKms_NightCharges PASSED.
2019-01-19 18:37:11 INFO  LOG:353 - Starting test case :Testcase_placeOrder_verifyDistancesCount
2019-01-19 18:37:11 INFO  LOG:77 - Length is : 2
2019-01-19 18:37:11 INFO  LOG:360 - Testcase_placeOrder_verifyDistancesCount PASSED.
2019-01-19 18:37:11 INFO  LOG:353 - Starting test case :Testcase_placeOrder_verifyFareAboveTwoKms
2019-01-19 18:37:11 INFO  LOG:360 - Testcase_placeOrder_verifyFareAboveTwoKms PASSED.
2019-01-19 18:37:11 INFO  LOG:353 - Starting test case :Testcase_placeOrder_verifyFareBelowTwoKms
2019-01-19 18:37:11 INFO  LOG:109 - Fare is : 20.0
2019-01-19 18:37:11 INFO  LOG:360 - Testcase_placeOrder_verifyFareBelowTwoKms PASSED.
2019-01-19 18:37:11 INFO  LOG:353 - Starting test case :Testcase_placeOrder_verifyID
2019-01-19 18:37:11 INFO  LOG:46 - ID is : 932
2019-01-19 18:37:11 INFO  LOG:362 - Testcase_placeOrder_verifyID FAILED
2019-01-19 18:38:52 INFO  LOG:87 - Starting test case :TestCase_Fetch_Order_VerifyStatusCode_InvalidID
2019-01-19 18:38:54 INFO  LOG:74 - InValid Status Code404
2019-01-19 18:38:54 INFO  LOG:94 - TestCase_Fetch_Order_VerifyStatusCode_InvalidID PASSED.
2019-01-19 18:38:54 INFO  LOG:87 - Starting test case :TestCase_Fetch_Order_VerifyStatusCode_ValidID
2019-01-19 18:38:55 INFO  LOG:40 - Valid Status Code200
2019-01-19 18:38:55 INFO  LOG:94 - TestCase_Fetch_Order_VerifyStatusCode_ValidID PASSED.
2019-01-19 18:39:15 INFO  LOG:353 - Starting test case :Testcase_placeOrder_verifyID
2019-01-19 18:39:16 INFO  LOG:46 - ID is : 935
2019-01-19 18:39:16 INFO  LOG:360 - Testcase_placeOrder_verifyID PASSED.
2019-01-19 18:39:29 INFO  LOG:353 - Starting test case :Testcase_placeAdvanceOrder_VerifyId
2019-01-19 18:39:30 INFO  LOG:172 - Advance ID is : 936
2019-01-19 18:39:30 INFO  LOG:360 - Testcase_placeAdvanceOrder_VerifyId PASSED.
2019-01-19 18:39:30 INFO  LOG:353 - Starting test case :Testcase_placeAdvanceOrder_verifyDistancesCount
2019-01-19 18:39:30 INFO  LOG:203 - Length for Advance order is : 2
2019-01-19 18:39:30 INFO  LOG:360 - Testcase_placeAdvanceOrder_verifyDistancesCount PASSED.
2019-01-19 18:39:30 INFO  LOG:353 - Starting test case :Testcase_placeAdvanceOrder_verifyFareAboveTwoKms
2019-01-19 18:39:30 INFO  LOG:360 - Testcase_placeAdvanceOrder_verifyFareAboveTwoKms PASSED.
2019-01-19 18:39:30 INFO  LOG:353 - Starting test case :Testcase_placeAdvanceOrder_verifyFareAboveTwoKms_NightCharges
2019-01-19 18:39:30 INFO  LOG:360 - Testcase_placeAdvanceOrder_verifyFareAboveTwoKms_NightCharges PASSED.
2019-01-19 18:39:30 INFO  LOG:353 - Starting test case :Testcase_placeAdvanceOrder_verifyFareBelowTwoKms
2019-01-19 18:39:30 INFO  LOG:234 - Fare for Advance booking is : 20.0
2019-01-19 18:39:30 INFO  LOG:360 - Testcase_placeAdvanceOrder_verifyFareBelowTwoKms PASSED.
2019-01-19 18:39:30 INFO  LOG:353 - Starting test case :Testcase_placeAdvanceOrder_verifyFareBelowTwoKms_NightCharges
2019-01-19 18:39:30 INFO  LOG:305 - Night Fare for Advance booking is : 30.0
2019-01-19 18:39:30 INFO  LOG:360 - Testcase_placeAdvanceOrder_verifyFareBelowTwoKms_NightCharges PASSED.
2019-01-19 18:39:30 INFO  LOG:353 - Starting test case :Testcase_placeOrder_verifyDistancesCount
2019-01-19 18:39:30 INFO  LOG:77 - Length is : 2
2019-01-19 18:39:30 INFO  LOG:360 - Testcase_placeOrder_verifyDistancesCount PASSED.
2019-01-19 18:39:30 INFO  LOG:353 - Starting test case :Testcase_placeOrder_verifyFareAboveTwoKms
2019-01-19 18:39:31 INFO  LOG:360 - Testcase_placeOrder_verifyFareAboveTwoKms PASSED.
2019-01-19 18:39:31 INFO  LOG:353 - Starting test case :Testcase_placeOrder_verifyFareBelowTwoKms
2019-01-19 18:39:31 INFO  LOG:109 - Fare is : 20.0
2019-01-19 18:39:31 INFO  LOG:360 - Testcase_placeOrder_verifyFareBelowTwoKms PASSED.
2019-01-19 18:39:31 INFO  LOG:353 - Starting test case :Testcase_placeOrder_verifyID
2019-01-19 18:39:31 INFO  LOG:46 - ID is : 942
2019-01-19 18:39:31 INFO  LOG:360 - Testcase_placeOrder_verifyID PASSED.
2019-01-19 18:43:32 INFO  LOG:353 - Starting test case :Testcase_placeOrder_verifyFareAboveTwoKms
2019-01-19 18:47:26 INFO  LOG:353 - Starting test case :Testcase_placeOrder_verifyFareAboveTwoKms
2019-01-19 18:49:25 INFO  LOG:353 - Starting test case :Testcase_placeOrder_verifyFareAboveTwoKms
2019-01-19 18:49:26 INFO  LOG:145 - Additional Fare is : 50.6
2019-01-19 18:49:26 INFO  LOG:362 - Testcase_placeOrder_verifyFareAboveTwoKms FAILED
2019-01-19 18:49:27 INFO  LOG:353 - Starting test case :Testcase_placeOrder_verifyFareAboveTwoKms
2019-01-19 18:49:28 INFO  LOG:145 - Additional Fare is : 50.6
2019-01-19 18:49:28 INFO  LOG:362 - Testcase_placeOrder_verifyFareAboveTwoKms FAILED
2019-01-19 19:07:26 INFO  LOG:353 - Starting test case :Testcase_placeAdvanceOrder_VerifyId
2019-01-19 19:07:28 INFO  LOG:172 - Advance ID is : 946
2019-01-19 19:07:28 INFO  LOG:360 - Testcase_placeAdvanceOrder_VerifyId PASSED.
2019-01-19 19:07:28 INFO  LOG:353 - Starting test case :Testcase_placeAdvanceOrder_verifyDistancesCount
2019-01-19 19:07:28 INFO  LOG:203 - Length for Advance order is : 2
2019-01-19 19:07:28 INFO  LOG:360 - Testcase_placeAdvanceOrder_verifyDistancesCount PASSED.
2019-01-19 19:07:28 INFO  LOG:353 - Starting test case :Testcase_placeAdvanceOrder_verifyFareAboveTwoKms
2019-01-19 19:07:28 INFO  LOG:272 - Additional Fare for Advance booking is : 50.6
2019-01-19 19:07:28 INFO  LOG:362 - Testcase_placeAdvanceOrder_verifyFareAboveTwoKms FAILED
2019-01-19 19:07:28 INFO  LOG:353 - Starting test case :Testcase_placeAdvanceOrder_verifyFareAboveTwoKms_NightCharges
2019-01-19 19:07:29 INFO  LOG:339 - Additional  Night Fare for Advance booking is : 50.6
2019-01-19 19:07:29 INFO  LOG:362 - Testcase_placeAdvanceOrder_verifyFareAboveTwoKms_NightCharges FAILED
2019-01-19 19:07:29 INFO  LOG:353 - Starting test case :Testcase_placeAdvanceOrder_verifyFareBelowTwoKms
2019-01-19 19:07:29 INFO  LOG:234 - Fare for Advance booking is : 20.0
2019-01-19 19:07:29 INFO  LOG:360 - Testcase_placeAdvanceOrder_verifyFareBelowTwoKms PASSED.
2019-01-19 19:07:29 INFO  LOG:353 - Starting test case :Testcase_placeAdvanceOrder_verifyFareBelowTwoKms_NightCharges
2019-01-19 19:07:29 INFO  LOG:305 - Night Fare for Advance booking is : 30.0
2019-01-19 19:07:29 INFO  LOG:360 - Testcase_placeAdvanceOrder_verifyFareBelowTwoKms_NightCharges PASSED.
2019-01-19 19:07:29 INFO  LOG:353 - Starting test case :Testcase_placeOrder_verifyDistancesCount
2019-01-19 19:07:29 INFO  LOG:77 - Length is : 2
2019-01-19 19:07:29 INFO  LOG:360 - Testcase_placeOrder_verifyDistancesCount PASSED.
2019-01-19 19:07:29 INFO  LOG:353 - Starting test case :Testcase_placeOrder_verifyFareAboveTwoKms
2019-01-19 19:07:29 INFO  LOG:145 - Additional Fare is : 50.6
2019-01-19 19:07:29 INFO  LOG:362 - Testcase_placeOrder_verifyFareAboveTwoKms FAILED
2019-01-19 19:07:29 INFO  LOG:353 - Starting test case :Testcase_placeOrder_verifyFareBelowTwoKms
2019-01-19 19:07:30 INFO  LOG:109 - Fare is : 20.0
2019-01-19 19:07:30 INFO  LOG:360 - Testcase_placeOrder_verifyFareBelowTwoKms PASSED.
2019-01-19 19:07:30 INFO  LOG:353 - Starting test case :Testcase_placeOrder_verifyID
2019-01-19 19:07:30 INFO  LOG:46 - ID is : 955
2019-01-19 19:07:30 INFO  LOG:360 - Testcase_placeOrder_verifyID PASSED.
2019-01-19 19:09:54 INFO  LOG:353 - Starting test case :Testcase_placeAdvanceOrder_VerifyId
2019-01-19 19:09:57 INFO  LOG:172 - Advance ID is : 956
2019-01-19 19:09:57 INFO  LOG:360 - Testcase_placeAdvanceOrder_VerifyId PASSED.
2019-01-19 19:09:57 INFO  LOG:353 - Starting test case :Testcase_placeAdvanceOrder_verifyDistancesCount
2019-01-19 19:09:57 INFO  LOG:203 - Length for Advance order is : 2
2019-01-19 19:09:57 INFO  LOG:360 - Testcase_placeAdvanceOrder_verifyDistancesCount PASSED.
2019-01-19 19:09:57 INFO  LOG:353 - Starting test case :Testcase_placeAdvanceOrder_verifyFareAboveTwoKms
2019-01-19 19:09:57 INFO  LOG:272 - Additional Fare for Advance booking is : 50.6
2019-01-19 19:09:57 INFO  LOG:362 - Testcase_placeAdvanceOrder_verifyFareAboveTwoKms FAILED
2019-01-19 19:09:57 INFO  LOG:353 - Starting test case :Testcase_placeAdvanceOrder_verifyFareAboveTwoKms_NightCharges
2019-01-19 19:09:57 INFO  LOG:339 - Additional  Night Fare for Advance booking is : 50.6
2019-01-19 19:09:57 INFO  LOG:362 - Testcase_placeAdvanceOrder_verifyFareAboveTwoKms_NightCharges FAILED
2019-01-19 19:09:57 INFO  LOG:353 - Starting test case :Testcase_placeAdvanceOrder_verifyFareBelowTwoKms
2019-01-19 19:09:57 ERROR LOG:53 - Exception occured : JSONObject["id"] not found.
2019-01-19 19:09:57 ERROR LOG:240 - JSONObject["fare"] not found.
2019-01-19 19:09:57 INFO  LOG:360 - Testcase_placeAdvanceOrder_verifyFareBelowTwoKms PASSED.
2019-01-19 19:09:57 INFO  LOG:353 - Starting test case :Testcase_placeAdvanceOrder_verifyFareBelowTwoKms_NightCharges
2019-01-19 19:09:57 ERROR LOG:53 - Exception occured : JSONObject["id"] not found.
2019-01-19 19:09:57 ERROR LOG:310 - JSONObject["fare"] not found.
2019-01-19 19:09:57 INFO  LOG:360 - Testcase_placeAdvanceOrder_verifyFareBelowTwoKms_NightCharges PASSED.
2019-01-19 19:09:57 INFO  LOG:353 - Starting test case :Testcase_placeOrder_verifyDistancesCount
2019-01-19 19:09:57 INFO  LOG:77 - Length is : 2
2019-01-19 19:09:57 INFO  LOG:360 - Testcase_placeOrder_verifyDistancesCount PASSED.
2019-01-19 19:09:57 INFO  LOG:353 - Starting test case :Testcase_placeOrder_verifyFareAboveTwoKms
2019-01-19 19:09:58 INFO  LOG:145 - Additional Fare is : 50.6
2019-01-19 19:09:58 INFO  LOG:362 - Testcase_placeOrder_verifyFareAboveTwoKms FAILED
2019-01-19 19:09:58 INFO  LOG:353 - Starting test case :Testcase_placeOrder_verifyFareBelowTwoKms
2019-01-19 19:09:58 INFO  LOG:109 - Fare is : 20.0
2019-01-19 19:09:58 INFO  LOG:360 - Testcase_placeOrder_verifyFareBelowTwoKms PASSED.
2019-01-19 19:09:58 INFO  LOG:353 - Starting test case :Testcase_placeOrder_verifyID
2019-01-19 19:09:58 INFO  LOG:46 - ID is : 963
2019-01-19 19:09:58 INFO  LOG:360 - Testcase_placeOrder_verifyID PASSED.
2019-01-19 19:39:51 INFO  LOG:351 - Starting test case :Testcase_placeOrder_verifyID
2019-01-19 19:39:54 INFO  LOG:46 - ID is : 964
2019-01-19 19:39:54 INFO  LOG:358 - Testcase_placeOrder_verifyID PASSED.
2019-01-20 14:53:35 INFO  LOG:351 - Starting test case :Testcase_placeOrder_verifyFareAboveTwoKms
2019-01-20 15:07:37 INFO  LOG:353 - Starting test case :Testcase_placeOrder_verifyFareAboveTwoKms
2019-01-20 15:09:39 INFO  LOG:353 - Starting test case :Testcase_placeOrder_verifyFareAboveTwoKms
2019-01-20 15:09:42 INFO  LOG:147 - Additional Fare is : 50.6
2019-01-20 15:09:42 INFO  LOG:362 - Testcase_placeOrder_verifyFareAboveTwoKms FAILED
2019-01-20 15:10:39 INFO  LOG:353 - Starting test case :Testcase_placeOrder_verifyFareAboveTwoKms
2019-01-20 15:10:40 INFO  LOG:147 - Additional Fare is : 50.6
2019-01-20 15:10:40 INFO  LOG:360 - Testcase_placeOrder_verifyFareAboveTwoKms PASSED.
2019-01-20 15:29:09 INFO  LOG:414 - Starting test case :Testcase_placeOrder_verifySingleStopValue
2019-01-20 15:29:46 ERROR LOG:53 - Exception occured : JSONObject["id"] not found.
2019-01-20 16:01:37 INFO  LOG:432 - Starting test case :Testcase_placeAdvanceOrder_VerifyId
2019-01-20 16:01:40 INFO  LOG:214 - Advance ID is : 969
2019-01-20 16:01:40 INFO  LOG:439 - Testcase_placeAdvanceOrder_VerifyId PASSED.
2019-01-20 16:01:40 INFO  LOG:432 - Starting test case :Testcase_placeAdvanceOrder_verifyDistancesCount
2019-01-20 16:01:40 INFO  LOG:243 - Length for Advance order is : 2
2019-01-20 16:01:40 INFO  LOG:439 - Testcase_placeAdvanceOrder_verifyDistancesCount PASSED.
2019-01-20 16:01:40 INFO  LOG:432 - Starting test case :Testcase_placeAdvanceOrder_verifyFareAboveTwoKms
2019-01-20 16:01:41 INFO  LOG:313 - Additional Fare for Advance booking is : 50.6
2019-01-20 16:01:41 INFO  LOG:441 - Testcase_placeAdvanceOrder_verifyFareAboveTwoKms FAILED
2019-01-20 16:01:41 INFO  LOG:432 - Starting test case :Testcase_placeAdvanceOrder_verifyFareAboveTwoKms_NightCharges
2019-01-20 16:01:41 INFO  LOG:382 - Additional  Night Fare for Advance booking is : 50.6
2019-01-20 16:01:41 INFO  LOG:441 - Testcase_placeAdvanceOrder_verifyFareAboveTwoKms_NightCharges FAILED
2019-01-20 16:01:41 INFO  LOG:432 - Starting test case :Testcase_placeAdvanceOrder_verifyFareBelowTwoKms
2019-01-20 16:01:41 INFO  LOG:274 - Fare for Advance booking is : 20.0
2019-01-20 16:01:41 INFO  LOG:439 - Testcase_placeAdvanceOrder_verifyFareBelowTwoKms PASSED.
2019-01-20 16:01:41 INFO  LOG:432 - Starting test case :Testcase_placeAdvanceOrder_verifyFareBelowTwoKms_NightCharges
2019-01-20 16:01:41 INFO  LOG:346 - Night Fare for Advance booking is : 30.0
2019-01-20 16:01:41 INFO  LOG:439 - Testcase_placeAdvanceOrder_verifyFareBelowTwoKms_NightCharges PASSED.
2019-01-20 16:01:41 INFO  LOG:432 - Starting test case :Testcase_placeOrder_verifyCurrency
2019-01-20 16:01:41 INFO  LOG:88 - ID is : 975
2019-01-20 16:01:41 INFO  LOG:439 - Testcase_placeOrder_verifyCurrency PASSED.
2019-01-20 16:01:41 INFO  LOG:432 - Starting test case :Testcase_placeOrder_verifyDistancesCount
2019-01-20 16:01:42 INFO  LOG:119 - Length is : 2
2019-01-20 16:01:42 INFO  LOG:439 - Testcase_placeOrder_verifyDistancesCount PASSED.
2019-01-20 16:01:42 INFO  LOG:432 - Starting test case :Testcase_placeOrder_verifyFareAboveTwoKms
2019-01-20 16:01:42 INFO  LOG:187 - Additional Fare is : 50.6
2019-01-20 16:01:42 INFO  LOG:439 - Testcase_placeOrder_verifyFareAboveTwoKms PASSED.
2019-01-20 16:01:42 INFO  LOG:432 - Starting test case :Testcase_placeOrder_verifyFareBelowTwoKms
2019-01-20 16:01:42 INFO  LOG:151 - Fare is : 20.0
2019-01-20 16:01:42 INFO  LOG:439 - Testcase_placeOrder_verifyFareBelowTwoKms PASSED.
2019-01-20 16:01:42 INFO  LOG:432 - Starting test case :Testcase_placeOrder_verifyID
2019-01-20 16:01:42 INFO  LOG:56 - ID is : 979
2019-01-20 16:01:42 INFO  LOG:439 - Testcase_placeOrder_verifyID PASSED.
2019-01-20 16:01:42 INFO  LOG:432 - Starting test case :Testcase_placeOrder_verifySingleStopValue
2019-01-20 16:01:42 ERROR LOG:424 - 
2019-01-20 16:01:42 INFO  LOG:439 - Testcase_placeOrder_verifySingleStopValue PASSED.
2019-01-20 16:02:56 INFO  LOG:432 - Starting test case :Testcase_placeAdvanceOrder_VerifyId
2019-01-20 16:02:59 INFO  LOG:214 - Advance ID is : 980
2019-01-20 16:02:59 INFO  LOG:439 - Testcase_placeAdvanceOrder_VerifyId PASSED.
2019-01-20 16:02:59 INFO  LOG:432 - Starting test case :Testcase_placeAdvanceOrder_verifyDistancesCount
2019-01-20 16:02:59 INFO  LOG:243 - Length for Advance order is : 2
2019-01-20 16:02:59 INFO  LOG:439 - Testcase_placeAdvanceOrder_verifyDistancesCount PASSED.
2019-01-20 16:02:59 INFO  LOG:432 - Starting test case :Testcase_placeAdvanceOrder_verifyFareAboveTwoKms
2019-01-20 16:02:59 INFO  LOG:313 - Additional Fare for Advance booking is : 50.6
2019-01-20 16:02:59 INFO  LOG:439 - Testcase_placeAdvanceOrder_verifyFareAboveTwoKms PASSED.
2019-01-20 16:02:59 INFO  LOG:432 - Starting test case :Testcase_placeAdvanceOrder_verifyFareAboveTwoKms_NightCharges
2019-01-20 16:02:59 INFO  LOG:382 - Additional  Night Fare for Advance booking is : 50.6
2019-01-20 16:02:59 INFO  LOG:439 - Testcase_placeAdvanceOrder_verifyFareAboveTwoKms_NightCharges PASSED.
2019-01-20 16:02:59 INFO  LOG:432 - Starting test case :Testcase_placeAdvanceOrder_verifyFareBelowTwoKms
2019-01-20 16:03:00 INFO  LOG:274 - Fare for Advance booking is : 20.0
2019-01-20 16:03:00 INFO  LOG:439 - Testcase_placeAdvanceOrder_verifyFareBelowTwoKms PASSED.
2019-01-20 16:03:00 INFO  LOG:432 - Starting test case :Testcase_placeAdvanceOrder_verifyFareBelowTwoKms_NightCharges
2019-01-20 16:03:00 INFO  LOG:346 - Night Fare for Advance booking is : 30.0
2019-01-20 16:03:00 INFO  LOG:439 - Testcase_placeAdvanceOrder_verifyFareBelowTwoKms_NightCharges PASSED.
2019-01-20 16:03:00 INFO  LOG:432 - Starting test case :Testcase_placeOrder_verifyCurrency
2019-01-20 16:03:00 INFO  LOG:88 - ID is : 986
2019-01-20 16:03:00 INFO  LOG:439 - Testcase_placeOrder_verifyCurrency PASSED.
2019-01-20 16:03:00 INFO  LOG:432 - Starting test case :Testcase_placeOrder_verifyDistancesCount
2019-01-20 16:03:00 INFO  LOG:119 - Length is : 2
2019-01-20 16:03:00 INFO  LOG:439 - Testcase_placeOrder_verifyDistancesCount PASSED.
2019-01-20 16:03:00 INFO  LOG:432 - Starting test case :Testcase_placeOrder_verifyFareAboveTwoKms
2019-01-20 16:03:00 INFO  LOG:187 - Additional Fare is : 50.6
2019-01-20 16:03:00 INFO  LOG:439 - Testcase_placeOrder_verifyFareAboveTwoKms PASSED.
2019-01-20 16:03:00 INFO  LOG:432 - Starting test case :Testcase_placeOrder_verifyFareBelowTwoKms
2019-01-20 16:03:01 INFO  LOG:151 - Fare is : 20.0
2019-01-20 16:03:01 INFO  LOG:439 - Testcase_placeOrder_verifyFareBelowTwoKms PASSED.
2019-01-20 16:03:01 INFO  LOG:432 - Starting test case :Testcase_placeOrder_verifyID
2019-01-20 16:03:01 INFO  LOG:56 - ID is : 990
2019-01-20 16:03:01 INFO  LOG:439 - Testcase_placeOrder_verifyID PASSED.
2019-01-20 16:03:01 INFO  LOG:432 - Starting test case :Testcase_placeOrder_verifySingleStopValue
2019-01-20 16:03:01 ERROR LOG:424 - 
2019-01-20 16:03:01 INFO  LOG:439 - Testcase_placeOrder_verifySingleStopValue PASSED.
2019-01-20 16:13:31 INFO  LOG:432 - Starting test case :Testcase_placeAdvanceOrder_VerifyId
2019-01-20 16:13:34 INFO  LOG:214 - Advance ID is : 991
2019-01-20 16:13:34 INFO  LOG:439 - Testcase_placeAdvanceOrder_VerifyId PASSED.
2019-01-20 16:13:34 INFO  LOG:432 - Starting test case :Testcase_placeAdvanceOrder_verifyDistancesCount
2019-01-20 16:13:34 INFO  LOG:243 - Length for Advance order is : 2
2019-01-20 16:13:34 INFO  LOG:439 - Testcase_placeAdvanceOrder_verifyDistancesCount PASSED.
2019-01-20 16:13:34 INFO  LOG:432 - Starting test case :Testcase_placeAdvanceOrder_verifyFareAboveTwoKms
2019-01-20 16:13:34 INFO  LOG:313 - Additional Fare for Advance booking is : 50.6
2019-01-20 16:13:34 INFO  LOG:439 - Testcase_placeAdvanceOrder_verifyFareAboveTwoKms PASSED.
2019-01-20 16:13:34 INFO  LOG:432 - Starting test case :Testcase_placeAdvanceOrder_verifyFareAboveTwoKms_NightCharges
2019-01-20 16:13:34 INFO  LOG:382 - Additional  Night Fare for Advance booking is : 50.6
2019-01-20 16:13:34 INFO  LOG:439 - Testcase_placeAdvanceOrder_verifyFareAboveTwoKms_NightCharges PASSED.
2019-01-20 16:13:34 INFO  LOG:432 - Starting test case :Testcase_placeAdvanceOrder_verifyFareBelowTwoKms
2019-01-20 16:13:34 INFO  LOG:274 - Fare for Advance booking is : 20.0
2019-01-20 16:13:34 INFO  LOG:439 - Testcase_placeAdvanceOrder_verifyFareBelowTwoKms PASSED.
2019-01-20 16:13:34 INFO  LOG:432 - Starting test case :Testcase_placeAdvanceOrder_verifyFareBelowTwoKms_NightCharges
2019-01-20 16:13:35 INFO  LOG:346 - Night Fare for Advance booking is : 30.0
2019-01-20 16:13:35 INFO  LOG:439 - Testcase_placeAdvanceOrder_verifyFareBelowTwoKms_NightCharges PASSED.
2019-01-20 16:13:35 INFO  LOG:432 - Starting test case :Testcase_placeOrder_verifyCurrency
2019-01-20 16:13:35 INFO  LOG:88 - ID is : 997
2019-01-20 16:13:35 INFO  LOG:439 - Testcase_placeOrder_verifyCurrency PASSED.
2019-01-20 16:13:35 INFO  LOG:432 - Starting test case :Testcase_placeOrder_verifyDistancesCount
2019-01-20 16:13:35 INFO  LOG:119 - Length is : 2
2019-01-20 16:13:35 INFO  LOG:439 - Testcase_placeOrder_verifyDistancesCount PASSED.
2019-01-20 16:13:35 INFO  LOG:432 - Starting test case :Testcase_placeOrder_verifyFareAboveTwoKms
2019-01-20 16:13:35 INFO  LOG:187 - Additional Fare is : 50.6
2019-01-20 16:13:35 INFO  LOG:439 - Testcase_placeOrder_verifyFareAboveTwoKms PASSED.
2019-01-20 16:13:35 INFO  LOG:432 - Starting test case :Testcase_placeOrder_verifyFareBelowTwoKms
2019-01-20 16:13:35 INFO  LOG:151 - Fare is : 20.0
2019-01-20 16:13:35 INFO  LOG:439 - Testcase_placeOrder_verifyFareBelowTwoKms PASSED.
2019-01-20 16:13:35 INFO  LOG:432 - Starting test case :Testcase_placeOrder_verifyID
2019-01-20 16:13:36 INFO  LOG:56 - ID is : 1001
2019-01-20 16:13:36 INFO  LOG:439 - Testcase_placeOrder_verifyID PASSED.
2019-01-20 16:13:36 INFO  LOG:432 - Starting test case :Testcase_placeOrder_verifySingleStopValue
2019-01-20 16:13:36 ERROR LOG:424 - 
2019-01-20 16:13:36 INFO  LOG:439 - Testcase_placeOrder_verifySingleStopValue PASSED.
2019-01-20 16:13:36 INFO  LOG:85 - Starting test case :TestCase_Fetch_Order_VerifyStatusCode_InvalidID
2019-01-20 16:13:36 ERROR LOG:116 - Exception occured : A JSONObject text must begin with '{' at 1 [character 2 line 1]
2019-01-20 16:13:36 INFO  LOG:72 - InValid Status Code404
2019-01-20 16:13:36 INFO  LOG:92 - TestCase_Fetch_Order_VerifyStatusCode_InvalidID PASSED.
2019-01-20 16:13:36 INFO  LOG:85 - Starting test case :TestCase_Fetch_Order_VerifyStatusCode_ValidID
2019-01-20 16:13:36 ERROR LOG:116 - Exception occured : A JSONObject text must begin with '{' at 1 [character 2 line 1]
2019-01-20 16:13:36 INFO  LOG:39 - Valid Status Code404
2019-01-20 16:13:36 INFO  LOG:94 - TestCase_Fetch_Order_VerifyStatusCode_ValidID FAILED
2019-01-20 16:13:36 INFO  LOG:114 - Starting test case :TestCase_Take_Order_VerifyStatusCode_InvalidFlow
2019-01-20 16:13:36 ERROR LOG:129 - Exception occured : A JSONObject text must begin with '{' at 1 [character 2 line 1]
2019-01-20 16:13:36 ERROR LOG:90 - Exception occured : A JSONObject text must begin with '{' at 1 [character 2 line 1]
2019-01-20 16:13:36 INFO  LOG:101 - InValid Status Code for Incorrect flow of Take Order404
2019-01-20 16:13:36 INFO  LOG:123 - TestCase_Take_Order_VerifyStatusCode_InvalidFlow FAILED
2019-01-20 16:13:36 INFO  LOG:114 - Starting test case :TestCase_Take_Order_VerifyStatusCode_InvalidID
2019-01-20 16:13:36 ERROR LOG:90 - Exception occured : A JSONObject text must begin with '{' at 1 [character 2 line 1]
2019-01-20 16:13:36 INFO  LOG:69 - InValid Status Code for Take Order404
2019-01-20 16:13:37 INFO  LOG:121 - TestCase_Take_Order_VerifyStatusCode_InvalidID PASSED.
2019-01-20 16:13:37 INFO  LOG:114 - Starting test case :TestCase_Take_Order_VerifyStatusCode_ValidID
2019-01-20 16:13:37 ERROR LOG:90 - Exception occured : A JSONObject text must begin with '{' at 1 [character 2 line 1]
2019-01-20 16:13:37 INFO  LOG:38 - Valid Status Code for Take Order 404
2019-01-20 16:13:37 INFO  LOG:123 - TestCase_Take_Order_VerifyStatusCode_ValidID FAILED
2019-01-20 16:13:37 INFO  LOG:129 - Starting test case :TestCase_Complete_Order_VerifyStatusCode_InvalidFlow
2019-01-20 16:13:37 ERROR LOG:129 - Exception occured : A JSONObject text must begin with '{' at 1 [character 2 line 1]
2019-01-20 16:13:37 ERROR LOG:122 - 
2019-01-20 16:13:37 INFO  LOG:136 - TestCase_Complete_Order_VerifyStatusCode_InvalidFlow PASSED.
2019-01-20 16:13:37 INFO  LOG:129 - Starting test case :TestCase_Complete_Order_VerifyStatusCode_InvalidID
2019-01-20 16:13:37 ERROR LOG:90 - Exception occured : A JSONObject text must begin with '{' at 1 [character 2 line 1]
2019-01-20 16:13:37 ERROR LOG:85 - 
2019-01-20 16:13:37 INFO  LOG:136 - TestCase_Complete_Order_VerifyStatusCode_InvalidID PASSED.
2019-01-20 16:13:37 INFO  LOG:129 - Starting test case :TestCase_Complete_Order_VerifyStatusCode_ValidID
2019-01-20 16:13:37 ERROR LOG:90 - Exception occured : A JSONObject text must begin with '{' at 1 [character 2 line 1]
2019-01-20 16:13:37 ERROR LOG:49 - 
2019-01-20 16:13:37 INFO  LOG:136 - TestCase_Complete_Order_VerifyStatusCode_ValidID PASSED.
2019-01-20 16:13:37 INFO  LOG:160 - Starting test case :TestCase_Cancel_Order_VerifyStatusCode_InvalidID
2019-01-20 16:13:38 ERROR LOG:129 - Exception occured : A JSONObject text must begin with '{' at 1 [character 2 line 1]
2019-01-20 16:13:38 INFO  LOG:108 - InValid Status Code for Cancel Order404
2019-01-20 16:13:38 INFO  LOG:167 - TestCase_Cancel_Order_VerifyStatusCode_InvalidID PASSED.
2019-01-20 16:13:38 INFO  LOG:160 - Starting test case :TestCase_Cancel_Order_VerifyStatusCode_ValidID_AfterPlaceOrder
2019-01-20 16:13:38 ERROR LOG:129 - Exception occured : A JSONObject text must begin with '{' at 1 [character 2 line 1]
2019-01-20 16:13:38 INFO  LOG:40 - Valid Status Code for Cancel Order404
2019-01-20 16:13:38 INFO  LOG:169 - TestCase_Cancel_Order_VerifyStatusCode_ValidID_AfterPlaceOrder FAILED
2019-01-20 16:13:38 INFO  LOG:160 - Starting test case :TestCase_Cancel_Order_VerifyStatusCode_ValidID_AfterTakeOrder
2019-01-20 16:13:38 ERROR LOG:90 - Exception occured : A JSONObject text must begin with '{' at 1 [character 2 line 1]
2019-01-20 16:13:38 ERROR LOG:82 - 
2019-01-20 16:13:38 INFO  LOG:167 - TestCase_Cancel_Order_VerifyStatusCode_ValidID_AfterTakeOrder PASSED.
2019-01-20 16:13:38 INFO  LOG:160 - Starting test case :TestCase_cancel_Order_VerifyStatusCode_InvalidFlow
2019-01-20 16:13:38 ERROR LOG:90 - Exception occured : A JSONObject text must begin with '{' at 1 [character 2 line 1]
2019-01-20 16:13:38 ERROR LOG:153 - 
2019-01-20 16:13:38 INFO  LOG:167 - TestCase_cancel_Order_VerifyStatusCode_InvalidFlow PASSED.
2019-01-20 16:19:34 INFO  LOG:432 - Starting test case :Testcase_placeAdvanceOrder_VerifyId
2019-01-20 16:19:37 INFO  LOG:214 - Advance ID is : 1014
2019-01-20 16:19:37 INFO  LOG:439 - Testcase_placeAdvanceOrder_VerifyId PASSED.
2019-01-20 16:19:37 INFO  LOG:432 - Starting test case :Testcase_placeAdvanceOrder_verifyDistancesCount
2019-01-20 16:19:37 ERROR LOG:53 - Exception occured : JSONObject["id"] not found.
2019-01-20 16:19:37 ERROR LOG:248 - JSONObject["drivingDistancesInMeters"] not found.
2019-01-20 16:19:37 INFO  LOG:439 - Testcase_placeAdvanceOrder_verifyDistancesCount PASSED.
2019-01-20 16:19:37 INFO  LOG:432 - Starting test case :Testcase_placeAdvanceOrder_verifyFareAboveTwoKms
2019-01-20 16:19:37 INFO  LOG:313 - Additional Fare for Advance booking is : 50.6
2019-01-20 16:19:37 INFO  LOG:439 - Testcase_placeAdvanceOrder_verifyFareAboveTwoKms PASSED.
2019-01-20 16:19:37 INFO  LOG:432 - Starting test case :Testcase_placeAdvanceOrder_verifyFareAboveTwoKms_NightCharges
2019-01-20 16:19:38 INFO  LOG:382 - Additional  Night Fare for Advance booking is : 50.6
2019-01-20 16:19:38 INFO  LOG:439 - Testcase_placeAdvanceOrder_verifyFareAboveTwoKms_NightCharges PASSED.
2019-01-20 16:19:38 INFO  LOG:432 - Starting test case :Testcase_placeAdvanceOrder_verifyFareBelowTwoKms
2019-01-20 16:19:38 INFO  LOG:274 - Fare for Advance booking is : 20.0
2019-01-20 16:19:38 INFO  LOG:439 - Testcase_placeAdvanceOrder_verifyFareBelowTwoKms PASSED.
2019-01-20 16:19:38 INFO  LOG:432 - Starting test case :Testcase_placeAdvanceOrder_verifyFareBelowTwoKms_NightCharges
2019-01-20 16:19:38 INFO  LOG:346 - Night Fare for Advance booking is : 30.0
2019-01-20 16:19:38 INFO  LOG:439 - Testcase_placeAdvanceOrder_verifyFareBelowTwoKms_NightCharges PASSED.
2019-01-20 16:19:38 INFO  LOG:432 - Starting test case :Testcase_placeOrder_verifyCurrency
2019-01-20 16:19:38 INFO  LOG:88 - ID is : 1019
2019-01-20 16:19:38 INFO  LOG:439 - Testcase_placeOrder_verifyCurrency PASSED.
2019-01-20 16:19:38 INFO  LOG:432 - Starting test case :Testcase_placeOrder_verifyDistancesCount
2019-01-20 16:19:38 INFO  LOG:119 - Length is : 2
2019-01-20 16:19:38 INFO  LOG:439 - Testcase_placeOrder_verifyDistancesCount PASSED.
2019-01-20 16:19:38 INFO  LOG:432 - Starting test case :Testcase_placeOrder_verifyFareAboveTwoKms
2019-01-20 16:19:39 INFO  LOG:187 - Additional Fare is : 50.6
2019-01-20 16:19:39 INFO  LOG:439 - Testcase_placeOrder_verifyFareAboveTwoKms PASSED.
2019-01-20 16:19:39 INFO  LOG:432 - Starting test case :Testcase_placeOrder_verifyFareBelowTwoKms
2019-01-20 16:19:39 INFO  LOG:151 - Fare is : 20.0
2019-01-20 16:19:39 INFO  LOG:439 - Testcase_placeOrder_verifyFareBelowTwoKms PASSED.
2019-01-20 16:19:39 INFO  LOG:432 - Starting test case :Testcase_placeOrder_verifyID
2019-01-20 16:19:39 INFO  LOG:56 - ID is : 1023
2019-01-20 16:19:39 INFO  LOG:439 - Testcase_placeOrder_verifyID PASSED.
2019-01-20 16:19:39 INFO  LOG:432 - Starting test case :Testcase_placeOrder_verifySingleStopValue
2019-01-20 16:19:39 ERROR LOG:53 - Exception occured : JSONObject["id"] not found.
2019-01-20 16:19:39 INFO  LOG:417 - Message for incorrect stops is : error in field(s): stops
2019-01-20 16:19:39 INFO  LOG:439 - Testcase_placeOrder_verifySingleStopValue PASSED.
2019-01-20 16:19:39 INFO  LOG:85 - Starting test case :TestCase_Fetch_Order_VerifyStatusCode_InvalidID
2019-01-20 16:19:39 ERROR LOG:116 - Exception occured : A JSONObject text must begin with '{' at 1 [character 2 line 1]
2019-01-20 16:19:39 INFO  LOG:72 - InValid Status Code404
2019-01-20 16:19:39 INFO  LOG:92 - TestCase_Fetch_Order_VerifyStatusCode_InvalidID PASSED.
2019-01-20 16:19:39 INFO  LOG:85 - Starting test case :TestCase_Fetch_Order_VerifyStatusCode_ValidID
2019-01-20 16:19:39 ERROR LOG:116 - Exception occured : A JSONObject text must begin with '{' at 1 [character 2 line 1]
2019-01-20 16:19:39 INFO  LOG:39 - Valid Status Code404
2019-01-20 16:19:39 INFO  LOG:94 - TestCase_Fetch_Order_VerifyStatusCode_ValidID FAILED
2019-01-20 16:19:39 INFO  LOG:114 - Starting test case :TestCase_Take_Order_VerifyStatusCode_InvalidFlow
2019-01-20 16:19:40 ERROR LOG:129 - Exception occured : A JSONObject text must begin with '{' at 1 [character 2 line 1]
2019-01-20 16:19:40 ERROR LOG:90 - Exception occured : A JSONObject text must begin with '{' at 1 [character 2 line 1]
2019-01-20 16:19:40 INFO  LOG:101 - InValid Status Code for Incorrect flow of Take Order404
2019-01-20 16:19:40 INFO  LOG:123 - TestCase_Take_Order_VerifyStatusCode_InvalidFlow FAILED
2019-01-20 16:19:40 INFO  LOG:114 - Starting test case :TestCase_Take_Order_VerifyStatusCode_InvalidID
2019-01-20 16:19:40 ERROR LOG:90 - Exception occured : A JSONObject text must begin with '{' at 1 [character 2 line 1]
2019-01-20 16:19:40 INFO  LOG:69 - InValid Status Code for Take Order404
2019-01-20 16:19:40 INFO  LOG:121 - TestCase_Take_Order_VerifyStatusCode_InvalidID PASSED.
2019-01-20 16:19:40 INFO  LOG:114 - Starting test case :TestCase_Take_Order_VerifyStatusCode_ValidID
2019-01-20 16:19:40 ERROR LOG:90 - Exception occured : A JSONObject text must begin with '{' at 1 [character 2 line 1]
2019-01-20 16:19:40 INFO  LOG:38 - Valid Status Code for Take Order 404
2019-01-20 16:19:40 INFO  LOG:123 - TestCase_Take_Order_VerifyStatusCode_ValidID FAILED
2019-01-20 16:19:40 INFO  LOG:129 - Starting test case :TestCase_Complete_Order_VerifyStatusCode_InvalidFlow
2019-01-20 16:19:40 ERROR LOG:129 - Exception occured : A JSONObject text must begin with '{' at 1 [character 2 line 1]
2019-01-20 16:19:40 ERROR LOG:122 - 
2019-01-20 16:19:40 INFO  LOG:136 - TestCase_Complete_Order_VerifyStatusCode_InvalidFlow PASSED.
2019-01-20 16:19:40 INFO  LOG:129 - Starting test case :TestCase_Complete_Order_VerifyStatusCode_InvalidID
2019-01-20 16:19:40 ERROR LOG:90 - Exception occured : A JSONObject text must begin with '{' at 1 [character 2 line 1]
2019-01-20 16:19:40 ERROR LOG:85 - 
2019-01-20 16:19:40 INFO  LOG:136 - TestCase_Complete_Order_VerifyStatusCode_InvalidID PASSED.
2019-01-20 16:19:41 INFO  LOG:129 - Starting test case :TestCase_Complete_Order_VerifyStatusCode_ValidID
2019-01-20 16:19:41 ERROR LOG:90 - Exception occured : A JSONObject text must begin with '{' at 1 [character 2 line 1]
2019-01-20 16:19:41 ERROR LOG:49 - 
2019-01-20 16:19:41 INFO  LOG:136 - TestCase_Complete_Order_VerifyStatusCode_ValidID PASSED.
2019-01-20 16:19:41 INFO  LOG:160 - Starting test case :TestCase_Cancel_Order_VerifyStatusCode_InvalidID
2019-01-20 16:19:41 ERROR LOG:129 - Exception occured : A JSONObject text must begin with '{' at 1 [character 2 line 1]
2019-01-20 16:19:41 INFO  LOG:108 - InValid Status Code for Cancel Order404
2019-01-20 16:19:41 INFO  LOG:167 - TestCase_Cancel_Order_VerifyStatusCode_InvalidID PASSED.
2019-01-20 16:19:41 INFO  LOG:160 - Starting test case :TestCase_Cancel_Order_VerifyStatusCode_ValidID_AfterPlaceOrder
2019-01-20 16:19:41 ERROR LOG:129 - Exception occured : A JSONObject text must begin with '{' at 1 [character 2 line 1]
2019-01-20 16:19:41 INFO  LOG:40 - Valid Status Code for Cancel Order404
2019-01-20 16:19:41 INFO  LOG:169 - TestCase_Cancel_Order_VerifyStatusCode_ValidID_AfterPlaceOrder FAILED
2019-01-20 16:19:41 INFO  LOG:160 - Starting test case :TestCase_Cancel_Order_VerifyStatusCode_ValidID_AfterTakeOrder
2019-01-20 16:19:41 ERROR LOG:90 - Exception occured : A JSONObject text must begin with '{' at 1 [character 2 line 1]
2019-01-20 16:19:41 ERROR LOG:82 - 
2019-01-20 16:19:41 INFO  LOG:167 - TestCase_Cancel_Order_VerifyStatusCode_ValidID_AfterTakeOrder PASSED.
2019-01-20 16:19:41 INFO  LOG:160 - Starting test case :TestCase_cancel_Order_VerifyStatusCode_InvalidFlow
2019-01-20 16:19:42 ERROR LOG:90 - Exception occured : A JSONObject text must begin with '{' at 1 [character 2 line 1]
2019-01-20 16:19:42 ERROR LOG:153 - 
2019-01-20 16:19:42 INFO  LOG:167 - TestCase_cancel_Order_VerifyStatusCode_InvalidFlow PASSED.
2019-01-20 16:27:05 INFO  LOG:433 - Starting test case :Testcase_placeAdvanceOrder_VerifyId
2019-01-20 16:27:09 INFO  LOG:214 - Advance ID is : 1036
2019-01-20 16:27:09 INFO  LOG:440 - Testcase_placeAdvanceOrder_VerifyId PASSED.
2019-01-20 16:27:09 INFO  LOG:433 - Starting test case :Testcase_placeAdvanceOrder_verifyDistancesCount
2019-01-20 16:27:09 INFO  LOG:243 - Length for Advance order is : 2
2019-01-20 16:27:09 INFO  LOG:440 - Testcase_placeAdvanceOrder_verifyDistancesCount PASSED.
2019-01-20 16:27:09 INFO  LOG:433 - Starting test case :Testcase_placeAdvanceOrder_verifyFareAboveTwoKms
2019-01-20 16:27:09 INFO  LOG:313 - Additional Fare for Advance booking is : 50.6
2019-01-20 16:27:09 INFO  LOG:440 - Testcase_placeAdvanceOrder_verifyFareAboveTwoKms PASSED.
2019-01-20 16:27:09 INFO  LOG:433 - Starting test case :Testcase_placeAdvanceOrder_verifyFareAboveTwoKms_NightCharges
2019-01-20 16:27:09 INFO  LOG:382 - Additional  Night Fare for Advance booking is : 50.6
2019-01-20 16:27:09 INFO  LOG:440 - Testcase_placeAdvanceOrder_verifyFareAboveTwoKms_NightCharges PASSED.
2019-01-20 16:27:09 INFO  LOG:433 - Starting test case :Testcase_placeAdvanceOrder_verifyFareBelowTwoKms
2019-01-20 16:27:09 INFO  LOG:274 - Fare for Advance booking is : 20.0
2019-01-20 16:27:09 INFO  LOG:440 - Testcase_placeAdvanceOrder_verifyFareBelowTwoKms PASSED.
2019-01-20 16:27:09 INFO  LOG:433 - Starting test case :Testcase_placeAdvanceOrder_verifyFareBelowTwoKms_NightCharges
2019-01-20 16:27:10 INFO  LOG:346 - Night Fare for Advance booking is : 30.0
2019-01-20 16:27:10 INFO  LOG:440 - Testcase_placeAdvanceOrder_verifyFareBelowTwoKms_NightCharges PASSED.
2019-01-20 16:27:10 INFO  LOG:433 - Starting test case :Testcase_placeOrder_verifyCurrency
2019-01-20 16:27:10 INFO  LOG:88 - ID is : 1042
2019-01-20 16:27:10 INFO  LOG:440 - Testcase_placeOrder_verifyCurrency PASSED.
2019-01-20 16:27:10 INFO  LOG:433 - Starting test case :Testcase_placeOrder_verifyDistancesCount
2019-01-20 16:27:10 INFO  LOG:119 - Length is : 2
2019-01-20 16:27:10 INFO  LOG:440 - Testcase_placeOrder_verifyDistancesCount PASSED.
2019-01-20 16:27:10 INFO  LOG:433 - Starting test case :Testcase_placeOrder_verifyFareAboveTwoKms
2019-01-20 16:27:10 INFO  LOG:187 - Additional Fare is : 50.6
2019-01-20 16:27:10 INFO  LOG:440 - Testcase_placeOrder_verifyFareAboveTwoKms PASSED.
2019-01-20 16:27:10 INFO  LOG:433 - Starting test case :Testcase_placeOrder_verifyFareBelowTwoKms
2019-01-20 16:27:10 INFO  LOG:151 - Fare is : 20.0
2019-01-20 16:27:10 INFO  LOG:440 - Testcase_placeOrder_verifyFareBelowTwoKms PASSED.
2019-01-20 16:27:10 INFO  LOG:433 - Starting test case :Testcase_placeOrder_verifyID
2019-01-20 16:27:11 INFO  LOG:56 - ID is : 1046
2019-01-20 16:27:11 INFO  LOG:440 - Testcase_placeOrder_verifyID PASSED.
2019-01-20 16:27:11 INFO  LOG:433 - Starting test case :Testcase_placeOrder_verifySingleStopValue
2019-01-20 16:27:11 ERROR LOG:53 - Exception occured : JSONObject["id"] not found.
2019-01-20 16:27:11 INFO  LOG:418 - Message for incorrect stops is : error in field(s): stops
2019-01-20 16:27:11 INFO  LOG:440 - Testcase_placeOrder_verifySingleStopValue PASSED.
2019-01-20 16:27:11 INFO  LOG:85 - Starting test case :TestCase_Fetch_Order_VerifyStatusCode_InvalidID
2019-01-20 16:27:11 ERROR LOG:116 - Exception occured : A JSONObject text must begin with '{' at 1 [character 2 line 1]
2019-01-20 16:27:11 INFO  LOG:72 - InValid Status Code404
2019-01-20 16:27:11 INFO  LOG:92 - TestCase_Fetch_Order_VerifyStatusCode_InvalidID PASSED.
2019-01-20 16:27:11 INFO  LOG:85 - Starting test case :TestCase_Fetch_Order_VerifyStatusCode_ValidID
2019-01-20 16:27:11 ERROR LOG:116 - Exception occured : A JSONObject text must begin with '{' at 1 [character 2 line 1]
2019-01-20 16:27:11 INFO  LOG:39 - Valid Status Code404
2019-01-20 16:27:11 INFO  LOG:94 - TestCase_Fetch_Order_VerifyStatusCode_ValidID FAILED
2019-01-20 16:27:11 INFO  LOG:114 - Starting test case :TestCase_Take_Order_VerifyStatusCode_InvalidFlow
2019-01-20 16:27:11 ERROR LOG:129 - Exception occured : A JSONObject text must begin with '{' at 1 [character 2 line 1]
2019-01-20 16:27:11 ERROR LOG:90 - Exception occured : A JSONObject text must begin with '{' at 1 [character 2 line 1]
2019-01-20 16:27:11 INFO  LOG:101 - InValid Status Code for Incorrect flow of Take Order404
2019-01-20 16:27:11 INFO  LOG:123 - TestCase_Take_Order_VerifyStatusCode_InvalidFlow FAILED
2019-01-20 16:27:11 INFO  LOG:114 - Starting test case :TestCase_Take_Order_VerifyStatusCode_InvalidID
2019-01-20 16:27:12 ERROR LOG:90 - Exception occured : A JSONObject text must begin with '{' at 1 [character 2 line 1]
2019-01-20 16:27:12 INFO  LOG:69 - InValid Status Code for Take Order404
2019-01-20 16:27:12 INFO  LOG:121 - TestCase_Take_Order_VerifyStatusCode_InvalidID PASSED.
2019-01-20 16:27:12 INFO  LOG:114 - Starting test case :TestCase_Take_Order_VerifyStatusCode_ValidID
2019-01-20 16:27:12 ERROR LOG:90 - Exception occured : A JSONObject text must begin with '{' at 1 [character 2 line 1]
2019-01-20 16:27:12 INFO  LOG:38 - Valid Status Code for Take Order 404
2019-01-20 16:27:12 INFO  LOG:123 - TestCase_Take_Order_VerifyStatusCode_ValidID FAILED
2019-01-20 16:27:12 INFO  LOG:129 - Starting test case :TestCase_Complete_Order_VerifyStatusCode_InvalidFlow
2019-01-20 16:27:12 ERROR LOG:129 - Exception occured : A JSONObject text must begin with '{' at 1 [character 2 line 1]
2019-01-20 16:27:12 INFO  LOG:138 - TestCase_Complete_Order_VerifyStatusCode_InvalidFlow FAILED
2019-01-20 16:27:12 INFO  LOG:129 - Starting test case :TestCase_Complete_Order_VerifyStatusCode_InvalidID
2019-01-20 16:27:12 ERROR LOG:90 - Exception occured : A JSONObject text must begin with '{' at 1 [character 2 line 1]
2019-01-20 16:27:12 INFO  LOG:138 - TestCase_Complete_Order_VerifyStatusCode_InvalidID FAILED
2019-01-20 16:27:12 INFO  LOG:129 - Starting test case :TestCase_Complete_Order_VerifyStatusCode_ValidID
2019-01-20 16:27:13 ERROR LOG:90 - Exception occured : A JSONObject text must begin with '{' at 1 [character 2 line 1]
2019-01-20 16:27:13 INFO  LOG:138 - TestCase_Complete_Order_VerifyStatusCode_ValidID FAILED
2019-01-20 16:27:13 INFO  LOG:160 - Starting test case :TestCase_Cancel_Order_VerifyStatusCode_InvalidID
2019-01-20 16:27:13 ERROR LOG:129 - Exception occured : A JSONObject text must begin with '{' at 1 [character 2 line 1]
2019-01-20 16:27:13 INFO  LOG:108 - InValid Status Code for Cancel Order404
2019-01-20 16:27:13 INFO  LOG:167 - TestCase_Cancel_Order_VerifyStatusCode_InvalidID PASSED.
2019-01-20 16:27:13 INFO  LOG:160 - Starting test case :TestCase_Cancel_Order_VerifyStatusCode_ValidID_AfterPlaceOrder
2019-01-20 16:27:13 ERROR LOG:129 - Exception occured : A JSONObject text must begin with '{' at 1 [character 2 line 1]
2019-01-20 16:27:13 INFO  LOG:40 - Valid Status Code for Cancel Order404
2019-01-20 16:27:13 INFO  LOG:169 - TestCase_Cancel_Order_VerifyStatusCode_ValidID_AfterPlaceOrder FAILED
2019-01-20 16:27:13 INFO  LOG:160 - Starting test case :TestCase_Cancel_Order_VerifyStatusCode_ValidID_AfterTakeOrder
2019-01-20 16:27:13 ERROR LOG:90 - Exception occured : A JSONObject text must begin with '{' at 1 [character 2 line 1]
2019-01-20 16:27:13 INFO  LOG:169 - TestCase_Cancel_Order_VerifyStatusCode_ValidID_AfterTakeOrder FAILED
2019-01-20 16:27:13 INFO  LOG:160 - Starting test case :TestCase_cancel_Order_VerifyStatusCode_InvalidFlow
2019-01-20 16:27:13 ERROR LOG:90 - Exception occured : A JSONObject text must begin with '{' at 1 [character 2 line 1]
2019-01-20 16:27:13 INFO  LOG:169 - TestCase_cancel_Order_VerifyStatusCode_InvalidFlow FAILED
2019-01-20 16:29:27 INFO  LOG:85 - Starting test case :TestCase_Fetch_Order_VerifyStatusCode_InvalidID
2019-01-20 16:29:29 ERROR LOG:116 - Exception occured : A JSONObject text must begin with '{' at 1 [character 2 line 1]
2019-01-20 16:29:29 INFO  LOG:72 - InValid Status Code404
2019-01-20 16:29:29 INFO  LOG:92 - TestCase_Fetch_Order_VerifyStatusCode_InvalidID PASSED.
2019-01-20 16:30:43 INFO  LOG:85 - Starting test case :TestCase_Fetch_Order_VerifyStatusCode_InvalidID
2019-01-20 16:31:47 ERROR LOG:116 - Exception occured : A JSONObject text must begin with '{' at 1 [character 2 line 1]
2019-01-20 16:33:27 INFO  LOG:72 - InValid Status Code404
2019-01-20 16:33:27 INFO  LOG:92 - TestCase_Fetch_Order_VerifyStatusCode_InvalidID PASSED.
2019-01-20 16:34:57 INFO  LOG:85 - Starting test case :TestCase_Fetch_Order_VerifyStatusCode_InvalidID
2019-01-20 16:38:20 INFO  LOG:85 - Starting test case :TestCase_Fetch_Order_VerifyStatusCode_InvalidID
2019-01-20 16:38:23 INFO  LOG:72 - InValid Status Code404
2019-01-20 16:38:23 INFO  LOG:92 - TestCase_Fetch_Order_VerifyStatusCode_InvalidID PASSED.
2019-01-20 16:39:26 INFO  LOG:433 - Starting test case :Testcase_placeAdvanceOrder_VerifyId
2019-01-20 16:39:29 INFO  LOG:214 - Advance ID is : 1063
2019-01-20 16:39:29 INFO  LOG:440 - Testcase_placeAdvanceOrder_VerifyId PASSED.
2019-01-20 16:39:29 INFO  LOG:433 - Starting test case :Testcase_placeAdvanceOrder_verifyDistancesCount
2019-01-20 16:39:29 INFO  LOG:243 - Length for Advance order is : 2
2019-01-20 16:39:29 INFO  LOG:440 - Testcase_placeAdvanceOrder_verifyDistancesCount PASSED.
2019-01-20 16:39:29 INFO  LOG:433 - Starting test case :Testcase_placeAdvanceOrder_verifyFareAboveTwoKms
2019-01-20 16:39:29 INFO  LOG:313 - Additional Fare for Advance booking is : 50.6
2019-01-20 16:39:29 INFO  LOG:440 - Testcase_placeAdvanceOrder_verifyFareAboveTwoKms PASSED.
2019-01-20 16:39:29 INFO  LOG:433 - Starting test case :Testcase_placeAdvanceOrder_verifyFareAboveTwoKms_NightCharges
2019-01-20 16:39:29 INFO  LOG:382 - Additional  Night Fare for Advance booking is : 50.6
2019-01-20 16:39:29 INFO  LOG:440 - Testcase_placeAdvanceOrder_verifyFareAboveTwoKms_NightCharges PASSED.
2019-01-20 16:39:29 INFO  LOG:433 - Starting test case :Testcase_placeAdvanceOrder_verifyFareBelowTwoKms
2019-01-20 16:39:30 INFO  LOG:274 - Fare for Advance booking is : 20.0
2019-01-20 16:39:30 INFO  LOG:440 - Testcase_placeAdvanceOrder_verifyFareBelowTwoKms PASSED.
2019-01-20 16:39:30 INFO  LOG:433 - Starting test case :Testcase_placeAdvanceOrder_verifyFareBelowTwoKms_NightCharges
2019-01-20 16:39:30 INFO  LOG:346 - Night Fare for Advance booking is : 30.0
2019-01-20 16:39:30 INFO  LOG:440 - Testcase_placeAdvanceOrder_verifyFareBelowTwoKms_NightCharges PASSED.
2019-01-20 16:39:30 INFO  LOG:433 - Starting test case :Testcase_placeOrder_verifyCurrency
2019-01-20 16:39:30 INFO  LOG:88 - ID is : 1069
2019-01-20 16:39:30 INFO  LOG:440 - Testcase_placeOrder_verifyCurrency PASSED.
2019-01-20 16:39:30 INFO  LOG:433 - Starting test case :Testcase_placeOrder_verifyDistancesCount
2019-01-20 16:39:30 INFO  LOG:119 - Length is : 2
2019-01-20 16:39:30 INFO  LOG:440 - Testcase_placeOrder_verifyDistancesCount PASSED.
2019-01-20 16:39:30 INFO  LOG:433 - Starting test case :Testcase_placeOrder_verifyFareAboveTwoKms
2019-01-20 16:39:30 INFO  LOG:187 - Additional Fare is : 50.6
2019-01-20 16:39:30 INFO  LOG:440 - Testcase_placeOrder_verifyFareAboveTwoKms PASSED.
2019-01-20 16:39:30 INFO  LOG:433 - Starting test case :Testcase_placeOrder_verifyFareBelowTwoKms
2019-01-20 16:39:31 INFO  LOG:151 - Fare is : 20.0
2019-01-20 16:39:31 INFO  LOG:440 - Testcase_placeOrder_verifyFareBelowTwoKms PASSED.
2019-01-20 16:39:31 INFO  LOG:433 - Starting test case :Testcase_placeOrder_verifyID
2019-01-20 16:39:31 INFO  LOG:56 - ID is : 1073
2019-01-20 16:39:31 INFO  LOG:440 - Testcase_placeOrder_verifyID PASSED.
2019-01-20 16:39:31 INFO  LOG:433 - Starting test case :Testcase_placeOrder_verifySingleStopValue
2019-01-20 16:39:31 ERROR LOG:53 - Exception occured : JSONObject["id"] not found.
2019-01-20 16:39:31 INFO  LOG:418 - Message for incorrect stops is : error in field(s): stops
2019-01-20 16:39:31 INFO  LOG:440 - Testcase_placeOrder_verifySingleStopValue PASSED.
2019-01-20 16:39:31 INFO  LOG:85 - Starting test case :TestCase_Fetch_Order_VerifyStatusCode_InvalidID
2019-01-20 16:39:31 INFO  LOG:72 - InValid Status Code404
2019-01-20 16:39:31 INFO  LOG:92 - TestCase_Fetch_Order_VerifyStatusCode_InvalidID PASSED.
2019-01-20 16:39:31 INFO  LOG:85 - Starting test case :TestCase_Fetch_Order_VerifyStatusCode_ValidID
2019-01-20 16:39:31 INFO  LOG:39 - Valid Status Code200
2019-01-20 16:39:31 INFO  LOG:92 - TestCase_Fetch_Order_VerifyStatusCode_ValidID PASSED.
2019-01-20 16:39:31 INFO  LOG:114 - Starting test case :TestCase_Take_Order_VerifyStatusCode_InvalidFlow
2019-01-20 16:39:31 INFO  LOG:101 - InValid Status Code for Incorrect flow of Take Order422
2019-01-20 16:39:31 INFO  LOG:121 - TestCase_Take_Order_VerifyStatusCode_InvalidFlow PASSED.
2019-01-20 16:39:31 INFO  LOG:114 - Starting test case :TestCase_Take_Order_VerifyStatusCode_InvalidID
2019-01-20 16:39:32 INFO  LOG:69 - InValid Status Code for Take Order404
2019-01-20 16:39:32 INFO  LOG:121 - TestCase_Take_Order_VerifyStatusCode_InvalidID PASSED.
2019-01-20 16:39:32 INFO  LOG:114 - Starting test case :TestCase_Take_Order_VerifyStatusCode_ValidID
2019-01-20 16:39:32 INFO  LOG:38 - Valid Status Code for Take Order 200
2019-01-20 16:39:32 INFO  LOG:121 - TestCase_Take_Order_VerifyStatusCode_ValidID PASSED.
2019-01-20 16:39:32 INFO  LOG:129 - Starting test case :TestCase_Complete_Order_VerifyStatusCode_InvalidFlow
2019-01-20 16:39:32 INFO  LOG:138 - TestCase_Complete_Order_VerifyStatusCode_InvalidFlow FAILED
2019-01-20 16:39:32 INFO  LOG:129 - Starting test case :TestCase_Complete_Order_VerifyStatusCode_InvalidID
2019-01-20 16:39:32 INFO  LOG:138 - TestCase_Complete_Order_VerifyStatusCode_InvalidID FAILED
2019-01-20 16:39:32 INFO  LOG:129 - Starting test case :TestCase_Complete_Order_VerifyStatusCode_ValidID
2019-01-20 16:39:33 INFO  LOG:138 - TestCase_Complete_Order_VerifyStatusCode_ValidID FAILED
2019-01-20 16:39:33 INFO  LOG:160 - Starting test case :TestCase_Cancel_Order_VerifyStatusCode_InvalidID
2019-01-20 16:39:33 INFO  LOG:108 - InValid Status Code for Cancel Order404
2019-01-20 16:39:33 INFO  LOG:167 - TestCase_Cancel_Order_VerifyStatusCode_InvalidID PASSED.
2019-01-20 16:39:33 INFO  LOG:160 - Starting test case :TestCase_Cancel_Order_VerifyStatusCode_ValidID_AfterPlaceOrder
2019-01-20 16:39:33 INFO  LOG:40 - Valid Status Code for Cancel Order200
2019-01-20 16:39:33 INFO  LOG:167 - TestCase_Cancel_Order_VerifyStatusCode_ValidID_AfterPlaceOrder PASSED.
2019-01-20 16:39:33 INFO  LOG:160 - Starting test case :TestCase_Cancel_Order_VerifyStatusCode_ValidID_AfterTakeOrder
2019-01-20 16:39:33 INFO  LOG:169 - TestCase_Cancel_Order_VerifyStatusCode_ValidID_AfterTakeOrder FAILED
2019-01-20 16:39:33 INFO  LOG:160 - Starting test case :TestCase_cancel_Order_VerifyStatusCode_InvalidFlow
2019-01-20 16:39:33 INFO  LOG:169 - TestCase_cancel_Order_VerifyStatusCode_InvalidFlow FAILED
2019-01-20 16:41:02 INFO  LOG:129 - Starting test case :TestCase_Complete_Order_VerifyStatusCode_ValidID
2019-01-20 16:43:48 INFO  LOG:433 - Starting test case :Testcase_placeAdvanceOrder_VerifyId
2019-01-20 16:43:50 INFO  LOG:214 - Advance ID is : 1087
2019-01-20 16:43:50 INFO  LOG:440 - Testcase_placeAdvanceOrder_VerifyId PASSED.
2019-01-20 16:43:50 INFO  LOG:433 - Starting test case :Testcase_placeAdvanceOrder_verifyDistancesCount
2019-01-20 16:43:51 INFO  LOG:243 - Length for Advance order is : 2
2019-01-20 16:43:51 INFO  LOG:440 - Testcase_placeAdvanceOrder_verifyDistancesCount PASSED.
2019-01-20 16:43:51 INFO  LOG:433 - Starting test case :Testcase_placeAdvanceOrder_verifyFareAboveTwoKms
2019-01-20 16:43:51 INFO  LOG:313 - Additional Fare for Advance booking is : 50.6
2019-01-20 16:43:51 INFO  LOG:440 - Testcase_placeAdvanceOrder_verifyFareAboveTwoKms PASSED.
2019-01-20 16:43:51 INFO  LOG:433 - Starting test case :Testcase_placeAdvanceOrder_verifyFareAboveTwoKms_NightCharges
2019-01-20 16:43:51 INFO  LOG:382 - Additional  Night Fare for Advance booking is : 50.6
2019-01-20 16:43:51 INFO  LOG:440 - Testcase_placeAdvanceOrder_verifyFareAboveTwoKms_NightCharges PASSED.
2019-01-20 16:43:51 INFO  LOG:433 - Starting test case :Testcase_placeAdvanceOrder_verifyFareBelowTwoKms
2019-01-20 16:43:51 INFO  LOG:274 - Fare for Advance booking is : 20.0
2019-01-20 16:43:51 INFO  LOG:440 - Testcase_placeAdvanceOrder_verifyFareBelowTwoKms PASSED.
2019-01-20 16:43:51 INFO  LOG:433 - Starting test case :Testcase_placeAdvanceOrder_verifyFareBelowTwoKms_NightCharges
2019-01-20 16:43:51 INFO  LOG:346 - Night Fare for Advance booking is : 30.0
2019-01-20 16:43:51 INFO  LOG:440 - Testcase_placeAdvanceOrder_verifyFareBelowTwoKms_NightCharges PASSED.
2019-01-20 16:43:51 INFO  LOG:433 - Starting test case :Testcase_placeOrder_verifyCurrency
2019-01-20 16:43:52 INFO  LOG:88 - ID is : 1093
2019-01-20 16:43:52 INFO  LOG:440 - Testcase_placeOrder_verifyCurrency PASSED.
2019-01-20 16:43:52 INFO  LOG:433 - Starting test case :Testcase_placeOrder_verifyDistancesCount
2019-01-20 16:43:52 INFO  LOG:119 - Length is : 2
2019-01-20 16:43:52 INFO  LOG:440 - Testcase_placeOrder_verifyDistancesCount PASSED.
2019-01-20 16:43:52 INFO  LOG:433 - Starting test case :Testcase_placeOrder_verifyFareAboveTwoKms
2019-01-20 16:43:52 INFO  LOG:187 - Additional Fare is : 50.6
2019-01-20 16:43:52 INFO  LOG:440 - Testcase_placeOrder_verifyFareAboveTwoKms PASSED.
2019-01-20 16:43:52 INFO  LOG:433 - Starting test case :Testcase_placeOrder_verifyFareBelowTwoKms
2019-01-20 16:43:52 INFO  LOG:151 - Fare is : 20.0
2019-01-20 16:43:52 INFO  LOG:440 - Testcase_placeOrder_verifyFareBelowTwoKms PASSED.
2019-01-20 16:43:52 INFO  LOG:433 - Starting test case :Testcase_placeOrder_verifyID
2019-01-20 16:43:52 INFO  LOG:56 - ID is : 1097
2019-01-20 16:43:52 INFO  LOG:440 - Testcase_placeOrder_verifyID PASSED.
2019-01-20 16:43:52 INFO  LOG:433 - Starting test case :Testcase_placeOrder_verifySingleStopValue
2019-01-20 16:43:52 ERROR LOG:53 - Exception occured : JSONObject["id"] not found.
2019-01-20 16:43:52 INFO  LOG:418 - Message for incorrect stops is : error in field(s): stops
2019-01-20 16:43:52 INFO  LOG:440 - Testcase_placeOrder_verifySingleStopValue PASSED.
2019-01-20 16:43:52 INFO  LOG:85 - Starting test case :TestCase_Fetch_Order_VerifyStatusCode_InvalidID
2019-01-20 16:43:53 INFO  LOG:72 - InValid Status Code404
2019-01-20 16:43:53 INFO  LOG:92 - TestCase_Fetch_Order_VerifyStatusCode_InvalidID PASSED.
2019-01-20 16:43:53 INFO  LOG:85 - Starting test case :TestCase_Fetch_Order_VerifyStatusCode_ValidID
2019-01-20 16:43:53 INFO  LOG:39 - Valid Status Code200
2019-01-20 16:43:53 INFO  LOG:92 - TestCase_Fetch_Order_VerifyStatusCode_ValidID PASSED.
2019-01-20 16:43:53 INFO  LOG:114 - Starting test case :TestCase_Take_Order_VerifyStatusCode_InvalidFlow
2019-01-20 16:43:53 INFO  LOG:101 - InValid Status Code for Incorrect flow of Take Order422
2019-01-20 16:43:53 INFO  LOG:121 - TestCase_Take_Order_VerifyStatusCode_InvalidFlow PASSED.
2019-01-20 16:43:53 INFO  LOG:114 - Starting test case :TestCase_Take_Order_VerifyStatusCode_InvalidID
2019-01-20 16:43:53 INFO  LOG:69 - InValid Status Code for Take Order404
2019-01-20 16:43:53 INFO  LOG:121 - TestCase_Take_Order_VerifyStatusCode_InvalidID PASSED.
2019-01-20 16:43:53 INFO  LOG:114 - Starting test case :TestCase_Take_Order_VerifyStatusCode_ValidID
2019-01-20 16:43:53 INFO  LOG:38 - Valid Status Code for Take Order 200
2019-01-20 16:43:53 INFO  LOG:121 - TestCase_Take_Order_VerifyStatusCode_ValidID PASSED.
2019-01-20 16:43:53 INFO  LOG:129 - Starting test case :TestCase_Complete_Order_VerifyStatusCode_InvalidFlow
2019-01-20 16:43:54 INFO  LOG:138 - TestCase_Complete_Order_VerifyStatusCode_InvalidFlow FAILED
2019-01-20 16:43:54 INFO  LOG:129 - Starting test case :TestCase_Complete_Order_VerifyStatusCode_InvalidID
2019-01-20 16:43:54 INFO  LOG:138 - TestCase_Complete_Order_VerifyStatusCode_InvalidID FAILED
2019-01-20 16:43:54 INFO  LOG:129 - Starting test case :TestCase_Complete_Order_VerifyStatusCode_ValidID
2019-01-20 16:43:54 INFO  LOG:138 - TestCase_Complete_Order_VerifyStatusCode_ValidID FAILED
2019-01-20 16:43:54 INFO  LOG:160 - Starting test case :TestCase_Cancel_Order_VerifyStatusCode_InvalidID
2019-01-20 16:43:54 INFO  LOG:108 - InValid Status Code for Cancel Order404
2019-01-20 16:43:54 INFO  LOG:167 - TestCase_Cancel_Order_VerifyStatusCode_InvalidID PASSED.
2019-01-20 16:43:54 INFO  LOG:160 - Starting test case :TestCase_Cancel_Order_VerifyStatusCode_ValidID_AfterPlaceOrder
2019-01-20 16:43:55 INFO  LOG:40 - Valid Status Code for Cancel Order200
2019-01-20 16:43:55 INFO  LOG:167 - TestCase_Cancel_Order_VerifyStatusCode_ValidID_AfterPlaceOrder PASSED.
2019-01-20 16:43:55 INFO  LOG:160 - Starting test case :TestCase_Cancel_Order_VerifyStatusCode_ValidID_AfterTakeOrder
2019-01-20 16:43:55 INFO  LOG:169 - TestCase_Cancel_Order_VerifyStatusCode_ValidID_AfterTakeOrder FAILED
2019-01-20 16:43:55 INFO  LOG:160 - Starting test case :TestCase_cancel_Order_VerifyStatusCode_InvalidFlow
2019-01-20 16:43:55 INFO  LOG:169 - TestCase_cancel_Order_VerifyStatusCode_InvalidFlow FAILED
2019-01-20 16:45:13 INFO  LOG:129 - Starting test case :TestCase_Complete_Order_VerifyStatusCode_ValidID
2019-01-20 16:48:23 INFO  LOG:129 - Starting test case :TestCase_Complete_Order_VerifyStatusCode_ValidID
2019-01-20 16:48:26 INFO  LOG:138 - TestCase_Complete_Order_VerifyStatusCode_ValidID FAILED
2019-01-20 16:50:11 INFO  LOG:130 - Starting test case :TestCase_Complete_Order_VerifyStatusCode_ValidID
2019-01-20 16:58:34 INFO  LOG:130 - Starting test case :TestCase_Complete_Order_VerifyStatusCode_ValidID
2019-01-20 16:58:36 INFO  LOG:139 - TestCase_Complete_Order_VerifyStatusCode_ValidID FAILED
2019-01-20 16:59:33 INFO  LOG:130 - Starting test case :TestCase_Complete_Order_VerifyStatusCode_ValidID
2019-01-20 17:00:08 INFO  LOG:139 - TestCase_Complete_Order_VerifyStatusCode_ValidID FAILED
2019-01-20 17:00:33 INFO  LOG:130 - Starting test case :TestCase_Complete_Order_VerifyStatusCode_ValidID
2019-01-20 17:04:49 INFO  LOG:433 - Starting test case :Testcase_placeAdvanceOrder_VerifyId
2019-01-20 17:04:52 INFO  LOG:214 - Advance ID is : 4
2019-01-20 17:04:52 INFO  LOG:440 - Testcase_placeAdvanceOrder_VerifyId PASSED.
2019-01-20 17:04:52 INFO  LOG:433 - Starting test case :Testcase_placeAdvanceOrder_verifyDistancesCount
2019-01-20 17:04:52 INFO  LOG:243 - Length for Advance order is : 2
2019-01-20 17:04:52 INFO  LOG:440 - Testcase_placeAdvanceOrder_verifyDistancesCount PASSED.
2019-01-20 17:04:52 INFO  LOG:433 - Starting test case :Testcase_placeAdvanceOrder_verifyFareAboveTwoKms
2019-01-20 17:04:52 INFO  LOG:313 - Additional Fare for Advance booking is : 50.6
2019-01-20 17:04:52 INFO  LOG:440 - Testcase_placeAdvanceOrder_verifyFareAboveTwoKms PASSED.
2019-01-20 17:04:52 INFO  LOG:433 - Starting test case :Testcase_placeAdvanceOrder_verifyFareAboveTwoKms_NightCharges
2019-01-20 17:04:53 INFO  LOG:382 - Additional  Night Fare for Advance booking is : 50.6
2019-01-20 17:04:53 INFO  LOG:440 - Testcase_placeAdvanceOrder_verifyFareAboveTwoKms_NightCharges PASSED.
2019-01-20 17:04:53 INFO  LOG:433 - Starting test case :Testcase_placeAdvanceOrder_verifyFareBelowTwoKms
2019-01-20 17:04:53 INFO  LOG:274 - Fare for Advance booking is : 20.0
2019-01-20 17:04:53 INFO  LOG:440 - Testcase_placeAdvanceOrder_verifyFareBelowTwoKms PASSED.
2019-01-20 17:04:53 INFO  LOG:433 - Starting test case :Testcase_placeAdvanceOrder_verifyFareBelowTwoKms_NightCharges
2019-01-20 17:04:53 INFO  LOG:346 - Night Fare for Advance booking is : 30.0
2019-01-20 17:04:53 INFO  LOG:440 - Testcase_placeAdvanceOrder_verifyFareBelowTwoKms_NightCharges PASSED.
2019-01-20 17:04:53 INFO  LOG:433 - Starting test case :Testcase_placeOrder_verifyCurrency
2019-01-20 17:04:53 INFO  LOG:88 - ID is : 10
2019-01-20 17:04:53 INFO  LOG:440 - Testcase_placeOrder_verifyCurrency PASSED.
2019-01-20 17:04:53 INFO  LOG:433 - Starting test case :Testcase_placeOrder_verifyDistancesCount
2019-01-20 17:04:53 INFO  LOG:119 - Length is : 2
2019-01-20 17:04:53 INFO  LOG:440 - Testcase_placeOrder_verifyDistancesCount PASSED.
2019-01-20 17:04:53 INFO  LOG:433 - Starting test case :Testcase_placeOrder_verifyFareAboveTwoKms
2019-01-20 17:04:54 INFO  LOG:187 - Additional Fare is : 50.6
2019-01-20 17:04:54 INFO  LOG:440 - Testcase_placeOrder_verifyFareAboveTwoKms PASSED.
2019-01-20 17:04:54 INFO  LOG:433 - Starting test case :Testcase_placeOrder_verifyFareBelowTwoKms
2019-01-20 17:04:54 INFO  LOG:151 - Fare is : 20.0
2019-01-20 17:04:54 INFO  LOG:440 - Testcase_placeOrder_verifyFareBelowTwoKms PASSED.
2019-01-20 17:04:54 INFO  LOG:433 - Starting test case :Testcase_placeOrder_verifyID
2019-01-20 17:04:54 INFO  LOG:56 - ID is : 14
2019-01-20 17:04:54 INFO  LOG:440 - Testcase_placeOrder_verifyID PASSED.
2019-01-20 17:04:54 INFO  LOG:433 - Starting test case :Testcase_placeOrder_verifySingleStopValue
2019-01-20 17:04:54 ERROR LOG:53 - Exception occured : JSONObject["id"] not found.
2019-01-20 17:04:54 INFO  LOG:418 - Message for incorrect stops is : error in field(s): stops
2019-01-20 17:04:54 INFO  LOG:440 - Testcase_placeOrder_verifySingleStopValue PASSED.
2019-01-20 17:04:54 INFO  LOG:85 - Starting test case :TestCase_Fetch_Order_VerifyStatusCode_InvalidID
2019-01-20 17:04:54 INFO  LOG:72 - InValid Status Code404
2019-01-20 17:04:54 INFO  LOG:92 - TestCase_Fetch_Order_VerifyStatusCode_InvalidID PASSED.
2019-01-20 17:04:54 INFO  LOG:85 - Starting test case :TestCase_Fetch_Order_VerifyStatusCode_ValidID
2019-01-20 17:04:54 INFO  LOG:39 - Valid Status Code200
2019-01-20 17:04:54 INFO  LOG:92 - TestCase_Fetch_Order_VerifyStatusCode_ValidID PASSED.
2019-01-20 17:04:54 INFO  LOG:114 - Starting test case :TestCase_Take_Order_VerifyStatusCode_InvalidFlow
2019-01-20 17:04:55 INFO  LOG:101 - InValid Status Code for Incorrect flow of Take Order422
2019-01-20 17:04:55 INFO  LOG:121 - TestCase_Take_Order_VerifyStatusCode_InvalidFlow PASSED.
2019-01-20 17:04:55 INFO  LOG:114 - Starting test case :TestCase_Take_Order_VerifyStatusCode_InvalidID
2019-01-20 17:04:55 INFO  LOG:69 - InValid Status Code for Take Order404
2019-01-20 17:04:55 INFO  LOG:121 - TestCase_Take_Order_VerifyStatusCode_InvalidID PASSED.
2019-01-20 17:04:55 INFO  LOG:114 - Starting test case :TestCase_Take_Order_VerifyStatusCode_ValidID
2019-01-20 17:04:55 INFO  LOG:38 - Valid Status Code for Take Order 200
2019-01-20 17:04:55 INFO  LOG:121 - TestCase_Take_Order_VerifyStatusCode_ValidID PASSED.
2019-01-20 17:04:55 INFO  LOG:130 - Starting test case :TestCase_Complete_Order_VerifyStatusCode_InvalidFlow
2019-01-20 17:04:55 INFO  LOG:116 - InValid Status Code for Incorrect flow of Complete Order422
2019-01-20 17:04:55 INFO  LOG:137 - TestCase_Complete_Order_VerifyStatusCode_InvalidFlow PASSED.
2019-01-20 17:04:55 INFO  LOG:130 - Starting test case :TestCase_Complete_Order_VerifyStatusCode_InvalidID
2019-01-20 17:04:55 INFO  LOG:80 - InValid Status Code for Complete Order404
2019-01-20 17:04:55 INFO  LOG:137 - TestCase_Complete_Order_VerifyStatusCode_InvalidID PASSED.
2019-01-20 17:04:55 INFO  LOG:130 - Starting test case :TestCase_Complete_Order_VerifyStatusCode_ValidID
2019-01-20 17:04:56 INFO  LOG:44 - Valid Status Code for Complete Order200
2019-01-20 17:04:56 INFO  LOG:137 - TestCase_Complete_Order_VerifyStatusCode_ValidID PASSED.
2019-01-20 17:04:56 INFO  LOG:160 - Starting test case :TestCase_Cancel_Order_VerifyStatusCode_InvalidID
2019-01-20 17:04:56 INFO  LOG:108 - InValid Status Code for Cancel Order404
2019-01-20 17:04:56 INFO  LOG:167 - TestCase_Cancel_Order_VerifyStatusCode_InvalidID PASSED.
2019-01-20 17:04:56 INFO  LOG:160 - Starting test case :TestCase_Cancel_Order_VerifyStatusCode_ValidID_AfterPlaceOrder
2019-01-20 17:04:56 INFO  LOG:40 - Valid Status Code for Cancel Order200
2019-01-20 17:04:56 INFO  LOG:167 - TestCase_Cancel_Order_VerifyStatusCode_ValidID_AfterPlaceOrder PASSED.
2019-01-20 17:04:56 INFO  LOG:160 - Starting test case :TestCase_Cancel_Order_VerifyStatusCode_ValidID_AfterTakeOrder
2019-01-20 17:04:56 INFO  LOG:76 - Valid Status Code for Cancel Order200
2019-01-20 17:04:56 INFO  LOG:167 - TestCase_Cancel_Order_VerifyStatusCode_ValidID_AfterTakeOrder PASSED.
2019-01-20 17:04:56 INFO  LOG:160 - Starting test case :TestCase_cancel_Order_VerifyStatusCode_InvalidFlow
2019-01-20 17:04:57 INFO  LOG:147 - InValid Status Code for Incorrect flow of Cancel Order422
2019-01-20 17:04:57 INFO  LOG:167 - TestCase_cancel_Order_VerifyStatusCode_InvalidFlow PASSED.
2019-01-20 18:10:30 INFO  LOG:433 - Starting test case :Testcase_placeAdvanceOrder_VerifyId
2019-01-20 18:10:33 INFO  LOG:214 - Advance ID is : 27
2019-01-20 18:10:33 INFO  LOG:440 - Testcase_placeAdvanceOrder_VerifyId PASSED.
2019-01-20 18:10:33 INFO  LOG:433 - Starting test case :Testcase_placeAdvanceOrder_verifyDistancesCount
2019-01-20 18:10:33 INFO  LOG:243 - Length for Advance order is : 2
2019-01-20 18:10:33 INFO  LOG:440 - Testcase_placeAdvanceOrder_verifyDistancesCount PASSED.
2019-01-20 18:10:33 INFO  LOG:433 - Starting test case :Testcase_placeAdvanceOrder_verifyFareAboveTwoKms
2019-01-20 18:10:33 INFO  LOG:313 - Additional Fare for Advance booking is : 50.6
2019-01-20 18:10:33 INFO  LOG:440 - Testcase_placeAdvanceOrder_verifyFareAboveTwoKms PASSED.
2019-01-20 18:10:33 INFO  LOG:433 - Starting test case :Testcase_placeAdvanceOrder_verifyFareAboveTwoKms_NightCharges
2019-01-20 18:10:34 INFO  LOG:382 - Additional  Night Fare for Advance booking is : 50.6
2019-01-20 18:10:34 INFO  LOG:440 - Testcase_placeAdvanceOrder_verifyFareAboveTwoKms_NightCharges PASSED.
2019-01-20 18:10:34 INFO  LOG:433 - Starting test case :Testcase_placeAdvanceOrder_verifyFareBelowTwoKms
2019-01-20 18:10:34 INFO  LOG:274 - Fare for Advance booking is : 20.0
2019-01-20 18:10:34 INFO  LOG:440 - Testcase_placeAdvanceOrder_verifyFareBelowTwoKms PASSED.
2019-01-20 18:10:34 INFO  LOG:433 - Starting test case :Testcase_placeAdvanceOrder_verifyFareBelowTwoKms_NightCharges
2019-01-20 18:10:34 INFO  LOG:346 - Night Fare for Advance booking is : 30.0
2019-01-20 18:10:34 INFO  LOG:440 - Testcase_placeAdvanceOrder_verifyFareBelowTwoKms_NightCharges PASSED.
2019-01-20 18:10:34 INFO  LOG:433 - Starting test case :Testcase_placeOrder_verifyCurrency
2019-01-20 18:10:34 INFO  LOG:88 - ID is : 33
2019-01-20 18:10:34 INFO  LOG:440 - Testcase_placeOrder_verifyCurrency PASSED.
2019-01-20 18:10:34 INFO  LOG:433 - Starting test case :Testcase_placeOrder_verifyDistancesCount
2019-01-20 18:10:34 INFO  LOG:119 - Length is : 2
2019-01-20 18:10:34 INFO  LOG:440 - Testcase_placeOrder_verifyDistancesCount PASSED.
2019-01-20 18:10:34 INFO  LOG:433 - Starting test case :Testcase_placeOrder_verifyFareAboveTwoKms
2019-01-20 18:10:35 INFO  LOG:187 - Additional Fare is : 50.6
2019-01-20 18:10:35 INFO  LOG:440 - Testcase_placeOrder_verifyFareAboveTwoKms PASSED.
2019-01-20 18:10:35 INFO  LOG:433 - Starting test case :Testcase_placeOrder_verifyFareBelowTwoKms
2019-01-20 18:10:35 INFO  LOG:151 - Fare is : 20.0
2019-01-20 18:10:35 INFO  LOG:440 - Testcase_placeOrder_verifyFareBelowTwoKms PASSED.
2019-01-20 18:10:35 INFO  LOG:433 - Starting test case :Testcase_placeOrder_verifyID
2019-01-20 18:10:35 INFO  LOG:56 - ID is : 37
2019-01-20 18:10:35 INFO  LOG:440 - Testcase_placeOrder_verifyID PASSED.
2019-01-20 18:10:35 INFO  LOG:433 - Starting test case :Testcase_placeOrder_verifySingleStopValue
2019-01-20 18:10:35 ERROR LOG:53 - Exception occured : JSONObject["id"] not found.
2019-01-20 18:10:35 INFO  LOG:418 - Message for incorrect stops is : error in field(s): stops
2019-01-20 18:10:35 INFO  LOG:440 - Testcase_placeOrder_verifySingleStopValue PASSED.
2019-01-20 18:10:35 INFO  LOG:271 - Starting test case :TestCase_Fetch_Order_VerifyDrivingDistances_ValidID
2019-01-20 18:10:35 INFO  LOG:280 - TestCase_Fetch_Order_VerifyDrivingDistances_ValidID FAILED
2019-01-20 18:10:35 INFO  LOG:271 - Starting test case :TestCase_Fetch_Order_VerifyErrorMessage_InvalidID
2019-01-20 18:10:35 INFO  LOG:148 - Error MessageORDER_NOT_FOUND
2019-01-20 18:10:35 INFO  LOG:278 - TestCase_Fetch_Order_VerifyErrorMessage_InvalidID PASSED.
2019-01-20 18:10:35 INFO  LOG:271 - Starting test case :TestCase_Fetch_Order_VerifyFareAmount_ValidID
2019-01-20 18:10:36 INFO  LOG:280 - TestCase_Fetch_Order_VerifyFareAmount_ValidID FAILED
2019-01-20 18:10:36 INFO  LOG:271 - Starting test case :TestCase_Fetch_Order_VerifyOrderStatusForPlacedOrder
2019-01-20 18:10:36 INFO  LOG:82 - Valid Status ASSIGNING
2019-01-20 18:10:36 INFO  LOG:278 - TestCase_Fetch_Order_VerifyOrderStatusForPlacedOrder PASSED.
2019-01-20 18:10:36 INFO  LOG:271 - Starting test case :TestCase_Fetch_Order_VerifyStatusCode_InvalidID
2019-01-20 18:10:36 INFO  LOG:115 - InValid Status Code404
2019-01-20 18:10:36 INFO  LOG:278 - TestCase_Fetch_Order_VerifyStatusCode_InvalidID PASSED.
2019-01-20 18:10:36 INFO  LOG:271 - Starting test case :TestCase_Fetch_Order_VerifyStatusCode_ValidID
2019-01-20 18:10:36 INFO  LOG:49 - Valid Status Code200
2019-01-20 18:10:36 INFO  LOG:278 - TestCase_Fetch_Order_VerifyStatusCode_ValidID PASSED.
2019-01-20 18:10:36 INFO  LOG:271 - Starting test case :TestCase_Fetch_Order_VerifyStopsCounts_ValidID
2019-01-20 18:10:37 INFO  LOG:280 - TestCase_Fetch_Order_VerifyStopsCounts_ValidID FAILED
2019-01-20 18:10:37 INFO  LOG:114 - Starting test case :TestCase_Take_Order_VerifyStatusCode_InvalidFlow
2019-01-20 18:10:37 INFO  LOG:101 - InValid Status Code for Incorrect flow of Take Order422
2019-01-20 18:10:37 INFO  LOG:121 - TestCase_Take_Order_VerifyStatusCode_InvalidFlow PASSED.
2019-01-20 18:10:37 INFO  LOG:114 - Starting test case :TestCase_Take_Order_VerifyStatusCode_InvalidID
2019-01-20 18:10:37 INFO  LOG:69 - InValid Status Code for Take Order404
2019-01-20 18:10:37 INFO  LOG:121 - TestCase_Take_Order_VerifyStatusCode_InvalidID PASSED.
2019-01-20 18:10:37 INFO  LOG:114 - Starting test case :TestCase_Take_Order_VerifyStatusCode_ValidID
2019-01-20 18:10:37 INFO  LOG:38 - Valid Status Code for Take Order 200
2019-01-20 18:10:37 INFO  LOG:121 - TestCase_Take_Order_VerifyStatusCode_ValidID PASSED.
2019-01-20 18:10:37 INFO  LOG:128 - Starting test case :TestCase_Complete_Order_VerifyStatusCode_InvalidFlow
2019-01-20 18:10:38 INFO  LOG:115 - InValid Status Code for Incorrect flow of Complete Order422
2019-01-20 18:10:38 INFO  LOG:135 - TestCase_Complete_Order_VerifyStatusCode_InvalidFlow PASSED.
2019-01-20 18:10:38 INFO  LOG:128 - Starting test case :TestCase_Complete_Order_VerifyStatusCode_InvalidID
2019-01-20 18:10:38 INFO  LOG:79 - InValid Status Code for Complete Order404
2019-01-20 18:10:38 INFO  LOG:135 - TestCase_Complete_Order_VerifyStatusCode_InvalidID PASSED.
2019-01-20 18:10:38 INFO  LOG:128 - Starting test case :TestCase_Complete_Order_VerifyStatusCode_ValidID
2019-01-20 18:10:38 INFO  LOG:44 - Valid Status Code for Complete Order200
2019-01-20 18:10:38 INFO  LOG:135 - TestCase_Complete_Order_VerifyStatusCode_ValidID PASSED.
2019-01-20 18:10:38 INFO  LOG:160 - Starting test case :TestCase_Cancel_Order_VerifyStatusCode_InvalidID
2019-01-20 18:10:38 INFO  LOG:108 - InValid Status Code for Cancel Order404
2019-01-20 18:10:38 INFO  LOG:167 - TestCase_Cancel_Order_VerifyStatusCode_InvalidID PASSED.
2019-01-20 18:10:38 INFO  LOG:160 - Starting test case :TestCase_Cancel_Order_VerifyStatusCode_ValidID_AfterPlaceOrder
2019-01-20 18:10:38 INFO  LOG:40 - Valid Status Code for Cancel Order200
2019-01-20 18:10:38 INFO  LOG:167 - TestCase_Cancel_Order_VerifyStatusCode_ValidID_AfterPlaceOrder PASSED.
2019-01-20 18:10:38 INFO  LOG:160 - Starting test case :TestCase_Cancel_Order_VerifyStatusCode_ValidID_AfterTakeOrder
2019-01-20 18:10:39 INFO  LOG:76 - Valid Status Code for Cancel Order200
2019-01-20 18:10:39 INFO  LOG:167 - TestCase_Cancel_Order_VerifyStatusCode_ValidID_AfterTakeOrder PASSED.
2019-01-20 18:10:39 INFO  LOG:160 - Starting test case :TestCase_cancel_Order_VerifyStatusCode_InvalidFlow
2019-01-20 18:10:39 INFO  LOG:147 - InValid Status Code for Incorrect flow of Cancel Order422
2019-01-20 18:10:39 INFO  LOG:167 - TestCase_cancel_Order_VerifyStatusCode_InvalidFlow PASSED.
2019-01-20 18:12:19 INFO  LOG:433 - Starting test case :Testcase_placeAdvanceOrder_VerifyId
2019-01-20 18:12:23 INFO  LOG:214 - Advance ID is : 55
2019-01-20 18:12:23 INFO  LOG:440 - Testcase_placeAdvanceOrder_VerifyId PASSED.
2019-01-20 18:12:23 INFO  LOG:433 - Starting test case :Testcase_placeAdvanceOrder_verifyDistancesCount
2019-01-20 18:12:23 INFO  LOG:243 - Length for Advance order is : 2
2019-01-20 18:12:23 INFO  LOG:440 - Testcase_placeAdvanceOrder_verifyDistancesCount PASSED.
2019-01-20 18:12:23 INFO  LOG:433 - Starting test case :Testcase_placeAdvanceOrder_verifyFareAboveTwoKms
2019-01-20 18:12:23 INFO  LOG:313 - Additional Fare for Advance booking is : 50.6
2019-01-20 18:12:23 INFO  LOG:440 - Testcase_placeAdvanceOrder_verifyFareAboveTwoKms PASSED.
2019-01-20 18:12:23 INFO  LOG:433 - Starting test case :Testcase_placeAdvanceOrder_verifyFareAboveTwoKms_NightCharges
2019-01-20 18:12:23 INFO  LOG:382 - Additional  Night Fare for Advance booking is : 50.6
2019-01-20 18:12:23 INFO  LOG:440 - Testcase_placeAdvanceOrder_verifyFareAboveTwoKms_NightCharges PASSED.
2019-01-20 18:12:23 INFO  LOG:433 - Starting test case :Testcase_placeAdvanceOrder_verifyFareBelowTwoKms
2019-01-20 18:12:24 INFO  LOG:274 - Fare for Advance booking is : 20.0
2019-01-20 18:12:24 INFO  LOG:440 - Testcase_placeAdvanceOrder_verifyFareBelowTwoKms PASSED.
2019-01-20 18:12:24 INFO  LOG:433 - Starting test case :Testcase_placeAdvanceOrder_verifyFareBelowTwoKms_NightCharges
2019-01-20 18:12:24 INFO  LOG:346 - Night Fare for Advance booking is : 30.0
2019-01-20 18:12:24 INFO  LOG:440 - Testcase_placeAdvanceOrder_verifyFareBelowTwoKms_NightCharges PASSED.
2019-01-20 18:12:24 INFO  LOG:433 - Starting test case :Testcase_placeOrder_verifyCurrency
2019-01-20 18:12:24 INFO  LOG:88 - ID is : 61
2019-01-20 18:12:24 INFO  LOG:440 - Testcase_placeOrder_verifyCurrency PASSED.
2019-01-20 18:12:24 INFO  LOG:433 - Starting test case :Testcase_placeOrder_verifyDistancesCount
2019-01-20 18:12:24 INFO  LOG:119 - Length is : 2
2019-01-20 18:12:24 INFO  LOG:440 - Testcase_placeOrder_verifyDistancesCount PASSED.
2019-01-20 18:12:24 INFO  LOG:433 - Starting test case :Testcase_placeOrder_verifyFareAboveTwoKms
2019-01-20 18:12:24 INFO  LOG:187 - Additional Fare is : 50.6
2019-01-20 18:12:24 INFO  LOG:440 - Testcase_placeOrder_verifyFareAboveTwoKms PASSED.
2019-01-20 18:12:24 INFO  LOG:433 - Starting test case :Testcase_placeOrder_verifyFareBelowTwoKms
2019-01-20 18:12:25 INFO  LOG:151 - Fare is : 20.0
2019-01-20 18:12:25 INFO  LOG:440 - Testcase_placeOrder_verifyFareBelowTwoKms PASSED.
2019-01-20 18:12:25 INFO  LOG:433 - Starting test case :Testcase_placeOrder_verifyID
2019-01-20 18:12:25 INFO  LOG:56 - ID is : 65
2019-01-20 18:12:25 INFO  LOG:440 - Testcase_placeOrder_verifyID PASSED.
2019-01-20 18:12:25 INFO  LOG:433 - Starting test case :Testcase_placeOrder_verifySingleStopValue
2019-01-20 18:12:25 ERROR LOG:53 - Exception occured : JSONObject["id"] not found.
2019-01-20 18:12:25 INFO  LOG:418 - Message for incorrect stops is : error in field(s): stops
2019-01-20 18:12:25 INFO  LOG:440 - Testcase_placeOrder_verifySingleStopValue PASSED.
2019-01-20 18:12:25 INFO  LOG:271 - Starting test case :TestCase_Fetch_Order_VerifyDrivingDistances_ValidID
2019-01-20 18:12:25 INFO  LOG:215 - Length is : 2
2019-01-20 18:12:25 INFO  LOG:278 - TestCase_Fetch_Order_VerifyDrivingDistances_ValidID PASSED.
2019-01-20 18:12:25 INFO  LOG:271 - Starting test case :TestCase_Fetch_Order_VerifyErrorMessage_InvalidID
2019-01-20 18:12:25 INFO  LOG:148 - Error MessageORDER_NOT_FOUND
2019-01-20 18:12:25 INFO  LOG:278 - TestCase_Fetch_Order_VerifyErrorMessage_InvalidID PASSED.
2019-01-20 18:12:25 INFO  LOG:271 - Starting test case :TestCase_Fetch_Order_VerifyFareAmount_ValidID
2019-01-20 18:12:25 INFO  LOG:258 - Fare is : 312.05
2019-01-20 18:12:25 INFO  LOG:278 - TestCase_Fetch_Order_VerifyFareAmount_ValidID PASSED.
2019-01-20 18:12:25 INFO  LOG:271 - Starting test case :TestCase_Fetch_Order_VerifyOrderStatusForPlacedOrder
2019-01-20 18:12:26 INFO  LOG:82 - Valid Status ASSIGNING
2019-01-20 18:12:26 INFO  LOG:278 - TestCase_Fetch_Order_VerifyOrderStatusForPlacedOrder PASSED.
2019-01-20 18:12:26 INFO  LOG:271 - Starting test case :TestCase_Fetch_Order_VerifyStatusCode_InvalidID
2019-01-20 18:12:26 INFO  LOG:115 - InValid Status Code404
2019-01-20 18:12:26 INFO  LOG:278 - TestCase_Fetch_Order_VerifyStatusCode_InvalidID PASSED.
2019-01-20 18:12:26 INFO  LOG:271 - Starting test case :TestCase_Fetch_Order_VerifyStatusCode_ValidID
2019-01-20 18:12:26 INFO  LOG:49 - Valid Status Code200
2019-01-20 18:12:26 INFO  LOG:278 - TestCase_Fetch_Order_VerifyStatusCode_ValidID PASSED.
2019-01-20 18:12:26 INFO  LOG:271 - Starting test case :TestCase_Fetch_Order_VerifyStopsCounts_ValidID
2019-01-20 18:12:26 INFO  LOG:181 - Length is : 3
2019-01-20 18:12:26 INFO  LOG:278 - TestCase_Fetch_Order_VerifyStopsCounts_ValidID PASSED.
2019-01-20 18:12:26 INFO  LOG:114 - Starting test case :TestCase_Take_Order_VerifyStatusCode_InvalidFlow
2019-01-20 18:12:27 INFO  LOG:101 - InValid Status Code for Incorrect flow of Take Order422
2019-01-20 18:12:27 INFO  LOG:121 - TestCase_Take_Order_VerifyStatusCode_InvalidFlow PASSED.
2019-01-20 18:12:27 INFO  LOG:114 - Starting test case :TestCase_Take_Order_VerifyStatusCode_InvalidID
2019-01-20 18:12:27 INFO  LOG:69 - InValid Status Code for Take Order404
2019-01-20 18:12:27 INFO  LOG:121 - TestCase_Take_Order_VerifyStatusCode_InvalidID PASSED.
2019-01-20 18:12:27 INFO  LOG:114 - Starting test case :TestCase_Take_Order_VerifyStatusCode_ValidID
2019-01-20 18:12:27 INFO  LOG:38 - Valid Status Code for Take Order 200
2019-01-20 18:12:27 INFO  LOG:121 - TestCase_Take_Order_VerifyStatusCode_ValidID PASSED.
2019-01-20 18:12:27 INFO  LOG:128 - Starting test case :TestCase_Complete_Order_VerifyStatusCode_InvalidFlow
2019-01-20 18:12:27 INFO  LOG:115 - InValid Status Code for Incorrect flow of Complete Order422
2019-01-20 18:12:27 INFO  LOG:135 - TestCase_Complete_Order_VerifyStatusCode_InvalidFlow PASSED.
2019-01-20 18:12:27 INFO  LOG:128 - Starting test case :TestCase_Complete_Order_VerifyStatusCode_InvalidID
2019-01-20 18:12:28 INFO  LOG:79 - InValid Status Code for Complete Order404
2019-01-20 18:12:28 INFO  LOG:135 - TestCase_Complete_Order_VerifyStatusCode_InvalidID PASSED.
2019-01-20 18:12:28 INFO  LOG:128 - Starting test case :TestCase_Complete_Order_VerifyStatusCode_ValidID
2019-01-20 18:12:28 INFO  LOG:44 - Valid Status Code for Complete Order200
2019-01-20 18:12:28 INFO  LOG:135 - TestCase_Complete_Order_VerifyStatusCode_ValidID PASSED.
2019-01-20 18:12:28 INFO  LOG:160 - Starting test case :TestCase_Cancel_Order_VerifyStatusCode_InvalidID
2019-01-20 18:12:28 INFO  LOG:108 - InValid Status Code for Cancel Order404
2019-01-20 18:12:28 INFO  LOG:167 - TestCase_Cancel_Order_VerifyStatusCode_InvalidID PASSED.
2019-01-20 18:12:28 INFO  LOG:160 - Starting test case :TestCase_Cancel_Order_VerifyStatusCode_ValidID_AfterPlaceOrder
2019-01-20 18:12:28 INFO  LOG:40 - Valid Status Code for Cancel Order200
2019-01-20 18:12:28 INFO  LOG:167 - TestCase_Cancel_Order_VerifyStatusCode_ValidID_AfterPlaceOrder PASSED.
2019-01-20 18:12:28 INFO  LOG:160 - Starting test case :TestCase_Cancel_Order_VerifyStatusCode_ValidID_AfterTakeOrder
2019-01-20 18:12:28 INFO  LOG:76 - Valid Status Code for Cancel Order200
2019-01-20 18:12:28 INFO  LOG:167 - TestCase_Cancel_Order_VerifyStatusCode_ValidID_AfterTakeOrder PASSED.
2019-01-20 18:12:29 INFO  LOG:160 - Starting test case :TestCase_cancel_Order_VerifyStatusCode_InvalidFlow
2019-01-20 18:12:29 INFO  LOG:147 - InValid Status Code for Incorrect flow of Cancel Order422
2019-01-20 18:12:29 INFO  LOG:167 - TestCase_cancel_Order_VerifyStatusCode_InvalidFlow PASSED.
2019-01-20 18:14:38 INFO  LOG:433 - Starting test case :Testcase_placeAdvanceOrder_VerifyId
2019-01-20 18:14:38 ERROR LOG:75 - Exception occured : C:\Users\tanmaybhatnagar\eclipse-workspace\lmSolution\..TestData.xls (The system cannot find the file specified)
2019-01-20 18:14:38 ERROR LOG:53 - Exception occured : JSONObject["id"] not found.
2019-01-20 18:14:38 INFO  LOG:214 - Advance ID is : 0
2019-01-20 18:14:38 INFO  LOG:442 - Testcase_placeAdvanceOrder_VerifyId FAILED
2019-01-20 18:14:38 INFO  LOG:433 - Starting test case :Testcase_placeAdvanceOrder_verifyDistancesCount
2019-01-20 18:14:38 ERROR LOG:75 - Exception occured : C:\Users\tanmaybhatnagar\eclipse-workspace\lmSolution\..TestData.xls (The system cannot find the file specified)
2019-01-20 18:14:38 INFO  LOG:442 - Testcase_placeAdvanceOrder_verifyDistancesCount FAILED
2019-01-20 18:14:38 INFO  LOG:433 - Starting test case :Testcase_placeAdvanceOrder_verifyFareAboveTwoKms
2019-01-20 18:14:38 INFO  LOG:442 - Testcase_placeAdvanceOrder_verifyFareAboveTwoKms FAILED
2019-01-20 18:14:38 INFO  LOG:433 - Starting test case :Testcase_placeAdvanceOrder_verifyFareAboveTwoKms_NightCharges
2019-01-20 18:14:38 INFO  LOG:442 - Testcase_placeAdvanceOrder_verifyFareAboveTwoKms_NightCharges FAILED
2019-01-20 18:14:38 INFO  LOG:433 - Starting test case :Testcase_placeAdvanceOrder_verifyFareBelowTwoKms
2019-01-20 18:14:38 INFO  LOG:442 - Testcase_placeAdvanceOrder_verifyFareBelowTwoKms FAILED
2019-01-20 18:14:38 INFO  LOG:433 - Starting test case :Testcase_placeAdvanceOrder_verifyFareBelowTwoKms_NightCharges
2019-01-20 18:14:38 INFO  LOG:442 - Testcase_placeAdvanceOrder_verifyFareBelowTwoKms_NightCharges FAILED
2019-01-20 18:14:38 INFO  LOG:433 - Starting test case :Testcase_placeOrder_verifyCurrency
2019-01-20 18:14:38 INFO  LOG:442 - Testcase_placeOrder_verifyCurrency FAILED
2019-01-20 18:14:38 INFO  LOG:433 - Starting test case :Testcase_placeOrder_verifyDistancesCount
2019-01-20 18:14:38 ERROR LOG:75 - Exception occured : C:\Users\tanmaybhatnagar\eclipse-workspace\lmSolution\..TestData.xls (The system cannot find the file specified)
2019-01-20 18:14:38 INFO  LOG:442 - Testcase_placeOrder_verifyDistancesCount FAILED
2019-01-20 18:14:38 INFO  LOG:433 - Starting test case :Testcase_placeOrder_verifyFareAboveTwoKms
2019-01-20 18:14:38 INFO  LOG:442 - Testcase_placeOrder_verifyFareAboveTwoKms FAILED
2019-01-20 18:14:38 INFO  LOG:433 - Starting test case :Testcase_placeOrder_verifyFareBelowTwoKms
2019-01-20 18:14:38 ERROR LOG:156 - Exception is : C:\Users\tanmaybhatnagar\eclipse-workspace\lmSolution\..TestData.xls (The system cannot find the file specified)
2019-01-20 18:14:38 INFO  LOG:440 - Testcase_placeOrder_verifyFareBelowTwoKms PASSED.
2019-01-20 18:14:38 INFO  LOG:433 - Starting test case :Testcase_placeOrder_verifyID
2019-01-20 18:14:38 ERROR LOG:75 - Exception occured : C:\Users\tanmaybhatnagar\eclipse-workspace\lmSolution\..TestData.xls (The system cannot find the file specified)
2019-01-20 18:14:38 ERROR LOG:53 - Exception occured : JSONObject["id"] not found.
2019-01-20 18:14:38 INFO  LOG:56 - ID is : 0
2019-01-20 18:14:38 INFO  LOG:442 - Testcase_placeOrder_verifyID FAILED
2019-01-20 18:14:38 INFO  LOG:433 - Starting test case :Testcase_placeOrder_verifySingleStopValue
2019-01-20 18:14:38 INFO  LOG:442 - Testcase_placeOrder_verifySingleStopValue FAILED
2019-01-20 18:14:38 INFO  LOG:271 - Starting test case :TestCase_Fetch_Order_VerifyDrivingDistances_ValidID
2019-01-20 18:14:38 ERROR LOG:75 - Exception occured : C:\Users\tanmaybhatnagar\eclipse-workspace\lmSolution\..TestData.xls (The system cannot find the file specified)
2019-01-20 18:14:38 ERROR LOG:53 - Exception occured : JSONObject["id"] not found.
2019-01-20 18:14:38 INFO  LOG:280 - TestCase_Fetch_Order_VerifyDrivingDistances_ValidID FAILED
2019-01-20 18:14:38 INFO  LOG:271 - Starting test case :TestCase_Fetch_Order_VerifyErrorMessage_InvalidID
2019-01-20 18:14:38 ERROR LOG:75 - Exception occured : C:\Users\tanmaybhatnagar\eclipse-workspace\lmSolution\..TestData.xls (The system cannot find the file specified)
2019-01-20 18:14:38 INFO  LOG:280 - TestCase_Fetch_Order_VerifyErrorMessage_InvalidID FAILED
2019-01-20 18:14:38 INFO  LOG:271 - Starting test case :TestCase_Fetch_Order_VerifyFareAmount_ValidID
2019-01-20 18:14:38 ERROR LOG:75 - Exception occured : C:\Users\tanmaybhatnagar\eclipse-workspace\lmSolution\..TestData.xls (The system cannot find the file specified)
2019-01-20 18:14:38 ERROR LOG:53 - Exception occured : JSONObject["id"] not found.
2019-01-20 18:14:38 INFO  LOG:280 - TestCase_Fetch_Order_VerifyFareAmount_ValidID FAILED
2019-01-20 18:14:38 INFO  LOG:271 - Starting test case :TestCase_Fetch_Order_VerifyOrderStatusForPlacedOrder
2019-01-20 18:14:38 ERROR LOG:75 - Exception occured : C:\Users\tanmaybhatnagar\eclipse-workspace\lmSolution\..TestData.xls (The system cannot find the file specified)
2019-01-20 18:14:38 INFO  LOG:280 - TestCase_Fetch_Order_VerifyOrderStatusForPlacedOrder FAILED
2019-01-20 18:14:38 INFO  LOG:271 - Starting test case :TestCase_Fetch_Order_VerifyStatusCode_InvalidID
2019-01-20 18:14:38 ERROR LOG:75 - Exception occured : C:\Users\tanmaybhatnagar\eclipse-workspace\lmSolution\..TestData.xls (The system cannot find the file specified)
2019-01-20 18:14:38 ERROR LOG:53 - Exception occured : JSONObject["id"] not found.
2019-01-20 18:14:38 INFO  LOG:280 - TestCase_Fetch_Order_VerifyStatusCode_InvalidID FAILED
2019-01-20 18:14:38 INFO  LOG:271 - Starting test case :TestCase_Fetch_Order_VerifyStatusCode_ValidID
2019-01-20 18:14:38 ERROR LOG:75 - Exception occured : C:\Users\tanmaybhatnagar\eclipse-workspace\lmSolution\..TestData.xls (The system cannot find the file specified)
2019-01-20 18:14:38 ERROR LOG:53 - Exception occured : JSONObject["id"] not found.
2019-01-20 18:14:38 INFO  LOG:280 - TestCase_Fetch_Order_VerifyStatusCode_ValidID FAILED
2019-01-20 18:14:38 INFO  LOG:271 - Starting test case :TestCase_Fetch_Order_VerifyStopsCounts_ValidID
2019-01-20 18:14:38 ERROR LOG:75 - Exception occured : C:\Users\tanmaybhatnagar\eclipse-workspace\lmSolution\..TestData.xls (The system cannot find the file specified)
2019-01-20 18:14:38 INFO  LOG:280 - TestCase_Fetch_Order_VerifyStopsCounts_ValidID FAILED
2019-01-20 18:14:38 INFO  LOG:114 - Starting test case :TestCase_Take_Order_VerifyStatusCode_InvalidFlow
2019-01-20 18:14:38 ERROR LOG:75 - Exception occured : C:\Users\tanmaybhatnagar\eclipse-workspace\lmSolution\..TestData.xls (The system cannot find the file specified)
2019-01-20 18:14:38 ERROR LOG:53 - Exception occured : JSONObject["id"] not found.
2019-01-20 18:14:38 INFO  LOG:123 - TestCase_Take_Order_VerifyStatusCode_InvalidFlow FAILED
2019-01-20 18:14:38 INFO  LOG:114 - Starting test case :TestCase_Take_Order_VerifyStatusCode_InvalidID
2019-01-20 18:14:38 ERROR LOG:75 - Exception occured : C:\Users\tanmaybhatnagar\eclipse-workspace\lmSolution\..TestData.xls (The system cannot find the file specified)
2019-01-20 18:14:38 ERROR LOG:53 - Exception occured : JSONObject["id"] not found.
2019-01-20 18:14:38 INFO  LOG:123 - TestCase_Take_Order_VerifyStatusCode_InvalidID FAILED
2019-01-20 18:14:38 INFO  LOG:114 - Starting test case :TestCase_Take_Order_VerifyStatusCode_ValidID
2019-01-20 18:14:38 ERROR LOG:75 - Exception occured : C:\Users\tanmaybhatnagar\eclipse-workspace\lmSolution\..TestData.xls (The system cannot find the file specified)
2019-01-20 18:14:38 ERROR LOG:53 - Exception occured : JSONObject["id"] not found.
2019-01-20 18:14:38 INFO  LOG:123 - TestCase_Take_Order_VerifyStatusCode_ValidID FAILED
2019-01-20 18:14:38 INFO  LOG:128 - Starting test case :TestCase_Complete_Order_VerifyStatusCode_InvalidFlow
2019-01-20 18:14:38 ERROR LOG:75 - Exception occured : C:\Users\tanmaybhatnagar\eclipse-workspace\lmSolution\..TestData.xls (The system cannot find the file specified)
2019-01-20 18:14:38 ERROR LOG:53 - Exception occured : JSONObject["id"] not found.
2019-01-20 18:14:38 INFO  LOG:137 - TestCase_Complete_Order_VerifyStatusCode_InvalidFlow FAILED
2019-01-20 18:14:38 INFO  LOG:128 - Starting test case :TestCase_Complete_Order_VerifyStatusCode_InvalidID
2019-01-20 18:14:38 ERROR LOG:75 - Exception occured : C:\Users\tanmaybhatnagar\eclipse-workspace\lmSolution\..TestData.xls (The system cannot find the file specified)
2019-01-20 18:14:38 ERROR LOG:53 - Exception occured : JSONObject["id"] not found.
2019-01-20 18:14:38 INFO  LOG:137 - TestCase_Complete_Order_VerifyStatusCode_InvalidID FAILED
2019-01-20 18:14:38 INFO  LOG:128 - Starting test case :TestCase_Complete_Order_VerifyStatusCode_ValidID
2019-01-20 18:14:38 ERROR LOG:75 - Exception occured : C:\Users\tanmaybhatnagar\eclipse-workspace\lmSolution\..TestData.xls (The system cannot find the file specified)
2019-01-20 18:14:38 ERROR LOG:53 - Exception occured : JSONObject["id"] not found.
2019-01-20 18:14:38 INFO  LOG:137 - TestCase_Complete_Order_VerifyStatusCode_ValidID FAILED
2019-01-20 18:14:38 INFO  LOG:160 - Starting test case :TestCase_Cancel_Order_VerifyStatusCode_InvalidID
2019-01-20 18:14:38 ERROR LOG:75 - Exception occured : C:\Users\tanmaybhatnagar\eclipse-workspace\lmSolution\..TestData.xls (The system cannot find the file specified)
2019-01-20 18:14:38 ERROR LOG:53 - Exception occured : JSONObject["id"] not found.
2019-01-20 18:14:38 INFO  LOG:169 - TestCase_Cancel_Order_VerifyStatusCode_InvalidID FAILED
2019-01-20 18:14:38 INFO  LOG:160 - Starting test case :TestCase_Cancel_Order_VerifyStatusCode_ValidID_AfterPlaceOrder
2019-01-20 18:14:38 ERROR LOG:75 - Exception occured : C:\Users\tanmaybhatnagar\eclipse-workspace\lmSolution\..TestData.xls (The system cannot find the file specified)
2019-01-20 18:14:38 ERROR LOG:53 - Exception occured : JSONObject["id"] not found.
2019-01-20 18:14:38 INFO  LOG:40 - Valid Status Code for Cancel Order404
2019-01-20 18:14:38 INFO  LOG:169 - TestCase_Cancel_Order_VerifyStatusCode_ValidID_AfterPlaceOrder FAILED
2019-01-20 18:14:38 INFO  LOG:160 - Starting test case :TestCase_Cancel_Order_VerifyStatusCode_ValidID_AfterTakeOrder
2019-01-20 18:14:38 ERROR LOG:75 - Exception occured : C:\Users\tanmaybhatnagar\eclipse-workspace\lmSolution\..TestData.xls (The system cannot find the file specified)
2019-01-20 18:14:38 ERROR LOG:53 - Exception occured : JSONObject["id"] not found.
2019-01-20 18:14:38 INFO  LOG:169 - TestCase_Cancel_Order_VerifyStatusCode_ValidID_AfterTakeOrder FAILED
2019-01-20 18:14:38 INFO  LOG:160 - Starting test case :TestCase_cancel_Order_VerifyStatusCode_InvalidFlow
2019-01-20 18:14:38 ERROR LOG:75 - Exception occured : C:\Users\tanmaybhatnagar\eclipse-workspace\lmSolution\..TestData.xls (The system cannot find the file specified)
2019-01-20 18:14:38 ERROR LOG:53 - Exception occured : JSONObject["id"] not found.
2019-01-20 18:14:38 INFO  LOG:169 - TestCase_cancel_Order_VerifyStatusCode_InvalidFlow FAILED
2019-01-20 18:14:54 INFO  LOG:433 - Starting test case :Testcase_placeAdvanceOrder_VerifyId
2019-01-20 18:14:55 ERROR LOG:53 - Exception occured : JSONObject["id"] not found.
2019-01-20 18:14:55 INFO  LOG:214 - Advance ID is : 0
2019-01-20 18:14:55 INFO  LOG:442 - Testcase_placeAdvanceOrder_VerifyId FAILED
2019-01-20 18:14:55 INFO  LOG:433 - Starting test case :Testcase_placeAdvanceOrder_verifyDistancesCount
2019-01-20 18:14:57 INFO  LOG:243 - Length for Advance order is : 2
2019-01-20 18:14:57 INFO  LOG:440 - Testcase_placeAdvanceOrder_verifyDistancesCount PASSED.
2019-01-20 18:14:57 INFO  LOG:433 - Starting test case :Testcase_placeAdvanceOrder_verifyFareAboveTwoKms
2019-01-20 18:14:57 INFO  LOG:313 - Additional Fare for Advance booking is : 50.6
2019-01-20 18:14:57 INFO  LOG:440 - Testcase_placeAdvanceOrder_verifyFareAboveTwoKms PASSED.
2019-01-20 18:14:57 INFO  LOG:433 - Starting test case :Testcase_placeAdvanceOrder_verifyFareAboveTwoKms_NightCharges
2019-01-20 18:14:57 ERROR LOG:53 - Exception occured : JSONObject["id"] not found.
2019-01-20 18:14:57 INFO  LOG:442 - Testcase_placeAdvanceOrder_verifyFareAboveTwoKms_NightCharges FAILED
2019-01-20 18:14:57 INFO  LOG:433 - Starting test case :Testcase_placeAdvanceOrder_verifyFareBelowTwoKms
2019-01-20 18:14:57 INFO  LOG:274 - Fare for Advance booking is : 20.0
2019-01-20 18:14:57 INFO  LOG:440 - Testcase_placeAdvanceOrder_verifyFareBelowTwoKms PASSED.
2019-01-20 18:14:57 INFO  LOG:433 - Starting test case :Testcase_placeAdvanceOrder_verifyFareBelowTwoKms_NightCharges
2019-01-20 18:14:57 INFO  LOG:346 - Night Fare for Advance booking is : 30.0
2019-01-20 18:14:57 INFO  LOG:440 - Testcase_placeAdvanceOrder_verifyFareBelowTwoKms_NightCharges PASSED.
2019-01-20 18:14:57 INFO  LOG:433 - Starting test case :Testcase_placeOrder_verifyCurrency
2019-01-20 18:14:58 INFO  LOG:88 - ID is : 87
2019-01-20 18:14:58 INFO  LOG:440 - Testcase_placeOrder_verifyCurrency PASSED.
2019-01-20 18:14:58 INFO  LOG:433 - Starting test case :Testcase_placeOrder_verifyDistancesCount
2019-01-20 18:14:58 INFO  LOG:119 - Length is : 2
2019-01-20 18:14:58 INFO  LOG:440 - Testcase_placeOrder_verifyDistancesCount PASSED.
2019-01-20 18:14:58 INFO  LOG:433 - Starting test case :Testcase_placeOrder_verifyFareAboveTwoKms
2019-01-20 18:14:58 INFO  LOG:187 - Additional Fare is : 50.6
2019-01-20 18:14:58 INFO  LOG:440 - Testcase_placeOrder_verifyFareAboveTwoKms PASSED.
2019-01-20 18:14:58 INFO  LOG:433 - Starting test case :Testcase_placeOrder_verifyFareBelowTwoKms
2019-01-20 18:14:58 INFO  LOG:151 - Fare is : 20.0
2019-01-20 18:14:58 INFO  LOG:440 - Testcase_placeOrder_verifyFareBelowTwoKms PASSED.
2019-01-20 18:14:58 INFO  LOG:433 - Starting test case :Testcase_placeOrder_verifyID
2019-01-20 18:14:58 INFO  LOG:56 - ID is : 91
2019-01-20 18:14:58 INFO  LOG:440 - Testcase_placeOrder_verifyID PASSED.
2019-01-20 18:14:58 INFO  LOG:433 - Starting test case :Testcase_placeOrder_verifySingleStopValue
2019-01-20 18:14:58 ERROR LOG:53 - Exception occured : JSONObject["id"] not found.
2019-01-20 18:14:58 INFO  LOG:418 - Message for incorrect stops is : error in field(s): stops
2019-01-20 18:14:58 INFO  LOG:440 - Testcase_placeOrder_verifySingleStopValue PASSED.
2019-01-20 18:14:58 INFO  LOG:271 - Starting test case :TestCase_Fetch_Order_VerifyDrivingDistances_ValidID
2019-01-20 18:14:59 INFO  LOG:215 - Length is : 2
2019-01-20 18:14:59 INFO  LOG:278 - TestCase_Fetch_Order_VerifyDrivingDistances_ValidID PASSED.
2019-01-20 18:14:59 INFO  LOG:271 - Starting test case :TestCase_Fetch_Order_VerifyErrorMessage_InvalidID
2019-01-20 18:14:59 INFO  LOG:148 - Error MessageORDER_NOT_FOUND
2019-01-20 18:14:59 INFO  LOG:278 - TestCase_Fetch_Order_VerifyErrorMessage_InvalidID PASSED.
2019-01-20 18:14:59 INFO  LOG:271 - Starting test case :TestCase_Fetch_Order_VerifyFareAmount_ValidID
2019-01-20 18:14:59 INFO  LOG:258 - Fare is : 312.05
2019-01-20 18:14:59 INFO  LOG:278 - TestCase_Fetch_Order_VerifyFareAmount_ValidID PASSED.
2019-01-20 18:14:59 INFO  LOG:271 - Starting test case :TestCase_Fetch_Order_VerifyOrderStatusForPlacedOrder
2019-01-20 18:14:59 INFO  LOG:82 - Valid Status ASSIGNING
2019-01-20 18:14:59 INFO  LOG:278 - TestCase_Fetch_Order_VerifyOrderStatusForPlacedOrder PASSED.
2019-01-20 18:14:59 INFO  LOG:271 - Starting test case :TestCase_Fetch_Order_VerifyStatusCode_InvalidID
2019-01-20 18:15:00 INFO  LOG:115 - InValid Status Code404
2019-01-20 18:15:00 INFO  LOG:278 - TestCase_Fetch_Order_VerifyStatusCode_InvalidID PASSED.
2019-01-20 18:15:00 INFO  LOG:271 - Starting test case :TestCase_Fetch_Order_VerifyStatusCode_ValidID
2019-01-20 18:15:00 INFO  LOG:49 - Valid Status Code200
2019-01-20 18:15:00 INFO  LOG:278 - TestCase_Fetch_Order_VerifyStatusCode_ValidID PASSED.
2019-01-20 18:15:00 INFO  LOG:271 - Starting test case :TestCase_Fetch_Order_VerifyStopsCounts_ValidID
2019-01-20 18:15:00 INFO  LOG:181 - Length is : 3
2019-01-20 18:15:00 INFO  LOG:278 - TestCase_Fetch_Order_VerifyStopsCounts_ValidID PASSED.
2019-01-20 18:15:00 INFO  LOG:114 - Starting test case :TestCase_Take_Order_VerifyStatusCode_InvalidFlow
2019-01-20 18:15:00 INFO  LOG:101 - InValid Status Code for Incorrect flow of Take Order422
2019-01-20 18:15:00 INFO  LOG:121 - TestCase_Take_Order_VerifyStatusCode_InvalidFlow PASSED.
2019-01-20 18:15:00 INFO  LOG:114 - Starting test case :TestCase_Take_Order_VerifyStatusCode_InvalidID
2019-01-20 18:15:01 INFO  LOG:69 - InValid Status Code for Take Order404
2019-01-20 18:15:01 INFO  LOG:121 - TestCase_Take_Order_VerifyStatusCode_InvalidID PASSED.
2019-01-20 18:15:01 INFO  LOG:114 - Starting test case :TestCase_Take_Order_VerifyStatusCode_ValidID
2019-01-20 18:15:01 INFO  LOG:38 - Valid Status Code for Take Order 200
2019-01-20 18:15:01 INFO  LOG:121 - TestCase_Take_Order_VerifyStatusCode_ValidID PASSED.
2019-01-20 18:15:01 INFO  LOG:128 - Starting test case :TestCase_Complete_Order_VerifyStatusCode_InvalidFlow
2019-01-20 18:15:01 INFO  LOG:115 - InValid Status Code for Incorrect flow of Complete Order422
2019-01-20 18:15:01 INFO  LOG:135 - TestCase_Complete_Order_VerifyStatusCode_InvalidFlow PASSED.
2019-01-20 18:15:01 INFO  LOG:128 - Starting test case :TestCase_Complete_Order_VerifyStatusCode_InvalidID
2019-01-20 18:15:01 INFO  LOG:79 - InValid Status Code for Complete Order404
2019-01-20 18:15:01 INFO  LOG:135 - TestCase_Complete_Order_VerifyStatusCode_InvalidID PASSED.
2019-01-20 18:15:01 INFO  LOG:128 - Starting test case :TestCase_Complete_Order_VerifyStatusCode_ValidID
2019-01-20 18:15:01 INFO  LOG:44 - Valid Status Code for Complete Order200
2019-01-20 18:15:01 INFO  LOG:135 - TestCase_Complete_Order_VerifyStatusCode_ValidID PASSED.
2019-01-20 18:15:01 INFO  LOG:160 - Starting test case :TestCase_Cancel_Order_VerifyStatusCode_InvalidID
2019-01-20 18:15:02 INFO  LOG:108 - InValid Status Code for Cancel Order404
2019-01-20 18:15:02 INFO  LOG:167 - TestCase_Cancel_Order_VerifyStatusCode_InvalidID PASSED.
2019-01-20 18:15:02 INFO  LOG:160 - Starting test case :TestCase_Cancel_Order_VerifyStatusCode_ValidID_AfterPlaceOrder
2019-01-20 18:15:02 INFO  LOG:40 - Valid Status Code for Cancel Order200
2019-01-20 18:15:02 INFO  LOG:167 - TestCase_Cancel_Order_VerifyStatusCode_ValidID_AfterPlaceOrder PASSED.
2019-01-20 18:15:02 INFO  LOG:160 - Starting test case :TestCase_Cancel_Order_VerifyStatusCode_ValidID_AfterTakeOrder
2019-01-20 18:15:02 INFO  LOG:76 - Valid Status Code for Cancel Order200
2019-01-20 18:15:02 INFO  LOG:167 - TestCase_Cancel_Order_VerifyStatusCode_ValidID_AfterTakeOrder PASSED.
2019-01-20 18:15:02 INFO  LOG:160 - Starting test case :TestCase_cancel_Order_VerifyStatusCode_InvalidFlow
2019-01-20 18:15:02 INFO  LOG:147 - InValid Status Code for Incorrect flow of Cancel Order422
2019-01-20 18:15:02 INFO  LOG:167 - TestCase_cancel_Order_VerifyStatusCode_InvalidFlow PASSED.
2019-01-20 18:15:55 INFO  LOG:433 - Starting test case :Testcase_placeAdvanceOrder_VerifyId
2019-01-20 18:15:56 INFO  LOG:214 - Advance ID is : 109
2019-01-20 18:15:56 INFO  LOG:440 - Testcase_placeAdvanceOrder_VerifyId PASSED.
2019-01-20 18:15:56 INFO  LOG:433 - Starting test case :Testcase_placeAdvanceOrder_verifyDistancesCount
2019-01-20 18:15:56 INFO  LOG:243 - Length for Advance order is : 2
2019-01-20 18:15:56 INFO  LOG:440 - Testcase_placeAdvanceOrder_verifyDistancesCount PASSED.
2019-01-20 18:15:56 INFO  LOG:433 - Starting test case :Testcase_placeAdvanceOrder_verifyFareAboveTwoKms
2019-01-20 18:15:56 INFO  LOG:313 - Additional Fare for Advance booking is : 50.6
2019-01-20 18:15:56 INFO  LOG:440 - Testcase_placeAdvanceOrder_verifyFareAboveTwoKms PASSED.
2019-01-20 18:15:56 INFO  LOG:433 - Starting test case :Testcase_placeAdvanceOrder_verifyFareAboveTwoKms_NightCharges
2019-01-20 18:15:57 INFO  LOG:382 - Additional  Night Fare for Advance booking is : 50.6
2019-01-20 18:15:57 INFO  LOG:440 - Testcase_placeAdvanceOrder_verifyFareAboveTwoKms_NightCharges PASSED.
2019-01-20 18:15:57 INFO  LOG:433 - Starting test case :Testcase_placeAdvanceOrder_verifyFareBelowTwoKms
2019-01-20 18:15:57 INFO  LOG:274 - Fare for Advance booking is : 20.0
2019-01-20 18:15:57 INFO  LOG:440 - Testcase_placeAdvanceOrder_verifyFareBelowTwoKms PASSED.
2019-01-20 18:15:57 INFO  LOG:433 - Starting test case :Testcase_placeAdvanceOrder_verifyFareBelowTwoKms_NightCharges
2019-01-20 18:15:57 INFO  LOG:346 - Night Fare for Advance booking is : 30.0
2019-01-20 18:15:57 INFO  LOG:440 - Testcase_placeAdvanceOrder_verifyFareBelowTwoKms_NightCharges PASSED.
2019-01-20 18:15:57 INFO  LOG:433 - Starting test case :Testcase_placeOrder_verifyCurrency
2019-01-20 18:15:57 INFO  LOG:88 - ID is : 115
2019-01-20 18:15:57 INFO  LOG:440 - Testcase_placeOrder_verifyCurrency PASSED.
2019-01-20 18:15:57 INFO  LOG:433 - Starting test case :Testcase_placeOrder_verifyDistancesCount
2019-01-20 18:15:57 INFO  LOG:119 - Length is : 2
2019-01-20 18:15:57 INFO  LOG:440 - Testcase_placeOrder_verifyDistancesCount PASSED.
2019-01-20 18:15:57 INFO  LOG:433 - Starting test case :Testcase_placeOrder_verifyFareAboveTwoKms
2019-01-20 18:15:58 INFO  LOG:187 - Additional Fare is : 50.6
2019-01-20 18:15:58 INFO  LOG:440 - Testcase_placeOrder_verifyFareAboveTwoKms PASSED.
2019-01-20 18:15:58 INFO  LOG:433 - Starting test case :Testcase_placeOrder_verifyFareBelowTwoKms
2019-01-20 18:15:58 INFO  LOG:151 - Fare is : 20.0
2019-01-20 18:15:58 INFO  LOG:440 - Testcase_placeOrder_verifyFareBelowTwoKms PASSED.
2019-01-20 18:15:58 INFO  LOG:433 - Starting test case :Testcase_placeOrder_verifyID
2019-01-20 18:15:58 INFO  LOG:56 - ID is : 119
2019-01-20 18:15:58 INFO  LOG:440 - Testcase_placeOrder_verifyID PASSED.
2019-01-20 18:15:58 INFO  LOG:433 - Starting test case :Testcase_placeOrder_verifySingleStopValue
2019-01-20 18:15:58 ERROR LOG:53 - Exception occured : JSONObject["id"] not found.
2019-01-20 18:15:58 INFO  LOG:418 - Message for incorrect stops is : error in field(s): stops
2019-01-20 18:15:58 INFO  LOG:440 - Testcase_placeOrder_verifySingleStopValue PASSED.
2019-01-20 18:15:58 INFO  LOG:271 - Starting test case :TestCase_Fetch_Order_VerifyDrivingDistances_ValidID
2019-01-20 18:15:59 INFO  LOG:215 - Length is : 2
2019-01-20 18:15:59 INFO  LOG:278 - TestCase_Fetch_Order_VerifyDrivingDistances_ValidID PASSED.
2019-01-20 18:15:59 INFO  LOG:271 - Starting test case :TestCase_Fetch_Order_VerifyErrorMessage_InvalidID
2019-01-20 18:15:59 INFO  LOG:148 - Error MessageORDER_NOT_FOUND
2019-01-20 18:15:59 INFO  LOG:278 - TestCase_Fetch_Order_VerifyErrorMessage_InvalidID PASSED.
2019-01-20 18:15:59 INFO  LOG:271 - Starting test case :TestCase_Fetch_Order_VerifyFareAmount_ValidID
2019-01-20 18:15:59 INFO  LOG:258 - Fare is : 312.05
2019-01-20 18:15:59 INFO  LOG:278 - TestCase_Fetch_Order_VerifyFareAmount_ValidID PASSED.
2019-01-20 18:15:59 INFO  LOG:271 - Starting test case :TestCase_Fetch_Order_VerifyOrderStatusForPlacedOrder
2019-01-20 18:15:59 INFO  LOG:82 - Valid Status ASSIGNING
2019-01-20 18:15:59 INFO  LOG:278 - TestCase_Fetch_Order_VerifyOrderStatusForPlacedOrder PASSED.
2019-01-20 18:15:59 INFO  LOG:271 - Starting test case :TestCase_Fetch_Order_VerifyStatusCode_InvalidID
2019-01-20 18:16:00 INFO  LOG:115 - InValid Status Code404
2019-01-20 18:16:00 INFO  LOG:278 - TestCase_Fetch_Order_VerifyStatusCode_InvalidID PASSED.
2019-01-20 18:16:00 INFO  LOG:271 - Starting test case :TestCase_Fetch_Order_VerifyStatusCode_ValidID
2019-01-20 18:16:00 INFO  LOG:49 - Valid Status Code200
2019-01-20 18:16:00 INFO  LOG:278 - TestCase_Fetch_Order_VerifyStatusCode_ValidID PASSED.
2019-01-20 18:16:00 INFO  LOG:271 - Starting test case :TestCase_Fetch_Order_VerifyStopsCounts_ValidID
2019-01-20 18:16:00 INFO  LOG:181 - Length is : 3
2019-01-20 18:16:00 INFO  LOG:278 - TestCase_Fetch_Order_VerifyStopsCounts_ValidID PASSED.
2019-01-20 18:16:00 INFO  LOG:114 - Starting test case :TestCase_Take_Order_VerifyStatusCode_InvalidFlow
2019-01-20 18:16:00 INFO  LOG:101 - InValid Status Code for Incorrect flow of Take Order422
2019-01-20 18:16:00 INFO  LOG:121 - TestCase_Take_Order_VerifyStatusCode_InvalidFlow PASSED.
2019-01-20 18:16:00 INFO  LOG:114 - Starting test case :TestCase_Take_Order_VerifyStatusCode_InvalidID
2019-01-20 18:16:01 INFO  LOG:69 - InValid Status Code for Take Order404
2019-01-20 18:16:01 INFO  LOG:121 - TestCase_Take_Order_VerifyStatusCode_InvalidID PASSED.
2019-01-20 18:16:01 INFO  LOG:114 - Starting test case :TestCase_Take_Order_VerifyStatusCode_ValidID
2019-01-20 18:16:01 INFO  LOG:38 - Valid Status Code for Take Order 200
2019-01-20 18:16:01 INFO  LOG:121 - TestCase_Take_Order_VerifyStatusCode_ValidID PASSED.
2019-01-20 18:16:01 INFO  LOG:128 - Starting test case :TestCase_Complete_Order_VerifyStatusCode_InvalidFlow
2019-01-20 18:16:01 INFO  LOG:115 - InValid Status Code for Incorrect flow of Complete Order422
2019-01-20 18:16:01 INFO  LOG:135 - TestCase_Complete_Order_VerifyStatusCode_InvalidFlow PASSED.
2019-01-20 18:16:01 INFO  LOG:128 - Starting test case :TestCase_Complete_Order_VerifyStatusCode_InvalidID
2019-01-20 18:16:01 INFO  LOG:79 - InValid Status Code for Complete Order404
2019-01-20 18:16:01 INFO  LOG:135 - TestCase_Complete_Order_VerifyStatusCode_InvalidID PASSED.
2019-01-20 18:16:01 INFO  LOG:128 - Starting test case :TestCase_Complete_Order_VerifyStatusCode_ValidID
2019-01-20 18:16:02 INFO  LOG:44 - Valid Status Code for Complete Order200
2019-01-20 18:16:02 INFO  LOG:135 - TestCase_Complete_Order_VerifyStatusCode_ValidID PASSED.
2019-01-20 18:16:02 INFO  LOG:160 - Starting test case :TestCase_Cancel_Order_VerifyStatusCode_InvalidID
2019-01-20 18:16:02 INFO  LOG:108 - InValid Status Code for Cancel Order404
2019-01-20 18:16:02 INFO  LOG:167 - TestCase_Cancel_Order_VerifyStatusCode_InvalidID PASSED.
2019-01-20 18:16:02 INFO  LOG:160 - Starting test case :TestCase_Cancel_Order_VerifyStatusCode_ValidID_AfterPlaceOrder
2019-01-20 18:16:02 INFO  LOG:40 - Valid Status Code for Cancel Order200
2019-01-20 18:16:02 INFO  LOG:167 - TestCase_Cancel_Order_VerifyStatusCode_ValidID_AfterPlaceOrder PASSED.
2019-01-20 18:16:02 INFO  LOG:160 - Starting test case :TestCase_Cancel_Order_VerifyStatusCode_ValidID_AfterTakeOrder
2019-01-20 18:16:02 INFO  LOG:76 - Valid Status Code for Cancel Order200
2019-01-20 18:16:02 INFO  LOG:167 - TestCase_Cancel_Order_VerifyStatusCode_ValidID_AfterTakeOrder PASSED.
2019-01-20 18:16:02 INFO  LOG:160 - Starting test case :TestCase_cancel_Order_VerifyStatusCode_InvalidFlow
2019-01-20 18:16:03 INFO  LOG:147 - InValid Status Code for Incorrect flow of Cancel Order422
2019-01-20 18:16:03 INFO  LOG:167 - TestCase_cancel_Order_VerifyStatusCode_InvalidFlow PASSED.
2019-01-20 19:31:21 INFO  LOG:207 - Starting test case :TestCase_Complete_Order_VerifyOrderStatus_InvalidFlow_AssignedToComplete
2019-01-20 19:45:54 INFO  LOG:233 - Starting test case :TestCase_Cancel_Order_VerifyStatusCode_InvalidID
2019-01-20 19:48:26 INFO  LOG:202 - Starting test case :TestCase_Complete_Order_VerifyStatusCode_InvalidID
2019-01-20 19:52:33 INFO  LOG:433 - Starting test case :Testcase_placeAdvanceOrder_VerifyId
2019-01-20 19:52:33 ERROR LOG:53 - Exception occured : JSONObject["id"] not found.
2019-01-20 19:52:33 INFO  LOG:214 - Advance ID is : 0
2019-01-20 19:52:33 INFO  LOG:442 - Testcase_placeAdvanceOrder_VerifyId FAILED
2019-01-20 19:52:33 INFO  LOG:433 - Starting test case :Testcase_placeAdvanceOrder_verifyDistancesCount
2019-01-20 19:52:35 INFO  LOG:243 - Length for Advance order is : 2
2019-01-20 19:52:35 INFO  LOG:440 - Testcase_placeAdvanceOrder_verifyDistancesCount PASSED.
2019-01-20 19:52:35 INFO  LOG:433 - Starting test case :Testcase_placeAdvanceOrder_verifyFareAboveTwoKms
2019-01-20 19:52:35 INFO  LOG:313 - Additional Fare for Advance booking is : 50.6
2019-01-20 19:52:35 INFO  LOG:440 - Testcase_placeAdvanceOrder_verifyFareAboveTwoKms PASSED.
2019-01-20 19:52:35 INFO  LOG:433 - Starting test case :Testcase_placeAdvanceOrder_verifyFareAboveTwoKms_NightCharges
2019-01-20 19:52:36 INFO  LOG:382 - Additional  Night Fare for Advance booking is : 50.6
2019-01-20 19:52:36 INFO  LOG:440 - Testcase_placeAdvanceOrder_verifyFareAboveTwoKms_NightCharges PASSED.
2019-01-20 19:52:36 INFO  LOG:433 - Starting test case :Testcase_placeAdvanceOrder_verifyFareBelowTwoKms
2019-01-20 19:52:36 INFO  LOG:274 - Fare for Advance booking is : 20.0
2019-01-20 19:52:36 INFO  LOG:440 - Testcase_placeAdvanceOrder_verifyFareBelowTwoKms PASSED.
2019-01-20 19:52:36 INFO  LOG:433 - Starting test case :Testcase_placeAdvanceOrder_verifyFareBelowTwoKms_NightCharges
2019-01-20 19:52:36 INFO  LOG:346 - Night Fare for Advance booking is : 30.0
2019-01-20 19:52:36 INFO  LOG:440 - Testcase_placeAdvanceOrder_verifyFareBelowTwoKms_NightCharges PASSED.
2019-01-20 19:52:36 INFO  LOG:433 - Starting test case :Testcase_placeOrder_verifyCurrency
2019-01-20 19:52:36 INFO  LOG:88 - ID is : 173
2019-01-20 19:52:36 INFO  LOG:440 - Testcase_placeOrder_verifyCurrency PASSED.
2019-01-20 19:52:36 INFO  LOG:433 - Starting test case :Testcase_placeOrder_verifyDistancesCount
2019-01-20 19:52:36 INFO  LOG:119 - Length is : 2
2019-01-20 19:52:36 INFO  LOG:440 - Testcase_placeOrder_verifyDistancesCount PASSED.
2019-01-20 19:52:36 INFO  LOG:433 - Starting test case :Testcase_placeOrder_verifyFareAboveTwoKms
2019-01-20 19:52:37 INFO  LOG:187 - Additional Fare is : 50.6
2019-01-20 19:52:37 INFO  LOG:440 - Testcase_placeOrder_verifyFareAboveTwoKms PASSED.
2019-01-20 19:52:37 INFO  LOG:433 - Starting test case :Testcase_placeOrder_verifyFareBelowTwoKms
2019-01-20 19:52:37 INFO  LOG:151 - Fare is : 20.0
2019-01-20 19:52:37 INFO  LOG:440 - Testcase_placeOrder_verifyFareBelowTwoKms PASSED.
2019-01-20 19:52:37 INFO  LOG:433 - Starting test case :Testcase_placeOrder_verifyID
2019-01-20 19:52:37 INFO  LOG:56 - ID is : 177
2019-01-20 19:52:37 INFO  LOG:440 - Testcase_placeOrder_verifyID PASSED.
2019-01-20 19:52:37 INFO  LOG:433 - Starting test case :Testcase_placeOrder_verifySingleStopValue
2019-01-20 19:52:37 ERROR LOG:53 - Exception occured : JSONObject["id"] not found.
2019-01-20 19:52:37 INFO  LOG:418 - Message for incorrect stops is : error in field(s): stops
2019-01-20 19:52:37 INFO  LOG:440 - Testcase_placeOrder_verifySingleStopValue PASSED.
2019-01-20 19:52:37 INFO  LOG:270 - Starting test case :TestCase_Fetch_Order_VerifyDrivingDistances_ValidID
2019-01-20 19:52:37 INFO  LOG:214 - Length is : 2
2019-01-20 19:52:37 INFO  LOG:277 - TestCase_Fetch_Order_VerifyDrivingDistances_ValidID PASSED.
2019-01-20 19:52:37 INFO  LOG:270 - Starting test case :TestCase_Fetch_Order_VerifyErrorMessage_InvalidID
2019-01-20 19:52:37 INFO  LOG:147 - Error MessageORDER_NOT_FOUND
2019-01-20 19:52:37 INFO  LOG:277 - TestCase_Fetch_Order_VerifyErrorMessage_InvalidID PASSED.
2019-01-20 19:52:37 INFO  LOG:270 - Starting test case :TestCase_Fetch_Order_VerifyFareAmount_ValidID
2019-01-20 19:52:38 INFO  LOG:257 - Fare is : 312.05
2019-01-20 19:52:38 INFO  LOG:277 - TestCase_Fetch_Order_VerifyFareAmount_ValidID PASSED.
2019-01-20 19:52:38 INFO  LOG:270 - Starting test case :TestCase_Fetch_Order_VerifyOrderStatusForPlacedOrder
2019-01-20 19:52:38 INFO  LOG:81 - Valid Status ASSIGNING
2019-01-20 19:52:38 INFO  LOG:277 - TestCase_Fetch_Order_VerifyOrderStatusForPlacedOrder PASSED.
2019-01-20 19:52:38 INFO  LOG:270 - Starting test case :TestCase_Fetch_Order_VerifyStatusCode_InvalidID
2019-01-20 19:52:38 INFO  LOG:114 - InValid Status Code404
2019-01-20 19:52:38 INFO  LOG:277 - TestCase_Fetch_Order_VerifyStatusCode_InvalidID PASSED.
2019-01-20 19:52:38 INFO  LOG:270 - Starting test case :TestCase_Fetch_Order_VerifyStatusCode_ValidID
2019-01-20 19:52:38 INFO  LOG:48 - Valid Status Code200
2019-01-20 19:52:38 INFO  LOG:277 - TestCase_Fetch_Order_VerifyStatusCode_ValidID PASSED.
2019-01-20 19:52:38 INFO  LOG:270 - Starting test case :TestCase_Fetch_Order_VerifyStopsCounts_ValidID
2019-01-20 19:52:39 INFO  LOG:180 - Length is : 3
2019-01-20 19:52:39 INFO  LOG:277 - TestCase_Fetch_Order_VerifyStopsCounts_ValidID PASSED.
2019-01-20 19:52:39 INFO  LOG:181 - Starting test case :TestCase_Take_Order_VerifyErrorMessage_InvalidID
2019-01-20 19:52:39 INFO  LOG:169 - Error MessageORDER_NOT_FOUND
2019-01-20 19:52:39 INFO  LOG:188 - TestCase_Take_Order_VerifyErrorMessage_InvalidID PASSED.
2019-01-20 19:52:39 INFO  LOG:181 - Starting test case :TestCase_Take_Order_VerifyOrderStatus_ValidID
2019-01-20 19:52:39 INFO  LOG:73 - Valid Status ONGOING
2019-01-20 19:52:39 INFO  LOG:188 - TestCase_Take_Order_VerifyOrderStatus_ValidID PASSED.
2019-01-20 19:52:39 INFO  LOG:181 - Starting test case :TestCase_Take_Order_VerifyStatusCode_InvalidFlow
2019-01-20 19:52:39 INFO  LOG:135 - InValid Status Code for Incorrect flow of Take Order422
2019-01-20 19:52:39 INFO  LOG:188 - TestCase_Take_Order_VerifyStatusCode_InvalidFlow PASSED.
2019-01-20 19:52:39 INFO  LOG:181 - Starting test case :TestCase_Take_Order_VerifyStatusCode_InvalidID
2019-01-20 19:52:39 INFO  LOG:103 - InValid Status Code for Take Order404
2019-01-20 19:52:39 INFO  LOG:188 - TestCase_Take_Order_VerifyStatusCode_InvalidID PASSED.
2019-01-20 19:52:39 INFO  LOG:181 - Starting test case :TestCase_Take_Order_VerifyStatusCode_ValidID
2019-01-20 19:52:40 INFO  LOG:41 - Valid Status Code for Take Order 200
2019-01-20 19:52:40 INFO  LOG:188 - TestCase_Take_Order_VerifyStatusCode_ValidID PASSED.
2019-01-20 19:52:40 INFO  LOG:239 - Starting test case :TestCase_Complete_Order_VerifyErrorMessage_InvalidID
2019-01-20 19:52:40 INFO  LOG:227 - Error MessageORDER_NOT_FOUND
2019-01-20 19:52:40 INFO  LOG:246 - TestCase_Complete_Order_VerifyErrorMessage_InvalidID PASSED.
2019-01-20 19:52:40 INFO  LOG:239 - Starting test case :TestCase_Complete_Order_VerifyOrderStatus_InvalidFlow_AssignedToComplete
2019-01-20 19:52:40 INFO  LOG:189 - Error Message Order status is not ONGOING
2019-01-20 19:52:40 INFO  LOG:246 - TestCase_Complete_Order_VerifyOrderStatus_InvalidFlow_AssignedToComplete PASSED.
2019-01-20 19:52:40 INFO  LOG:239 - Starting test case :TestCase_Complete_Order_VerifyOrderStatus_ValidID
2019-01-20 19:52:40 INFO  LOG:155 - Valid Status COMPLETED
2019-01-20 19:52:40 INFO  LOG:246 - TestCase_Complete_Order_VerifyOrderStatus_ValidID PASSED.
2019-01-20 19:52:40 INFO  LOG:239 - Starting test case :TestCase_Complete_Order_VerifyStatusCode_InvalidFlow
2019-01-20 19:52:41 INFO  LOG:118 - InValid Status Code for Incorrect flow of Complete Order422
2019-01-20 19:52:41 INFO  LOG:246 - TestCase_Complete_Order_VerifyStatusCode_InvalidFlow PASSED.
2019-01-20 19:52:41 INFO  LOG:239 - Starting test case :TestCase_Complete_Order_VerifyStatusCode_InvalidID
2019-01-20 19:52:41 INFO  LOG:82 - InValid Status Code for Complete Order404
2019-01-20 19:52:41 INFO  LOG:246 - TestCase_Complete_Order_VerifyStatusCode_InvalidID PASSED.
2019-01-20 19:52:41 INFO  LOG:239 - Starting test case :TestCase_Complete_Order_VerifyStatusCode_ValidID
2019-01-20 19:52:41 INFO  LOG:47 - Valid Status Code for Complete Order200
2019-01-20 19:52:41 INFO  LOG:246 - TestCase_Complete_Order_VerifyStatusCode_ValidID PASSED.
2019-01-20 19:52:41 INFO  LOG:266 - Starting test case :TestCase_Cancel_Order_VerifyErrorMessage_InvalidID
2019-01-20 19:52:41 INFO  LOG:254 - Error MessageORDER_NOT_FOUND
2019-01-20 19:52:41 INFO  LOG:273 - TestCase_Cancel_Order_VerifyErrorMessage_InvalidID PASSED.
2019-01-20 19:52:41 INFO  LOG:266 - Starting test case :TestCase_Cancel_Order_VerifyOrderstatus_ValidID_AfterPlaceOrder
2019-01-20 19:52:41 INFO  LOG:77 - Valid Status CANCELLED
2019-01-20 19:52:41 INFO  LOG:273 - TestCase_Cancel_Order_VerifyOrderstatus_ValidID_AfterPlaceOrder PASSED.
2019-01-20 19:52:41 INFO  LOG:266 - Starting test case :TestCase_Cancel_Order_VerifyOrderstatus_ValidID_AfterTakeOrder
2019-01-20 19:52:42 INFO  LOG:114 - Valid Status CANCELLED
2019-01-20 19:52:42 INFO  LOG:273 - TestCase_Cancel_Order_VerifyOrderstatus_ValidID_AfterTakeOrder PASSED.
2019-01-20 19:52:42 INFO  LOG:266 - Starting test case :TestCase_Cancel_Order_VerifyStatusCode_InvalidID
2019-01-20 19:52:42 INFO  LOG:181 - InValid Status Code for Cancel Order404
2019-01-20 19:52:42 INFO  LOG:273 - TestCase_Cancel_Order_VerifyStatusCode_InvalidID PASSED.
2019-01-20 19:52:42 INFO  LOG:266 - Starting test case :TestCase_Cancel_Order_VerifyStatusCode_ValidID_AfterPlaceOrder
2019-01-20 19:52:42 INFO  LOG:43 - Valid Status Code for Cancel Order200
2019-01-20 19:52:42 INFO  LOG:273 - TestCase_Cancel_Order_VerifyStatusCode_ValidID_AfterPlaceOrder PASSED.
2019-01-20 19:52:42 INFO  LOG:266 - Starting test case :TestCase_Cancel_Order_VerifyStatusCode_ValidID_AfterTakeOrder
2019-01-20 19:52:42 INFO  LOG:149 - Valid Status Code for Cancel Order200
2019-01-20 19:52:42 INFO  LOG:273 - TestCase_Cancel_Order_VerifyStatusCode_ValidID_AfterTakeOrder PASSED.
2019-01-20 19:52:42 INFO  LOG:266 - Starting test case :TestCase_cancel_Order_VerifyStatusCode_InvalidFlow
2019-01-20 19:52:43 INFO  LOG:220 - InValid Status Code for Incorrect flow of Cancel Order422
2019-01-20 19:52:43 INFO  LOG:273 - TestCase_cancel_Order_VerifyStatusCode_InvalidFlow PASSED.
2019-01-20 19:53:01 INFO  LOG:433 - Starting test case :Testcase_placeAdvanceOrder_VerifyId
2019-01-20 19:53:02 INFO  LOG:214 - Advance ID is : 203
2019-01-20 19:53:02 INFO  LOG:440 - Testcase_placeAdvanceOrder_VerifyId PASSED.
2019-01-20 19:53:02 INFO  LOG:433 - Starting test case :Testcase_placeAdvanceOrder_verifyDistancesCount
2019-01-20 19:53:02 INFO  LOG:243 - Length for Advance order is : 2
2019-01-20 19:53:02 INFO  LOG:440 - Testcase_placeAdvanceOrder_verifyDistancesCount PASSED.
2019-01-20 19:53:02 INFO  LOG:433 - Starting test case :Testcase_placeAdvanceOrder_verifyFareAboveTwoKms
2019-01-20 19:53:03 INFO  LOG:313 - Additional Fare for Advance booking is : 50.6
2019-01-20 19:53:03 INFO  LOG:440 - Testcase_placeAdvanceOrder_verifyFareAboveTwoKms PASSED.
2019-01-20 19:53:03 INFO  LOG:433 - Starting test case :Testcase_placeAdvanceOrder_verifyFareAboveTwoKms_NightCharges
2019-01-20 19:53:03 INFO  LOG:382 - Additional  Night Fare for Advance booking is : 50.6
2019-01-20 19:53:03 INFO  LOG:440 - Testcase_placeAdvanceOrder_verifyFareAboveTwoKms_NightCharges PASSED.
2019-01-20 19:53:03 INFO  LOG:433 - Starting test case :Testcase_placeAdvanceOrder_verifyFareBelowTwoKms
2019-01-20 19:53:03 ERROR LOG:53 - Exception occured : JSONObject["id"] not found.
2019-01-20 19:53:03 INFO  LOG:442 - Testcase_placeAdvanceOrder_verifyFareBelowTwoKms FAILED
2019-01-20 19:53:03 INFO  LOG:433 - Starting test case :Testcase_placeAdvanceOrder_verifyFareBelowTwoKms_NightCharges
2019-01-20 19:53:03 INFO  LOG:346 - Night Fare for Advance booking is : 30.0
2019-01-20 19:53:03 INFO  LOG:440 - Testcase_placeAdvanceOrder_verifyFareBelowTwoKms_NightCharges PASSED.
2019-01-20 19:53:03 INFO  LOG:433 - Starting test case :Testcase_placeOrder_verifyCurrency
2019-01-20 19:53:03 INFO  LOG:88 - ID is : 208
2019-01-20 19:53:03 INFO  LOG:440 - Testcase_placeOrder_verifyCurrency PASSED.
2019-01-20 19:53:03 INFO  LOG:433 - Starting test case :Testcase_placeOrder_verifyDistancesCount
2019-01-20 19:53:04 INFO  LOG:119 - Length is : 2
2019-01-20 19:53:04 INFO  LOG:440 - Testcase_placeOrder_verifyDistancesCount PASSED.
2019-01-20 19:53:04 INFO  LOG:433 - Starting test case :Testcase_placeOrder_verifyFareAboveTwoKms
2019-01-20 19:53:04 INFO  LOG:187 - Additional Fare is : 50.6
2019-01-20 19:53:04 INFO  LOG:440 - Testcase_placeOrder_verifyFareAboveTwoKms PASSED.
2019-01-20 19:53:04 INFO  LOG:433 - Starting test case :Testcase_placeOrder_verifyFareBelowTwoKms
2019-01-20 19:53:04 INFO  LOG:151 - Fare is : 20.0
2019-01-20 19:53:04 INFO  LOG:440 - Testcase_placeOrder_verifyFareBelowTwoKms PASSED.
2019-01-20 19:53:04 INFO  LOG:433 - Starting test case :Testcase_placeOrder_verifyID
2019-01-20 19:53:04 INFO  LOG:56 - ID is : 212
2019-01-20 19:53:04 INFO  LOG:440 - Testcase_placeOrder_verifyID PASSED.
2019-01-20 19:53:04 INFO  LOG:433 - Starting test case :Testcase_placeOrder_verifySingleStopValue
2019-01-20 19:53:04 ERROR LOG:53 - Exception occured : JSONObject["id"] not found.
2019-01-20 19:53:04 INFO  LOG:418 - Message for incorrect stops is : error in field(s): stops
2019-01-20 19:53:04 INFO  LOG:440 - Testcase_placeOrder_verifySingleStopValue PASSED.
2019-01-20 19:53:04 INFO  LOG:270 - Starting test case :TestCase_Fetch_Order_VerifyDrivingDistances_ValidID
2019-01-20 19:53:04 INFO  LOG:214 - Length is : 2
2019-01-20 19:53:04 INFO  LOG:277 - TestCase_Fetch_Order_VerifyDrivingDistances_ValidID PASSED.
2019-01-20 19:53:04 INFO  LOG:270 - Starting test case :TestCase_Fetch_Order_VerifyErrorMessage_InvalidID
2019-01-20 19:53:05 INFO  LOG:147 - Error MessageORDER_NOT_FOUND
2019-01-20 19:53:05 INFO  LOG:277 - TestCase_Fetch_Order_VerifyErrorMessage_InvalidID PASSED.
2019-01-20 19:53:05 INFO  LOG:270 - Starting test case :TestCase_Fetch_Order_VerifyFareAmount_ValidID
2019-01-20 19:53:05 INFO  LOG:257 - Fare is : 312.05
2019-01-20 19:53:05 INFO  LOG:277 - TestCase_Fetch_Order_VerifyFareAmount_ValidID PASSED.
2019-01-20 19:53:05 INFO  LOG:270 - Starting test case :TestCase_Fetch_Order_VerifyOrderStatusForPlacedOrder
2019-01-20 19:53:05 INFO  LOG:81 - Valid Status ASSIGNING
2019-01-20 19:53:05 INFO  LOG:277 - TestCase_Fetch_Order_VerifyOrderStatusForPlacedOrder PASSED.
2019-01-20 19:53:05 INFO  LOG:270 - Starting test case :TestCase_Fetch_Order_VerifyStatusCode_InvalidID
2019-01-20 19:53:05 INFO  LOG:114 - InValid Status Code404
2019-01-20 19:53:05 INFO  LOG:277 - TestCase_Fetch_Order_VerifyStatusCode_InvalidID PASSED.
2019-01-20 19:53:05 INFO  LOG:270 - Starting test case :TestCase_Fetch_Order_VerifyStatusCode_ValidID
2019-01-20 19:53:05 INFO  LOG:48 - Valid Status Code200
2019-01-20 19:53:05 INFO  LOG:277 - TestCase_Fetch_Order_VerifyStatusCode_ValidID PASSED.
2019-01-20 19:53:05 INFO  LOG:270 - Starting test case :TestCase_Fetch_Order_VerifyStopsCounts_ValidID
2019-01-20 19:53:06 INFO  LOG:180 - Length is : 3
2019-01-20 19:53:06 INFO  LOG:277 - TestCase_Fetch_Order_VerifyStopsCounts_ValidID PASSED.
2019-01-20 19:53:06 INFO  LOG:181 - Starting test case :TestCase_Take_Order_VerifyErrorMessage_InvalidID
2019-01-20 19:53:06 INFO  LOG:169 - Error MessageORDER_NOT_FOUND
2019-01-20 19:53:06 INFO  LOG:188 - TestCase_Take_Order_VerifyErrorMessage_InvalidID PASSED.
2019-01-20 19:53:06 INFO  LOG:181 - Starting test case :TestCase_Take_Order_VerifyOrderStatus_ValidID
2019-01-20 19:53:06 INFO  LOG:73 - Valid Status ONGOING
2019-01-20 19:53:06 INFO  LOG:188 - TestCase_Take_Order_VerifyOrderStatus_ValidID PASSED.
2019-01-20 19:53:06 INFO  LOG:181 - Starting test case :TestCase_Take_Order_VerifyStatusCode_InvalidFlow
2019-01-20 19:53:06 INFO  LOG:135 - InValid Status Code for Incorrect flow of Take Order422
2019-01-20 19:53:06 INFO  LOG:188 - TestCase_Take_Order_VerifyStatusCode_InvalidFlow PASSED.
2019-01-20 19:53:06 INFO  LOG:181 - Starting test case :TestCase_Take_Order_VerifyStatusCode_InvalidID
2019-01-20 19:53:07 INFO  LOG:103 - InValid Status Code for Take Order404
2019-01-20 19:53:07 INFO  LOG:188 - TestCase_Take_Order_VerifyStatusCode_InvalidID PASSED.
2019-01-20 19:53:07 INFO  LOG:181 - Starting test case :TestCase_Take_Order_VerifyStatusCode_ValidID
2019-01-20 19:53:07 INFO  LOG:41 - Valid Status Code for Take Order 200
2019-01-20 19:53:07 INFO  LOG:188 - TestCase_Take_Order_VerifyStatusCode_ValidID PASSED.
2019-01-20 19:53:07 INFO  LOG:239 - Starting test case :TestCase_Complete_Order_VerifyErrorMessage_InvalidID
2019-01-20 19:53:07 INFO  LOG:227 - Error MessageORDER_NOT_FOUND
2019-01-20 19:53:07 INFO  LOG:246 - TestCase_Complete_Order_VerifyErrorMessage_InvalidID PASSED.
2019-01-20 19:53:07 INFO  LOG:239 - Starting test case :TestCase_Complete_Order_VerifyOrderStatus_InvalidFlow_AssignedToComplete
2019-01-20 19:53:07 INFO  LOG:189 - Error Message Order status is not ONGOING
2019-01-20 19:53:07 INFO  LOG:246 - TestCase_Complete_Order_VerifyOrderStatus_InvalidFlow_AssignedToComplete PASSED.
2019-01-20 19:53:07 INFO  LOG:239 - Starting test case :TestCase_Complete_Order_VerifyOrderStatus_ValidID
2019-01-20 19:53:07 INFO  LOG:155 - Valid Status COMPLETED
2019-01-20 19:53:07 INFO  LOG:246 - TestCase_Complete_Order_VerifyOrderStatus_ValidID PASSED.
2019-01-20 19:53:07 INFO  LOG:239 - Starting test case :TestCase_Complete_Order_VerifyStatusCode_InvalidFlow
2019-01-20 19:53:08 INFO  LOG:118 - InValid Status Code for Incorrect flow of Complete Order422
2019-01-20 19:53:08 INFO  LOG:246 - TestCase_Complete_Order_VerifyStatusCode_InvalidFlow PASSED.
2019-01-20 19:53:08 INFO  LOG:239 - Starting test case :TestCase_Complete_Order_VerifyStatusCode_InvalidID
2019-01-20 19:53:08 INFO  LOG:82 - InValid Status Code for Complete Order404
2019-01-20 19:53:08 INFO  LOG:246 - TestCase_Complete_Order_VerifyStatusCode_InvalidID PASSED.
2019-01-20 19:53:08 INFO  LOG:239 - Starting test case :TestCase_Complete_Order_VerifyStatusCode_ValidID
2019-01-20 19:53:08 INFO  LOG:47 - Valid Status Code for Complete Order200
2019-01-20 19:53:08 INFO  LOG:246 - TestCase_Complete_Order_VerifyStatusCode_ValidID PASSED.
2019-01-20 19:53:08 INFO  LOG:266 - Starting test case :TestCase_Cancel_Order_VerifyErrorMessage_InvalidID
2019-01-20 19:53:08 INFO  LOG:254 - Error MessageORDER_NOT_FOUND
2019-01-20 19:53:08 INFO  LOG:273 - TestCase_Cancel_Order_VerifyErrorMessage_InvalidID PASSED.
2019-01-20 19:53:08 INFO  LOG:266 - Starting test case :TestCase_Cancel_Order_VerifyOrderstatus_ValidID_AfterPlaceOrder
2019-01-20 19:53:09 INFO  LOG:77 - Valid Status CANCELLED
2019-01-20 19:53:09 INFO  LOG:273 - TestCase_Cancel_Order_VerifyOrderstatus_ValidID_AfterPlaceOrder PASSED.
2019-01-20 19:53:09 INFO  LOG:266 - Starting test case :TestCase_Cancel_Order_VerifyOrderstatus_ValidID_AfterTakeOrder
2019-01-20 19:53:09 INFO  LOG:114 - Valid Status CANCELLED
2019-01-20 19:53:09 INFO  LOG:273 - TestCase_Cancel_Order_VerifyOrderstatus_ValidID_AfterTakeOrder PASSED.
2019-01-20 19:53:09 INFO  LOG:266 - Starting test case :TestCase_Cancel_Order_VerifyStatusCode_InvalidID
2019-01-20 19:53:09 INFO  LOG:181 - InValid Status Code for Cancel Order404
2019-01-20 19:53:09 INFO  LOG:273 - TestCase_Cancel_Order_VerifyStatusCode_InvalidID PASSED.
2019-01-20 19:53:09 INFO  LOG:266 - Starting test case :TestCase_Cancel_Order_VerifyStatusCode_ValidID_AfterPlaceOrder
2019-01-20 19:53:09 INFO  LOG:43 - Valid Status Code for Cancel Order200
2019-01-20 19:53:09 INFO  LOG:273 - TestCase_Cancel_Order_VerifyStatusCode_ValidID_AfterPlaceOrder PASSED.
2019-01-20 19:53:09 INFO  LOG:266 - Starting test case :TestCase_Cancel_Order_VerifyStatusCode_ValidID_AfterTakeOrder
2019-01-20 19:53:10 INFO  LOG:149 - Valid Status Code for Cancel Order200
2019-01-20 19:53:10 INFO  LOG:273 - TestCase_Cancel_Order_VerifyStatusCode_ValidID_AfterTakeOrder PASSED.
2019-01-20 19:53:10 INFO  LOG:266 - Starting test case :TestCase_cancel_Order_VerifyStatusCode_InvalidFlow
2019-01-20 19:53:10 INFO  LOG:220 - InValid Status Code for Incorrect flow of Cancel Order422
2019-01-20 19:53:10 INFO  LOG:273 - TestCase_cancel_Order_VerifyStatusCode_InvalidFlow PASSED.
2019-01-20 19:53:32 INFO  LOG:433 - Starting test case :Testcase_placeAdvanceOrder_VerifyId
2019-01-20 19:53:33 INFO  LOG:214 - Advance ID is : 238
2019-01-20 19:53:33 INFO  LOG:440 - Testcase_placeAdvanceOrder_VerifyId PASSED.
2019-01-20 19:53:33 INFO  LOG:433 - Starting test case :Testcase_placeAdvanceOrder_verifyDistancesCount
2019-01-20 19:53:33 INFO  LOG:243 - Length for Advance order is : 2
2019-01-20 19:53:33 INFO  LOG:440 - Testcase_placeAdvanceOrder_verifyDistancesCount PASSED.
2019-01-20 19:53:33 INFO  LOG:433 - Starting test case :Testcase_placeAdvanceOrder_verifyFareAboveTwoKms
2019-01-20 19:53:33 INFO  LOG:313 - Additional Fare for Advance booking is : 50.6
2019-01-20 19:53:33 INFO  LOG:440 - Testcase_placeAdvanceOrder_verifyFareAboveTwoKms PASSED.
2019-01-20 19:53:33 INFO  LOG:433 - Starting test case :Testcase_placeAdvanceOrder_verifyFareAboveTwoKms_NightCharges
2019-01-20 19:53:34 INFO  LOG:382 - Additional  Night Fare for Advance booking is : 50.6
2019-01-20 19:53:34 INFO  LOG:440 - Testcase_placeAdvanceOrder_verifyFareAboveTwoKms_NightCharges PASSED.
2019-01-20 19:53:34 INFO  LOG:433 - Starting test case :Testcase_placeAdvanceOrder_verifyFareBelowTwoKms
2019-01-20 19:53:34 INFO  LOG:274 - Fare for Advance booking is : 20.0
2019-01-20 19:53:34 INFO  LOG:440 - Testcase_placeAdvanceOrder_verifyFareBelowTwoKms PASSED.
2019-01-20 19:53:34 INFO  LOG:433 - Starting test case :Testcase_placeAdvanceOrder_verifyFareBelowTwoKms_NightCharges
2019-01-20 19:53:34 INFO  LOG:346 - Night Fare for Advance booking is : 30.0
2019-01-20 19:53:34 INFO  LOG:440 - Testcase_placeAdvanceOrder_verifyFareBelowTwoKms_NightCharges PASSED.
2019-01-20 19:53:34 INFO  LOG:433 - Starting test case :Testcase_placeOrder_verifyCurrency
2019-01-20 19:53:34 INFO  LOG:88 - ID is : 244
2019-01-20 19:53:34 INFO  LOG:440 - Testcase_placeOrder_verifyCurrency PASSED.
2019-01-20 19:53:34 INFO  LOG:433 - Starting test case :Testcase_placeOrder_verifyDistancesCount
2019-01-20 19:53:34 INFO  LOG:119 - Length is : 2
2019-01-20 19:53:34 INFO  LOG:440 - Testcase_placeOrder_verifyDistancesCount PASSED.
2019-01-20 19:53:34 INFO  LOG:433 - Starting test case :Testcase_placeOrder_verifyFareAboveTwoKms
2019-01-20 19:53:35 INFO  LOG:187 - Additional Fare is : 50.6
2019-01-20 19:53:35 INFO  LOG:440 - Testcase_placeOrder_verifyFareAboveTwoKms PASSED.
2019-01-20 19:53:35 INFO  LOG:433 - Starting test case :Testcase_placeOrder_verifyFareBelowTwoKms
2019-01-20 19:53:35 INFO  LOG:151 - Fare is : 20.0
2019-01-20 19:53:35 INFO  LOG:440 - Testcase_placeOrder_verifyFareBelowTwoKms PASSED.
2019-01-20 19:53:35 INFO  LOG:433 - Starting test case :Testcase_placeOrder_verifyID
2019-01-20 19:53:35 INFO  LOG:56 - ID is : 248
2019-01-20 19:53:35 INFO  LOG:440 - Testcase_placeOrder_verifyID PASSED.
2019-01-20 19:53:35 INFO  LOG:433 - Starting test case :Testcase_placeOrder_verifySingleStopValue
2019-01-20 19:53:35 ERROR LOG:53 - Exception occured : JSONObject["id"] not found.
2019-01-20 19:53:35 INFO  LOG:418 - Message for incorrect stops is : error in field(s): stops
2019-01-20 19:53:35 INFO  LOG:440 - Testcase_placeOrder_verifySingleStopValue PASSED.
2019-01-20 19:53:35 INFO  LOG:270 - Starting test case :TestCase_Fetch_Order_VerifyDrivingDistances_ValidID
2019-01-20 19:53:35 INFO  LOG:214 - Length is : 2
2019-01-20 19:53:35 INFO  LOG:277 - TestCase_Fetch_Order_VerifyDrivingDistances_ValidID PASSED.
2019-01-20 19:53:35 INFO  LOG:270 - Starting test case :TestCase_Fetch_Order_VerifyErrorMessage_InvalidID
2019-01-20 19:53:35 INFO  LOG:147 - Error MessageORDER_NOT_FOUND
2019-01-20 19:53:35 INFO  LOG:277 - TestCase_Fetch_Order_VerifyErrorMessage_InvalidID PASSED.
2019-01-20 19:53:35 INFO  LOG:270 - Starting test case :TestCase_Fetch_Order_VerifyFareAmount_ValidID
2019-01-20 19:53:36 INFO  LOG:257 - Fare is : 312.05
2019-01-20 19:53:36 INFO  LOG:277 - TestCase_Fetch_Order_VerifyFareAmount_ValidID PASSED.
2019-01-20 19:53:36 INFO  LOG:270 - Starting test case :TestCase_Fetch_Order_VerifyOrderStatusForPlacedOrder
2019-01-20 19:53:36 INFO  LOG:81 - Valid Status ASSIGNING
2019-01-20 19:53:36 INFO  LOG:277 - TestCase_Fetch_Order_VerifyOrderStatusForPlacedOrder PASSED.
2019-01-20 19:53:36 INFO  LOG:270 - Starting test case :TestCase_Fetch_Order_VerifyStatusCode_InvalidID
2019-01-20 19:53:36 INFO  LOG:114 - InValid Status Code404
2019-01-20 19:53:36 INFO  LOG:277 - TestCase_Fetch_Order_VerifyStatusCode_InvalidID PASSED.
2019-01-20 19:53:36 INFO  LOG:270 - Starting test case :TestCase_Fetch_Order_VerifyStatusCode_ValidID
2019-01-20 19:53:36 INFO  LOG:48 - Valid Status Code200
2019-01-20 19:53:36 INFO  LOG:277 - TestCase_Fetch_Order_VerifyStatusCode_ValidID PASSED.
2019-01-20 19:53:36 INFO  LOG:270 - Starting test case :TestCase_Fetch_Order_VerifyStopsCounts_ValidID
2019-01-20 19:53:37 INFO  LOG:180 - Length is : 3
2019-01-20 19:53:37 INFO  LOG:277 - TestCase_Fetch_Order_VerifyStopsCounts_ValidID PASSED.
2019-01-20 19:53:37 INFO  LOG:181 - Starting test case :TestCase_Take_Order_VerifyErrorMessage_InvalidID
2019-01-20 19:53:37 INFO  LOG:169 - Error MessageORDER_NOT_FOUND
2019-01-20 19:53:37 INFO  LOG:188 - TestCase_Take_Order_VerifyErrorMessage_InvalidID PASSED.
2019-01-20 19:53:37 INFO  LOG:181 - Starting test case :TestCase_Take_Order_VerifyOrderStatus_ValidID
2019-01-20 19:53:37 INFO  LOG:73 - Valid Status ONGOING
2019-01-20 19:53:37 INFO  LOG:188 - TestCase_Take_Order_VerifyOrderStatus_ValidID PASSED.
2019-01-20 19:53:37 INFO  LOG:181 - Starting test case :TestCase_Take_Order_VerifyStatusCode_InvalidFlow
2019-01-20 19:53:37 INFO  LOG:135 - InValid Status Code for Incorrect flow of Take Order422
2019-01-20 19:53:37 INFO  LOG:188 - TestCase_Take_Order_VerifyStatusCode_InvalidFlow PASSED.
2019-01-20 19:53:37 INFO  LOG:181 - Starting test case :TestCase_Take_Order_VerifyStatusCode_InvalidID
2019-01-20 19:53:37 INFO  LOG:103 - InValid Status Code for Take Order404
2019-01-20 19:53:37 INFO  LOG:188 - TestCase_Take_Order_VerifyStatusCode_InvalidID PASSED.
2019-01-20 19:53:37 INFO  LOG:181 - Starting test case :TestCase_Take_Order_VerifyStatusCode_ValidID
2019-01-20 19:53:38 INFO  LOG:41 - Valid Status Code for Take Order 200
2019-01-20 19:53:38 INFO  LOG:188 - TestCase_Take_Order_VerifyStatusCode_ValidID PASSED.
2019-01-20 19:53:38 INFO  LOG:239 - Starting test case :TestCase_Complete_Order_VerifyErrorMessage_InvalidID
2019-01-20 19:53:38 INFO  LOG:227 - Error MessageORDER_NOT_FOUND
2019-01-20 19:53:38 INFO  LOG:246 - TestCase_Complete_Order_VerifyErrorMessage_InvalidID PASSED.
2019-01-20 19:53:38 INFO  LOG:239 - Starting test case :TestCase_Complete_Order_VerifyOrderStatus_InvalidFlow_AssignedToComplete
2019-01-20 19:53:38 INFO  LOG:189 - Error Message Order status is not ONGOING
2019-01-20 19:53:38 INFO  LOG:246 - TestCase_Complete_Order_VerifyOrderStatus_InvalidFlow_AssignedToComplete PASSED.
2019-01-20 19:53:38 INFO  LOG:239 - Starting test case :TestCase_Complete_Order_VerifyOrderStatus_ValidID
2019-01-20 19:53:38 INFO  LOG:155 - Valid Status COMPLETED
2019-01-20 19:53:38 INFO  LOG:246 - TestCase_Complete_Order_VerifyOrderStatus_ValidID PASSED.
2019-01-20 19:53:38 INFO  LOG:239 - Starting test case :TestCase_Complete_Order_VerifyStatusCode_InvalidFlow
2019-01-20 19:53:39 INFO  LOG:118 - InValid Status Code for Incorrect flow of Complete Order422
2019-01-20 19:53:39 INFO  LOG:246 - TestCase_Complete_Order_VerifyStatusCode_InvalidFlow PASSED.
2019-01-20 19:53:39 INFO  LOG:239 - Starting test case :TestCase_Complete_Order_VerifyStatusCode_InvalidID
2019-01-20 19:53:39 INFO  LOG:82 - InValid Status Code for Complete Order404
2019-01-20 19:53:39 INFO  LOG:246 - TestCase_Complete_Order_VerifyStatusCode_InvalidID PASSED.
2019-01-20 19:53:39 INFO  LOG:239 - Starting test case :TestCase_Complete_Order_VerifyStatusCode_ValidID
2019-01-20 19:53:40 INFO  LOG:47 - Valid Status Code for Complete Order200
2019-01-20 19:53:40 INFO  LOG:246 - TestCase_Complete_Order_VerifyStatusCode_ValidID PASSED.
2019-01-20 19:53:40 INFO  LOG:266 - Starting test case :TestCase_Cancel_Order_VerifyErrorMessage_InvalidID
2019-01-20 19:53:40 INFO  LOG:254 - Error MessageORDER_NOT_FOUND
2019-01-20 19:53:40 INFO  LOG:273 - TestCase_Cancel_Order_VerifyErrorMessage_InvalidID PASSED.
2019-01-20 19:53:40 INFO  LOG:266 - Starting test case :TestCase_Cancel_Order_VerifyOrderstatus_ValidID_AfterPlaceOrder
2019-01-20 19:53:40 INFO  LOG:77 - Valid Status CANCELLED
2019-01-20 19:53:40 INFO  LOG:273 - TestCase_Cancel_Order_VerifyOrderstatus_ValidID_AfterPlaceOrder PASSED.
2019-01-20 19:53:40 INFO  LOG:266 - Starting test case :TestCase_Cancel_Order_VerifyOrderstatus_ValidID_AfterTakeOrder
2019-01-20 19:53:40 INFO  LOG:114 - Valid Status CANCELLED
2019-01-20 19:53:40 INFO  LOG:273 - TestCase_Cancel_Order_VerifyOrderstatus_ValidID_AfterTakeOrder PASSED.
2019-01-20 19:53:40 INFO  LOG:266 - Starting test case :TestCase_Cancel_Order_VerifyStatusCode_InvalidID
2019-01-20 19:53:41 INFO  LOG:181 - InValid Status Code for Cancel Order404
2019-01-20 19:53:41 INFO  LOG:273 - TestCase_Cancel_Order_VerifyStatusCode_InvalidID PASSED.
2019-01-20 19:53:41 INFO  LOG:266 - Starting test case :TestCase_Cancel_Order_VerifyStatusCode_ValidID_AfterPlaceOrder
2019-01-20 19:53:41 INFO  LOG:43 - Valid Status Code for Cancel Order200
2019-01-20 19:53:41 INFO  LOG:273 - TestCase_Cancel_Order_VerifyStatusCode_ValidID_AfterPlaceOrder PASSED.
2019-01-20 19:53:41 INFO  LOG:266 - Starting test case :TestCase_Cancel_Order_VerifyStatusCode_ValidID_AfterTakeOrder
2019-01-20 19:53:41 INFO  LOG:149 - Valid Status Code for Cancel Order200
2019-01-20 19:53:41 INFO  LOG:273 - TestCase_Cancel_Order_VerifyStatusCode_ValidID_AfterTakeOrder PASSED.
2019-01-20 19:53:41 INFO  LOG:266 - Starting test case :TestCase_cancel_Order_VerifyStatusCode_InvalidFlow
2019-01-20 19:53:41 INFO  LOG:220 - InValid Status Code for Incorrect flow of Cancel Order422
2019-01-20 19:53:41 INFO  LOG:273 - TestCase_cancel_Order_VerifyStatusCode_InvalidFlow PASSED.
2019-01-21 11:47:19 INFO  LOG:433 - Starting test case :Testcase_placeAdvanceOrder_VerifyId
2019-01-21 11:47:21 INFO  LOG:214 - Advance ID is : 449
2019-01-21 11:47:21 INFO  LOG:440 - Testcase_placeAdvanceOrder_VerifyId PASSED.
2019-01-21 11:47:21 INFO  LOG:433 - Starting test case :Testcase_placeAdvanceOrder_verifyDistancesCount
2019-01-21 11:47:22 INFO  LOG:243 - Length for Advance order is : 2
2019-01-21 11:47:22 INFO  LOG:440 - Testcase_placeAdvanceOrder_verifyDistancesCount PASSED.
2019-01-21 11:47:22 INFO  LOG:433 - Starting test case :Testcase_placeAdvanceOrder_verifyFareAboveTwoKms
2019-01-21 11:47:24 INFO  LOG:313 - Additional Fare for Advance booking is : 50.6
2019-01-21 11:47:24 INFO  LOG:440 - Testcase_placeAdvanceOrder_verifyFareAboveTwoKms PASSED.
2019-01-21 11:47:24 INFO  LOG:433 - Starting test case :Testcase_placeAdvanceOrder_verifyFareAboveTwoKms_NightCharges
2019-01-21 11:47:25 INFO  LOG:382 - Additional  Night Fare for Advance booking is : 50.6
2019-01-21 11:47:25 INFO  LOG:440 - Testcase_placeAdvanceOrder_verifyFareAboveTwoKms_NightCharges PASSED.
2019-01-21 11:47:25 INFO  LOG:433 - Starting test case :Testcase_placeAdvanceOrder_verifyFareBelowTwoKms
2019-01-21 11:47:26 INFO  LOG:274 - Fare for Advance booking is : 20.0
2019-01-21 11:47:26 INFO  LOG:440 - Testcase_placeAdvanceOrder_verifyFareBelowTwoKms PASSED.
2019-01-21 11:47:26 INFO  LOG:433 - Starting test case :Testcase_placeAdvanceOrder_verifyFareBelowTwoKms_NightCharges
2019-01-21 11:47:27 ERROR LOG:53 - Exception occured : JSONObject["id"] not found.
2019-01-21 11:47:27 INFO  LOG:442 - Testcase_placeAdvanceOrder_verifyFareBelowTwoKms_NightCharges FAILED
2019-01-21 11:47:27 INFO  LOG:433 - Starting test case :Testcase_placeOrder_verifyCurrency
2019-01-21 11:47:28 INFO  LOG:88 - ID is : 454
2019-01-21 11:47:28 INFO  LOG:440 - Testcase_placeOrder_verifyCurrency PASSED.
2019-01-21 11:47:28 INFO  LOG:433 - Starting test case :Testcase_placeOrder_verifyDistancesCount
2019-01-21 11:47:29 INFO  LOG:119 - Length is : 2
2019-01-21 11:47:30 INFO  LOG:440 - Testcase_placeOrder_verifyDistancesCount PASSED.
2019-01-21 11:47:30 INFO  LOG:433 - Starting test case :Testcase_placeOrder_verifyFareAboveTwoKms
2019-01-21 11:47:31 INFO  LOG:187 - Additional Fare is : 50.6
2019-01-21 11:47:31 INFO  LOG:440 - Testcase_placeOrder_verifyFareAboveTwoKms PASSED.
2019-01-21 11:47:31 INFO  LOG:433 - Starting test case :Testcase_placeOrder_verifyFareBelowTwoKms
2019-01-21 11:47:32 INFO  LOG:151 - Fare is : 20.0
2019-01-21 11:47:32 INFO  LOG:440 - Testcase_placeOrder_verifyFareBelowTwoKms PASSED.
2019-01-21 11:47:32 INFO  LOG:433 - Starting test case :Testcase_placeOrder_verifyID
2019-01-21 11:47:33 INFO  LOG:56 - ID is : 458
2019-01-21 11:47:33 INFO  LOG:440 - Testcase_placeOrder_verifyID PASSED.
2019-01-21 11:47:33 INFO  LOG:433 - Starting test case :Testcase_placeOrder_verifySingleStopValue
2019-01-21 11:47:34 ERROR LOG:53 - Exception occured : JSONObject["id"] not found.
2019-01-21 11:47:34 INFO  LOG:418 - Message for incorrect stops is : error in field(s): stops
2019-01-21 11:47:34 INFO  LOG:440 - Testcase_placeOrder_verifySingleStopValue PASSED.
2019-01-21 11:47:34 INFO  LOG:270 - Starting test case :TestCase_Fetch_Order_VerifyDrivingDistances_ValidID
2019-01-21 11:47:37 INFO  LOG:214 - Length is : 2
2019-01-21 11:47:37 INFO  LOG:277 - TestCase_Fetch_Order_VerifyDrivingDistances_ValidID PASSED.
2019-01-21 11:47:37 INFO  LOG:270 - Starting test case :TestCase_Fetch_Order_VerifyErrorMessage_InvalidID
2019-01-21 11:47:39 INFO  LOG:147 - Error MessageORDER_NOT_FOUND
2019-01-21 11:47:39 INFO  LOG:277 - TestCase_Fetch_Order_VerifyErrorMessage_InvalidID PASSED.
2019-01-21 11:47:39 INFO  LOG:270 - Starting test case :TestCase_Fetch_Order_VerifyFareAmount_ValidID
2019-01-21 11:47:41 INFO  LOG:257 - Fare is : 312.05
2019-01-21 11:47:41 INFO  LOG:277 - TestCase_Fetch_Order_VerifyFareAmount_ValidID PASSED.
2019-01-21 11:47:41 INFO  LOG:270 - Starting test case :TestCase_Fetch_Order_VerifyOrderStatusForPlacedOrder
2019-01-21 11:47:43 INFO  LOG:81 - Valid Status ASSIGNING
2019-01-21 11:47:43 INFO  LOG:277 - TestCase_Fetch_Order_VerifyOrderStatusForPlacedOrder PASSED.
2019-01-21 11:47:43 INFO  LOG:270 - Starting test case :TestCase_Fetch_Order_VerifyStatusCode_InvalidID
2019-01-21 11:47:46 INFO  LOG:114 - InValid Status Code404
2019-01-21 11:47:46 INFO  LOG:277 - TestCase_Fetch_Order_VerifyStatusCode_InvalidID PASSED.
2019-01-21 11:47:46 INFO  LOG:270 - Starting test case :TestCase_Fetch_Order_VerifyStatusCode_ValidID
2019-01-21 11:47:48 INFO  LOG:48 - Valid Status Code200
2019-01-21 11:47:48 INFO  LOG:277 - TestCase_Fetch_Order_VerifyStatusCode_ValidID PASSED.
2019-01-21 11:47:48 INFO  LOG:270 - Starting test case :TestCase_Fetch_Order_VerifyStopsCounts_ValidID
2019-01-21 11:47:50 INFO  LOG:180 - Length is : 3
2019-01-21 11:47:50 INFO  LOG:277 - TestCase_Fetch_Order_VerifyStopsCounts_ValidID PASSED.
2019-01-21 11:47:50 INFO  LOG:181 - Starting test case :TestCase_Take_Order_VerifyErrorMessage_InvalidID
2019-01-21 11:47:53 INFO  LOG:169 - Error MessageORDER_NOT_FOUND
2019-01-21 11:47:53 INFO  LOG:188 - TestCase_Take_Order_VerifyErrorMessage_InvalidID PASSED.
2019-01-21 11:47:53 INFO  LOG:181 - Starting test case :TestCase_Take_Order_VerifyOrderStatus_ValidID
2019-01-21 11:47:55 INFO  LOG:73 - Valid Status ONGOING
2019-01-21 11:47:55 INFO  LOG:188 - TestCase_Take_Order_VerifyOrderStatus_ValidID PASSED.
2019-01-21 11:47:55 INFO  LOG:181 - Starting test case :TestCase_Take_Order_VerifyStatusCode_InvalidFlow
2019-01-21 11:47:58 INFO  LOG:135 - InValid Status Code for Incorrect flow of Take Order422
2019-01-21 11:47:58 INFO  LOG:188 - TestCase_Take_Order_VerifyStatusCode_InvalidFlow PASSED.
2019-01-21 11:47:58 INFO  LOG:181 - Starting test case :TestCase_Take_Order_VerifyStatusCode_InvalidID
2019-01-21 11:48:01 INFO  LOG:103 - InValid Status Code for Take Order404
2019-01-21 11:48:01 INFO  LOG:188 - TestCase_Take_Order_VerifyStatusCode_InvalidID PASSED.
2019-01-21 11:48:01 INFO  LOG:181 - Starting test case :TestCase_Take_Order_VerifyStatusCode_ValidID
2019-01-21 11:48:03 INFO  LOG:41 - Valid Status Code for Take Order 200
2019-01-21 11:48:03 INFO  LOG:188 - TestCase_Take_Order_VerifyStatusCode_ValidID PASSED.
2019-01-21 11:48:03 INFO  LOG:239 - Starting test case :TestCase_Complete_Order_VerifyErrorMessage_InvalidID
2019-01-21 11:48:06 INFO  LOG:227 - Error MessageORDER_NOT_FOUND
2019-01-21 11:48:06 INFO  LOG:246 - TestCase_Complete_Order_VerifyErrorMessage_InvalidID PASSED.
2019-01-21 11:48:06 INFO  LOG:239 - Starting test case :TestCase_Complete_Order_VerifyOrderStatus_InvalidFlow_AssignedToComplete
2019-01-21 11:48:08 INFO  LOG:189 - Error Message Order status is not ONGOING
2019-01-21 11:48:08 INFO  LOG:246 - TestCase_Complete_Order_VerifyOrderStatus_InvalidFlow_AssignedToComplete PASSED.
2019-01-21 11:48:08 INFO  LOG:239 - Starting test case :TestCase_Complete_Order_VerifyOrderStatus_ValidID
2019-01-21 11:48:12 INFO  LOG:155 - Valid Status COMPLETED
2019-01-21 11:48:12 INFO  LOG:246 - TestCase_Complete_Order_VerifyOrderStatus_ValidID PASSED.
2019-01-21 11:48:12 INFO  LOG:239 - Starting test case :TestCase_Complete_Order_VerifyStatusCode_InvalidFlow
2019-01-21 11:48:15 INFO  LOG:118 - InValid Status Code for Incorrect flow of Complete Order422
2019-01-21 11:48:15 INFO  LOG:246 - TestCase_Complete_Order_VerifyStatusCode_InvalidFlow PASSED.
2019-01-21 11:48:15 INFO  LOG:239 - Starting test case :TestCase_Complete_Order_VerifyStatusCode_InvalidID
2019-01-21 11:48:18 INFO  LOG:82 - InValid Status Code for Complete Order404
2019-01-21 11:48:18 INFO  LOG:246 - TestCase_Complete_Order_VerifyStatusCode_InvalidID PASSED.
2019-01-21 11:48:18 INFO  LOG:239 - Starting test case :TestCase_Complete_Order_VerifyStatusCode_ValidID
2019-01-21 11:48:21 INFO  LOG:47 - Valid Status Code for Complete Order200
2019-01-21 11:48:21 INFO  LOG:246 - TestCase_Complete_Order_VerifyStatusCode_ValidID PASSED.
2019-01-21 11:48:21 INFO  LOG:266 - Starting test case :TestCase_Cancel_Order_VerifyErrorMessage_InvalidID
2019-01-21 11:48:24 INFO  LOG:254 - Error MessageORDER_NOT_FOUND
2019-01-21 11:48:24 INFO  LOG:273 - TestCase_Cancel_Order_VerifyErrorMessage_InvalidID PASSED.
2019-01-21 11:48:24 INFO  LOG:266 - Starting test case :TestCase_Cancel_Order_VerifyOrderstatus_ValidID_AfterPlaceOrder
2019-01-21 11:48:26 INFO  LOG:77 - Valid Status CANCELLED
2019-01-21 11:48:26 INFO  LOG:273 - TestCase_Cancel_Order_VerifyOrderstatus_ValidID_AfterPlaceOrder PASSED.
2019-01-21 11:48:26 INFO  LOG:266 - Starting test case :TestCase_Cancel_Order_VerifyOrderstatus_ValidID_AfterTakeOrder
2019-01-21 11:48:29 INFO  LOG:114 - Valid Status CANCELLED
2019-01-21 11:48:29 INFO  LOG:273 - TestCase_Cancel_Order_VerifyOrderstatus_ValidID_AfterTakeOrder PASSED.
2019-01-21 11:48:29 INFO  LOG:266 - Starting test case :TestCase_Cancel_Order_VerifyStatusCode_InvalidID
2019-01-21 11:48:31 INFO  LOG:181 - InValid Status Code for Cancel Order404
2019-01-21 11:48:31 INFO  LOG:273 - TestCase_Cancel_Order_VerifyStatusCode_InvalidID PASSED.
2019-01-21 11:48:31 INFO  LOG:266 - Starting test case :TestCase_Cancel_Order_VerifyStatusCode_ValidID_AfterPlaceOrder
2019-01-21 11:48:34 INFO  LOG:43 - Valid Status Code for Cancel Order200
2019-01-21 11:48:34 INFO  LOG:273 - TestCase_Cancel_Order_VerifyStatusCode_ValidID_AfterPlaceOrder PASSED.
2019-01-21 11:48:34 INFO  LOG:266 - Starting test case :TestCase_Cancel_Order_VerifyStatusCode_ValidID_AfterTakeOrder
2019-01-21 11:48:37 INFO  LOG:149 - Valid Status Code for Cancel Order200
2019-01-21 11:48:37 INFO  LOG:273 - TestCase_Cancel_Order_VerifyStatusCode_ValidID_AfterTakeOrder PASSED.
2019-01-21 11:48:37 INFO  LOG:266 - Starting test case :TestCase_cancel_Order_VerifyStatusCode_InvalidFlow
2019-01-21 11:48:41 INFO  LOG:220 - InValid Status Code for Incorrect flow of Cancel Order422
2019-01-21 11:48:41 INFO  LOG:273 - TestCase_cancel_Order_VerifyStatusCode_InvalidFlow PASSED.
2019-01-21 11:52:36 INFO  LOG:434 - Starting test case :Testcase_placeAdvanceOrder_VerifyId
2019-01-21 11:52:39 INFO  LOG:215 - Advance ID is : 484
2019-01-21 11:52:39 INFO  LOG:441 - Testcase_placeAdvanceOrder_VerifyId PASSED.
2019-01-21 11:52:39 INFO  LOG:434 - Starting test case :Testcase_placeAdvanceOrder_verifyDistancesCount
2019-01-21 11:52:40 INFO  LOG:244 - Length for Advance order is : 2
2019-01-21 11:52:40 INFO  LOG:441 - Testcase_placeAdvanceOrder_verifyDistancesCount PASSED.
2019-01-21 11:52:40 INFO  LOG:434 - Starting test case :Testcase_placeAdvanceOrder_verifyFareAboveTwoKms
2019-01-21 11:52:41 INFO  LOG:314 - Additional Fare for Advance booking is : 50.6
2019-01-21 11:52:41 INFO  LOG:441 - Testcase_placeAdvanceOrder_verifyFareAboveTwoKms PASSED.
2019-01-21 11:52:41 INFO  LOG:434 - Starting test case :Testcase_placeAdvanceOrder_verifyFareAboveTwoKms_NightCharges
2019-01-21 11:52:43 INFO  LOG:383 - Additional  Night Fare for Advance booking is : 50.6
2019-01-21 11:52:43 INFO  LOG:441 - Testcase_placeAdvanceOrder_verifyFareAboveTwoKms_NightCharges PASSED.
2019-01-21 11:52:43 INFO  LOG:434 - Starting test case :Testcase_placeAdvanceOrder_verifyFareBelowTwoKms
2019-01-21 11:52:44 INFO  LOG:275 - Fare for Advance booking is : 20.0
2019-01-21 11:52:44 INFO  LOG:441 - Testcase_placeAdvanceOrder_verifyFareBelowTwoKms PASSED.
2019-01-21 11:52:44 INFO  LOG:434 - Starting test case :Testcase_placeAdvanceOrder_verifyFareBelowTwoKms_NightCharges
2019-01-21 11:52:45 INFO  LOG:347 - Night Fare for Advance booking is : 30.0
2019-01-21 11:52:45 INFO  LOG:441 - Testcase_placeAdvanceOrder_verifyFareBelowTwoKms_NightCharges PASSED.
2019-01-21 11:52:45 INFO  LOG:434 - Starting test case :Testcase_placeOrder_verifyCurrency
2019-01-21 11:52:46 INFO  LOG:88 - ID is : 490
2019-01-21 11:52:46 INFO  LOG:441 - Testcase_placeOrder_verifyCurrency PASSED.
2019-01-21 11:52:46 INFO  LOG:434 - Starting test case :Testcase_placeOrder_verifyDistancesCount
2019-01-21 11:52:48 INFO  LOG:119 - Length is : 2
2019-01-21 11:52:48 INFO  LOG:441 - Testcase_placeOrder_verifyDistancesCount PASSED.
2019-01-21 11:52:48 INFO  LOG:434 - Starting test case :Testcase_placeOrder_verifyFareAboveTwoKms
2019-01-21 11:52:49 INFO  LOG:188 - Additional Fare is : 50.6
2019-01-21 11:52:49 INFO  LOG:441 - Testcase_placeOrder_verifyFareAboveTwoKms PASSED.
2019-01-21 11:52:49 INFO  LOG:434 - Starting test case :Testcase_placeOrder_verifyFareBelowTwoKms
2019-01-21 11:52:50 INFO  LOG:152 - Fare is : 20.0
2019-01-21 11:52:50 INFO  LOG:441 - Testcase_placeOrder_verifyFareBelowTwoKms PASSED.
2019-01-21 11:52:50 INFO  LOG:434 - Starting test case :Testcase_placeOrder_verifyID
2019-01-21 11:52:51 INFO  LOG:56 - ID is : 494
2019-01-21 11:52:51 INFO  LOG:441 - Testcase_placeOrder_verifyID PASSED.
2019-01-21 11:52:51 INFO  LOG:434 - Starting test case :Testcase_placeOrder_verifySingleStopValue
2019-01-21 11:52:53 ERROR LOG:53 - Exception occured : JSONObject["id"] not found.
2019-01-21 11:52:53 INFO  LOG:419 - Message for incorrect stops is : error in field(s): stops
2019-01-21 11:52:53 INFO  LOG:441 - Testcase_placeOrder_verifySingleStopValue PASSED.
2019-01-21 11:52:53 INFO  LOG:270 - Starting test case :TestCase_Fetch_Order_VerifyDrivingDistances_ValidID
2019-01-21 11:52:55 INFO  LOG:214 - Length is : 2
2019-01-21 11:52:55 INFO  LOG:277 - TestCase_Fetch_Order_VerifyDrivingDistances_ValidID PASSED.
2019-01-21 11:52:55 INFO  LOG:270 - Starting test case :TestCase_Fetch_Order_VerifyErrorMessage_InvalidID
2019-01-21 11:52:57 INFO  LOG:147 - Error MessageORDER_NOT_FOUND
2019-01-21 11:52:57 INFO  LOG:277 - TestCase_Fetch_Order_VerifyErrorMessage_InvalidID PASSED.
2019-01-21 11:52:57 INFO  LOG:270 - Starting test case :TestCase_Fetch_Order_VerifyFareAmount_ValidID
2019-01-21 11:53:00 INFO  LOG:257 - Fare is : 312.05
2019-01-21 11:53:00 INFO  LOG:277 - TestCase_Fetch_Order_VerifyFareAmount_ValidID PASSED.
2019-01-21 11:53:00 INFO  LOG:270 - Starting test case :TestCase_Fetch_Order_VerifyOrderStatusForPlacedOrder
2019-01-21 11:53:02 INFO  LOG:81 - Valid Status ASSIGNING
2019-01-21 11:53:02 INFO  LOG:277 - TestCase_Fetch_Order_VerifyOrderStatusForPlacedOrder PASSED.
2019-01-21 11:53:02 INFO  LOG:270 - Starting test case :TestCase_Fetch_Order_VerifyStatusCode_InvalidID
2019-01-21 11:53:04 INFO  LOG:114 - InValid Status Code404
2019-01-21 11:53:04 INFO  LOG:277 - TestCase_Fetch_Order_VerifyStatusCode_InvalidID PASSED.
2019-01-21 11:53:04 INFO  LOG:270 - Starting test case :TestCase_Fetch_Order_VerifyStatusCode_ValidID
2019-01-21 11:53:06 INFO  LOG:48 - Valid Status Code200
2019-01-21 11:53:06 INFO  LOG:277 - TestCase_Fetch_Order_VerifyStatusCode_ValidID PASSED.
2019-01-21 11:53:06 INFO  LOG:270 - Starting test case :TestCase_Fetch_Order_VerifyStopsCounts_ValidID
2019-01-21 11:53:09 INFO  LOG:180 - Length is : 3
2019-01-21 11:53:09 INFO  LOG:277 - TestCase_Fetch_Order_VerifyStopsCounts_ValidID PASSED.
2019-01-21 11:53:09 INFO  LOG:181 - Starting test case :TestCase_Take_Order_VerifyErrorMessage_InvalidID
2019-01-21 11:53:11 INFO  LOG:169 - Error MessageORDER_NOT_FOUND
2019-01-21 11:53:11 INFO  LOG:188 - TestCase_Take_Order_VerifyErrorMessage_InvalidID PASSED.
2019-01-21 11:53:11 INFO  LOG:181 - Starting test case :TestCase_Take_Order_VerifyOrderStatus_ValidID
2019-01-21 11:53:13 INFO  LOG:73 - Valid Status ONGOING
2019-01-21 11:53:13 INFO  LOG:188 - TestCase_Take_Order_VerifyOrderStatus_ValidID PASSED.
2019-01-21 11:53:13 INFO  LOG:181 - Starting test case :TestCase_Take_Order_VerifyStatusCode_InvalidFlow
2019-01-21 11:53:17 INFO  LOG:135 - InValid Status Code for Incorrect flow of Take Order422
2019-01-21 11:53:17 INFO  LOG:188 - TestCase_Take_Order_VerifyStatusCode_InvalidFlow PASSED.
2019-01-21 11:53:17 INFO  LOG:181 - Starting test case :TestCase_Take_Order_VerifyStatusCode_InvalidID
2019-01-21 11:53:19 INFO  LOG:103 - InValid Status Code for Take Order404
2019-01-21 11:53:19 INFO  LOG:188 - TestCase_Take_Order_VerifyStatusCode_InvalidID PASSED.
2019-01-21 11:53:19 INFO  LOG:181 - Starting test case :TestCase_Take_Order_VerifyStatusCode_ValidID
2019-01-21 11:53:21 INFO  LOG:41 - Valid Status Code for Take Order 200
2019-01-21 11:53:21 INFO  LOG:188 - TestCase_Take_Order_VerifyStatusCode_ValidID PASSED.
2019-01-21 11:53:21 INFO  LOG:239 - Starting test case :TestCase_Complete_Order_VerifyErrorMessage_InvalidID
2019-01-21 11:53:24 INFO  LOG:227 - Error MessageORDER_NOT_FOUND
2019-01-21 11:53:24 INFO  LOG:246 - TestCase_Complete_Order_VerifyErrorMessage_InvalidID PASSED.
2019-01-21 11:53:24 INFO  LOG:239 - Starting test case :TestCase_Complete_Order_VerifyOrderStatus_InvalidFlow_AssignedToComplete
2019-01-21 11:53:27 INFO  LOG:189 - Error Message Order status is not ONGOING
2019-01-21 11:53:27 INFO  LOG:246 - TestCase_Complete_Order_VerifyOrderStatus_InvalidFlow_AssignedToComplete PASSED.
2019-01-21 11:53:27 INFO  LOG:239 - Starting test case :TestCase_Complete_Order_VerifyOrderStatus_ValidID
2019-01-21 11:53:30 INFO  LOG:155 - Valid Status COMPLETED
2019-01-21 11:53:30 INFO  LOG:246 - TestCase_Complete_Order_VerifyOrderStatus_ValidID PASSED.
2019-01-21 11:53:30 INFO  LOG:239 - Starting test case :TestCase_Complete_Order_VerifyStatusCode_InvalidFlow
2019-01-21 11:53:33 INFO  LOG:118 - InValid Status Code for Incorrect flow of Complete Order422
2019-01-21 11:53:33 INFO  LOG:246 - TestCase_Complete_Order_VerifyStatusCode_InvalidFlow PASSED.
2019-01-21 11:53:33 INFO  LOG:239 - Starting test case :TestCase_Complete_Order_VerifyStatusCode_InvalidID
2019-01-21 11:53:36 INFO  LOG:82 - InValid Status Code for Complete Order404
2019-01-21 11:53:36 INFO  LOG:246 - TestCase_Complete_Order_VerifyStatusCode_InvalidID PASSED.
2019-01-21 11:53:36 INFO  LOG:239 - Starting test case :TestCase_Complete_Order_VerifyStatusCode_ValidID
2019-01-21 11:53:40 INFO  LOG:47 - Valid Status Code for Complete Order200
2019-01-21 11:53:40 INFO  LOG:246 - TestCase_Complete_Order_VerifyStatusCode_ValidID PASSED.
2019-01-21 11:53:40 INFO  LOG:266 - Starting test case :TestCase_Cancel_Order_VerifyErrorMessage_InvalidID
2019-01-21 11:53:42 INFO  LOG:254 - Error MessageORDER_NOT_FOUND
2019-01-21 11:53:42 INFO  LOG:273 - TestCase_Cancel_Order_VerifyErrorMessage_InvalidID PASSED.
2019-01-21 11:53:42 INFO  LOG:266 - Starting test case :TestCase_Cancel_Order_VerifyOrderstatus_ValidID_AfterPlaceOrder
2019-01-21 11:53:44 INFO  LOG:77 - Valid Status CANCELLED
2019-01-21 11:53:44 INFO  LOG:273 - TestCase_Cancel_Order_VerifyOrderstatus_ValidID_AfterPlaceOrder PASSED.
2019-01-21 11:53:44 INFO  LOG:266 - Starting test case :TestCase_Cancel_Order_VerifyOrderstatus_ValidID_AfterTakeOrder
2019-01-21 11:53:48 INFO  LOG:114 - Valid Status CANCELLED
2019-01-21 11:53:48 INFO  LOG:273 - TestCase_Cancel_Order_VerifyOrderstatus_ValidID_AfterTakeOrder PASSED.
2019-01-21 11:53:48 INFO  LOG:266 - Starting test case :TestCase_Cancel_Order_VerifyStatusCode_InvalidID
2019-01-21 11:53:50 INFO  LOG:181 - InValid Status Code for Cancel Order404
2019-01-21 11:53:50 INFO  LOG:273 - TestCase_Cancel_Order_VerifyStatusCode_InvalidID PASSED.
2019-01-21 11:53:50 INFO  LOG:266 - Starting test case :TestCase_Cancel_Order_VerifyStatusCode_ValidID_AfterPlaceOrder
2019-01-21 11:53:52 INFO  LOG:43 - Valid Status Code for Cancel Order200
2019-01-21 11:53:52 INFO  LOG:273 - TestCase_Cancel_Order_VerifyStatusCode_ValidID_AfterPlaceOrder PASSED.
2019-01-21 11:53:52 INFO  LOG:266 - Starting test case :TestCase_Cancel_Order_VerifyStatusCode_ValidID_AfterTakeOrder
2019-01-21 11:53:56 INFO  LOG:149 - Valid Status Code for Cancel Order200
2019-01-21 11:53:56 INFO  LOG:273 - TestCase_Cancel_Order_VerifyStatusCode_ValidID_AfterTakeOrder PASSED.
2019-01-21 11:53:56 INFO  LOG:266 - Starting test case :TestCase_cancel_Order_VerifyStatusCode_InvalidFlow
2019-01-21 11:54:00 INFO  LOG:220 - InValid Status Code for Incorrect flow of Cancel Order422
2019-01-21 11:54:00 INFO  LOG:273 - TestCase_cancel_Order_VerifyStatusCode_InvalidFlow PASSED.
