<?xml version="1.0" encoding="UTF-8"?>
<!-- Generated by org.testng.reporters.JUnitXMLReporter -->
<testsuite hostname="TanmayJ13401" name="Test" tests="22" failures="0" timestamp="17 Jan 2019 06:08:37 GMT" time="6.336" errors="0">
  <testcase name="Testcase_placeAdvanceOrder_VerifyId" time="1.288" classname="lm.lmSolution.PlaceOrderTests"/>
  <testcase name="Testcase_placeAdvanceOrder_verifyDistancesCount" time="0.22" classname="lm.lmSolution.PlaceOrderTests"/>
  <testcase name="Testcase_placeAdvanceOrder_verifyFareAboveTwoKms" time="0.234" classname="lm.lmSolution.PlaceOrderTests"/>
  <testcase name="Testcase_placeAdvanceOrder_verifyFareAboveTwoKms_NightCharges" time="0.238" classname="lm.lmSolution.PlaceOrderTests"/>
  <testcase name="Testcase_placeAdvanceOrder_verifyFareBelowTwoKms" time="0.167" classname="lm.lmSolution.PlaceOrderTests"/>
  <testcase name="Testcase_placeAdvanceOrder_verifyFareBelowTwoKms_NightCharges" time="0.253" classname="lm.lmSolution.PlaceOrderTests"/>
  <testcase name="Testcase_placeOrder_verifyDistancesCount" time="0.231" classname="lm.lmSolution.PlaceOrderTests"/>
  <testcase name="Testcase_placeOrder_verifyFareAboveTwoKms" time="0.232" classname="lm.lmSolution.PlaceOrderTests"/>
  <testcase name="Testcase_placeOrder_verifyFareBelowTwoKms" time="0.232" classname="lm.lmSolution.PlaceOrderTests"/>
  <testcase name="Testcase_placeOrder_verifyID" time="0.238" classname="lm.lmSolution.PlaceOrderTests"/>
  <testcase name="TestCase_Fetch_Order_VerifyStatusCode_InvalidID" time="0.26" classname="lm.lmSolution.FetchOrderTests"/>
  <testcase name="TestCase_Fetch_Order_VerifyStatusCode_ValidID" time="0.221" classname="lm.lmSolution.FetchOrderTests"/>
  <testcase name="TestCase_Take_Order_VerifyStatusCode_InvalidFlow" time="0.239" classname="lm.lmSolution.DriverTakeOrderTests"/>
  <testcase name="TestCase_Take_Order_VerifyStatusCode_InvalidID" time="0.289" classname="lm.lmSolution.DriverTakeOrderTests"/>
  <testcase name="TestCase_Take_Order_VerifyStatusCode_ValidID" time="0.244" classname="lm.lmSolution.DriverTakeOrderTests"/>
  <testcase name="TestCase_Complete_Order_VerifyStatusCode_ValidID" time="0.206" classname="lm.lmSolution.DriverCompleteOrderTests"/>
  <testcase name="TestCase_VerifyStatusCode_InvalidFlow" time="0.208" classname="lm.lmSolution.DriverCompleteOrderTests"/>
  <testcase name="TestCase_VerifyStatusCode_InvalidID" time="0.218" classname="lm.lmSolution.DriverCompleteOrderTests"/>
  <testcase name="TestCase_Cancel_Order_VerifyStatusCode_InvalidID" time="0.312" classname="lm.lmSolution.CancelOrderTests"/>
  <testcase name="TestCase_Cancel_Order_VerifyStatusCode_ValidID_AfterPlaceOrder" time="0.248" classname="lm.lmSolution.CancelOrderTests"/>
  <testcase name="TestCase_Cancel_Order_VerifyStatusCode_ValidID_AfterTakeOrder" time="0.248" classname="lm.lmSolution.CancelOrderTests"/>
  <testcase name="TestCase_cancel_Order_VerifyStatusCode_InvalidFlow" time="0.263" classname="lm.lmSolution.CancelOrderTests"/>
</testsuite> <!-- Test -->
